running develop
Removing /home/arms/X4M300_ws/install/novelda_x4m300/lib/python3.10/site-packages/novelda-x4m300.egg-link (link to .)
running egg_info
writing ../../build/novelda_x4m300/novelda_x4m300.egg-info/PKG-INFO
writing dependency_links to ../../build/novelda_x4m300/novelda_x4m300.egg-info/dependency_links.txt
writing entry points to ../../build/novelda_x4m300/novelda_x4m300.egg-info/entry_points.txt
writing requirements to ../../build/novelda_x4m300/novelda_x4m300.egg-info/requires.txt
writing top-level names to ../../build/novelda_x4m300/novelda_x4m300.egg-info/top_level.txt
reading manifest file '../../build/novelda_x4m300/novelda_x4m300.egg-info/SOURCES.txt'
writing manifest file '../../build/novelda_x4m300/novelda_x4m300.egg-info/SOURCES.txt'
running build
running build_py
creating /home/arms/X4M300_ws/build/novelda_x4m300/build
creating /home/arms/X4M300_ws/build/novelda_x4m300/build/lib
creating /home/arms/X4M300_ws/build/novelda_x4m300/build/lib/novelda_x4m300
copying novelda_x4m300/__init__.py -> /home/arms/X4M300_ws/build/novelda_x4m300/build/lib/novelda_x4m300
creating /home/arms/X4M300_ws/build/novelda_x4m300/build/lib/novelda_x4m300/scripts
copying novelda_x4m300/scripts/plotUWB.py -> /home/arms/X4M300_ws/build/novelda_x4m300/build/lib/novelda_x4m300/scripts
copying novelda_x4m300/scripts/__init__.py -> /home/arms/X4M300_ws/build/novelda_x4m300/build/lib/novelda_x4m300/scripts
copying novelda_x4m300/scripts/publisher.py -> /home/arms/X4M300_ws/build/novelda_x4m300/build/lib/novelda_x4m300/scripts
copying novelda_x4m300/scripts/readUWB.py -> /home/arms/X4M300_ws/build/novelda_x4m300/build/lib/novelda_x4m300/scripts
creating /home/arms/X4M300_ws/build/novelda_x4m300/build/lib/novelda_x4m300/scripts/python35
copying novelda_x4m300/scripts/python35/__init__.py -> /home/arms/X4M300_ws/build/novelda_x4m300/build/lib/novelda_x4m300/scripts/python35
copying novelda_x4m300/scripts/python35/setup.py -> /home/arms/X4M300_ws/build/novelda_x4m300/build/lib/novelda_x4m300/scripts/python35
creating /home/arms/X4M300_ws/build/novelda_x4m300/build/lib/novelda_x4m300/scripts/python35/pymoduleconnector
copying novelda_x4m300/scripts/python35/pymoduleconnector/version.py -> /home/arms/X4M300_ws/build/novelda_x4m300/build/lib/novelda_x4m300/scripts/python35/pymoduleconnector
copying novelda_x4m300/scripts/python35/pymoduleconnector/moduleconnector.py -> /home/arms/X4M300_ws/build/novelda_x4m300/build/lib/novelda_x4m300/scripts/python35/pymoduleconnector
copying novelda_x4m300/scripts/python35/pymoduleconnector/__init__.py -> /home/arms/X4M300_ws/build/novelda_x4m300/build/lib/novelda_x4m300/scripts/python35/pymoduleconnector
copying novelda_x4m300/scripts/python35/pymoduleconnector/ids.py -> /home/arms/X4M300_ws/build/novelda_x4m300/build/lib/novelda_x4m300/scripts/python35/pymoduleconnector
copying novelda_x4m300/scripts/python35/pymoduleconnector/rawreadings.py -> /home/arms/X4M300_ws/build/novelda_x4m300/build/lib/novelda_x4m300/scripts/python35/pymoduleconnector
creating /home/arms/X4M300_ws/build/novelda_x4m300/build/lib/novelda_x4m300/scripts/python35/pymoduleconnector/moduleconnectorwrapper
copying novelda_x4m300/scripts/python35/pymoduleconnector/moduleconnectorwrapper/__init__.py -> /home/arms/X4M300_ws/build/novelda_x4m300/build/lib/novelda_x4m300/scripts/python35/pymoduleconnector/moduleconnectorwrapper
creating /home/arms/X4M300_ws/build/novelda_x4m300/build/lib/novelda_x4m300/scripts/python35/pymoduleconnector/doc
copying novelda_x4m300/scripts/python35/pymoduleconnector/doc/__init__.py -> /home/arms/X4M300_ws/build/novelda_x4m300/build/lib/novelda_x4m300/scripts/python35/pymoduleconnector/doc
running install
running install_lib
copying /home/arms/X4M300_ws/build/novelda_x4m300/build/lib/novelda_x4m300/__init__.py -> /home/arms/X4M300_ws/install/novelda_x4m300/lib/python3.10/site-packages/novelda_x4m300
copying /home/arms/X4M300_ws/build/novelda_x4m300/build/lib/novelda_x4m300/scripts/plotUWB.py -> /home/arms/X4M300_ws/install/novelda_x4m300/lib/python3.10/site-packages/novelda_x4m300/scripts
copying /home/arms/X4M300_ws/build/novelda_x4m300/build/lib/novelda_x4m300/scripts/__init__.py -> /home/arms/X4M300_ws/install/novelda_x4m300/lib/python3.10/site-packages/novelda_x4m300/scripts
copying /home/arms/X4M300_ws/build/novelda_x4m300/build/lib/novelda_x4m300/scripts/publisher.py -> /home/arms/X4M300_ws/install/novelda_x4m300/lib/python3.10/site-packages/novelda_x4m300/scripts
copying /home/arms/X4M300_ws/build/novelda_x4m300/build/lib/novelda_x4m300/scripts/python35/__init__.py -> /home/arms/X4M300_ws/install/novelda_x4m300/lib/python3.10/site-packages/novelda_x4m300/scripts/python35
copying /home/arms/X4M300_ws/build/novelda_x4m300/build/lib/novelda_x4m300/scripts/python35/setup.py -> /home/arms/X4M300_ws/install/novelda_x4m300/lib/python3.10/site-packages/novelda_x4m300/scripts/python35
copying /home/arms/X4M300_ws/build/novelda_x4m300/build/lib/novelda_x4m300/scripts/python35/pymoduleconnector/version.py -> /home/arms/X4M300_ws/install/novelda_x4m300/lib/python3.10/site-packages/novelda_x4m300/scripts/python35/pymoduleconnector
copying /home/arms/X4M300_ws/build/novelda_x4m300/build/lib/novelda_x4m300/scripts/python35/pymoduleconnector/moduleconnector.py -> /home/arms/X4M300_ws/install/novelda_x4m300/lib/python3.10/site-packages/novelda_x4m300/scripts/python35/pymoduleconnector
copying /home/arms/X4M300_ws/build/novelda_x4m300/build/lib/novelda_x4m300/scripts/python35/pymoduleconnector/__init__.py -> /home/arms/X4M300_ws/install/novelda_x4m300/lib/python3.10/site-packages/novelda_x4m300/scripts/python35/pymoduleconnector
copying /home/arms/X4M300_ws/build/novelda_x4m300/build/lib/novelda_x4m300/scripts/python35/pymoduleconnector/moduleconnectorwrapper/__init__.py -> /home/arms/X4M300_ws/install/novelda_x4m300/lib/python3.10/site-packages/novelda_x4m300/scripts/python35/pymoduleconnector/moduleconnectorwrapper
copying /home/arms/X4M300_ws/build/novelda_x4m300/build/lib/novelda_x4m300/scripts/python35/pymoduleconnector/ids.py -> /home/arms/X4M300_ws/install/novelda_x4m300/lib/python3.10/site-packages/novelda_x4m300/scripts/python35/pymoduleconnector
copying /home/arms/X4M300_ws/build/novelda_x4m300/build/lib/novelda_x4m300/scripts/python35/pymoduleconnector/rawreadings.py -> /home/arms/X4M300_ws/install/novelda_x4m300/lib/python3.10/site-packages/novelda_x4m300/scripts/python35/pymoduleconnector
creating /home/arms/X4M300_ws/install/novelda_x4m300/lib/python3.10/site-packages/novelda_x4m300/scripts/python35/pymoduleconnector/doc
copying /home/arms/X4M300_ws/build/novelda_x4m300/build/lib/novelda_x4m300/scripts/python35/pymoduleconnector/doc/__init__.py -> /home/arms/X4M300_ws/install/novelda_x4m300/lib/python3.10/site-packages/novelda_x4m300/scripts/python35/pymoduleconnector/doc
copying /home/arms/X4M300_ws/build/novelda_x4m300/build/lib/novelda_x4m300/scripts/readUWB.py -> /home/arms/X4M300_ws/install/novelda_x4m300/lib/python3.10/site-packages/novelda_x4m300/scripts
byte-compiling /home/arms/X4M300_ws/install/novelda_x4m300/lib/python3.10/site-packages/novelda_x4m300/__init__.py to __init__.cpython-310.pyc
byte-compiling /home/arms/X4M300_ws/install/novelda_x4m300/lib/python3.10/site-packages/novelda_x4m300/scripts/plotUWB.py to plotUWB.cpython-310.pyc
byte-compiling /home/arms/X4M300_ws/install/novelda_x4m300/lib/python3.10/site-packages/novelda_x4m300/scripts/__init__.py to __init__.cpython-310.pyc
byte-compiling /home/arms/X4M300_ws/install/novelda_x4m300/lib/python3.10/site-packages/novelda_x4m300/scripts/publisher.py to publisher.cpython-310.pyc
byte-compiling /home/arms/X4M300_ws/install/novelda_x4m300/lib/python3.10/site-packages/novelda_x4m300/scripts/python35/__init__.py to __init__.cpython-310.pyc
byte-compiling /home/arms/X4M300_ws/install/novelda_x4m300/lib/python3.10/site-packages/novelda_x4m300/scripts/python35/setup.py to setup.cpython-310.pyc
byte-compiling /home/arms/X4M300_ws/install/novelda_x4m300/lib/python3.10/site-packages/novelda_x4m300/scripts/python35/pymoduleconnector/version.py to version.cpython-310.pyc
byte-compiling /home/arms/X4M300_ws/install/novelda_x4m300/lib/python3.10/site-packages/novelda_x4m300/scripts/python35/pymoduleconnector/moduleconnector.py to moduleconnector.cpython-310.pyc
byte-compiling /home/arms/X4M300_ws/install/novelda_x4m300/lib/python3.10/site-packages/novelda_x4m300/scripts/python35/pymoduleconnector/__init__.py to __init__.cpython-310.pyc
byte-compiling /home/arms/X4M300_ws/install/novelda_x4m300/lib/python3.10/site-packages/novelda_x4m300/scripts/python35/pymoduleconnector/moduleconnectorwrapper/__init__.py to __init__.cpython-310.pyc
byte-compiling /home/arms/X4M300_ws/install/novelda_x4m300/lib/python3.10/site-packages/novelda_x4m300/scripts/python35/pymoduleconnector/ids.py to ids.cpython-310.pyc
byte-compiling /home/arms/X4M300_ws/install/novelda_x4m300/lib/python3.10/site-packages/novelda_x4m300/scripts/python35/pymoduleconnector/rawreadings.py to rawreadings.cpython-310.pyc
byte-compiling /home/arms/X4M300_ws/install/novelda_x4m300/lib/python3.10/site-packages/novelda_x4m300/scripts/python35/pymoduleconnector/doc/__init__.py to __init__.cpython-310.pyc
byte-compiling /home/arms/X4M300_ws/install/novelda_x4m300/lib/python3.10/site-packages/novelda_x4m300/scripts/readUWB.py to readUWB.cpython-310.pyc
running install_data
copying resource/novelda_x4m300 -> /home/arms/X4M300_ws/install/novelda_x4m300/share/ament_index/resource_index/packages
copying package.xml -> /home/arms/X4M300_ws/install/novelda_x4m300/share/novelda_x4m300
copying launch/uwb_3_launch.py -> /home/arms/X4M300_ws/install/novelda_x4m300/share/novelda_x4m300
copying launch/uwb_0_launch.py -> /home/arms/X4M300_ws/install/novelda_x4m300/share/novelda_x4m300
copying launch/uwb_4_launch.py -> /home/arms/X4M300_ws/install/novelda_x4m300/share/novelda_x4m300
copying launch/uwb_1_launch.py -> /home/arms/X4M300_ws/install/novelda_x4m300/share/novelda_x4m300
copying launch/uwb_2_launch.py -> /home/arms/X4M300_ws/install/novelda_x4m300/share/novelda_x4m300
copying launch/uwb_plot_launch.py -> /home/arms/X4M300_ws/install/novelda_x4m300/share/novelda_x4m300
copying launch/uwblaunch.py -> /home/arms/X4M300_ws/install/novelda_x4m300/share/novelda_x4m300
copying launch/uwbradar_xml.launch -> /home/arms/X4M300_ws/install/novelda_x4m300/share/novelda_x4m300
copying launch/talker.launch -> /home/arms/X4M300_ws/install/novelda_x4m300/share/novelda_x4m300
copying config/params.yaml -> /home/arms/X4M300_ws/install/novelda_x4m300/share/novelda_x4m300/config
copying novelda_x4m300/scripts/python35/pymoduleconnector/moduleconnectorwrapper/_moduleconnectorwrapper.so -> /home/arms/X4M300_ws/install/novelda_x4m300/lib/python3.10/site-packages/novelda_x4m300/scripts/python35/pymoduleconnector/moduleconnectorwrapper
running install_egg_info
Copying ../../build/novelda_x4m300/novelda_x4m300.egg-info to /home/arms/X4M300_ws/install/novelda_x4m300/lib/python3.10/site-packages/novelda_x4m300-0.0.0-py3.10.egg-info
running install_scripts
Installing test script to /home/arms/X4M300_ws/install/novelda_x4m300/lib/novelda_x4m300
Installing uwbListener script to /home/arms/X4M300_ws/install/novelda_x4m300/lib/novelda_x4m300
Installing uwbTalker script to /home/arms/X4M300_ws/install/novelda_x4m300/lib/novelda_x4m300
writing list of installed files to '/home/arms/X4M300_ws/build/novelda_x4m300/install.log'
