[0.011s] Invoking command in '/home/arms/X4M300_ws/build/custom_interfaces': CMAKE_PREFIX_PATH=${CMAKE_PREFIX_PATH}:/home/arms/X4M300_ws/install/python_parameters:/home/arms/X4M300_ws/install/novelda_x4m300:/opt/ros/humble /usr/bin/cmake /home/arms/X4M300_ws/src/custom_interfaces -DCMAKE_INSTALL_PREFIX=/home/arms/X4M300_ws/install/custom_interfaces
[0.049s] -- The C compiler identification is GNU 11.4.0
[0.092s] -- The CXX compiler identification is GNU 11.4.0
[0.097s] -- Detecting C compiler ABI info
[0.149s] -- Detecting C compiler ABI info - done
[0.155s] -- Check for working C compiler: /usr/bin/cc - skipped
[0.155s] -- Detecting C compile features
[0.155s] -- Detecting C compile features - done
[0.158s] -- Detecting CXX compiler ABI info
[0.217s] -- Detecting CXX compiler ABI info - done
[0.224s] -- Check for working CXX compiler: /usr/bin/c++ - skipped
[0.224s] -- Detecting CXX compile features
[0.224s] -- Detecting CXX compile features - done
[0.226s] -- Found ament_cmake: 1.3.10 (/opt/ros/humble/share/ament_cmake/cmake)
[0.330s] -- Found Python3: /usr/bin/python3 (found version "3.10.12") found components: Interpreter 
[0.395s] -- Found ament_lint_auto: 0.12.11 (/opt/ros/humble/share/ament_lint_auto/cmake)
[0.448s] -- Found rosidl_default_generators: 1.2.0 (/opt/ros/humble/share/rosidl_default_generators/cmake)
[0.451s] -- Using all available rosidl_typesupport_c: rosidl_typesupport_fastrtps_c;rosidl_typesupport_introspection_c
[0.455s] -- Found rosidl_adapter: 3.1.5 (/opt/ros/humble/share/rosidl_adapter/cmake)
[0.485s] -- Using all available rosidl_typesupport_cpp: rosidl_typesupport_fastrtps_cpp;rosidl_typesupport_introspection_cpp
[0.633s] -- Found ament_cmake_ros: 0.10.0 (/opt/ros/humble/share/ament_cmake_ros/cmake)
[0.748s] -- Using all available rosidl_typesupport_c: rosidl_typesupport_fastrtps_c;rosidl_typesupport_introspection_c
[0.897s] -- Using all available rosidl_typesupport_cpp: rosidl_typesupport_fastrtps_cpp;rosidl_typesupport_introspection_cpp
[0.910s] -- Found PythonInterp: /usr/bin/python3 (found suitable version "3.10.12", minimum required is "3.6") 
[0.911s] -- Found python_cmake_module: 0.10.0 (/opt/ros/humble/share/python_cmake_module/cmake)
[0.929s] -- Found PythonLibs: /usr/lib/x86_64-linux-gnu/libpython3.10.so (found suitable version "3.10.12", minimum required is "3.5") 
[0.929s] -- Using PYTHON_EXECUTABLE: /usr/bin/python3
[0.929s] -- Using PYTHON_INCLUDE_DIRS: /usr/include/python3.10
[0.929s] -- Using PYTHON_LIBRARIES: /usr/lib/x86_64-linux-gnu/libpython3.10.so
[0.942s] -- Found PythonExtra: .so  
[0.965s] -- Added test 'lint_cmake' to check CMake code style
[0.965s] -- Added test 'xmllint' to check XML markup files
[0.967s] -- Configuring done
[0.980s] -- Generating done
[0.981s] -- Build files have been written to: /home/arms/X4M300_ws/build/custom_interfaces
[0.986s] Invoked command in '/home/arms/X4M300_ws/build/custom_interfaces' returned '0': CMAKE_PREFIX_PATH=${CMAKE_PREFIX_PATH}:/home/arms/X4M300_ws/install/python_parameters:/home/arms/X4M300_ws/install/novelda_x4m300:/opt/ros/humble /usr/bin/cmake /home/arms/X4M300_ws/src/custom_interfaces -DCMAKE_INSTALL_PREFIX=/home/arms/X4M300_ws/install/custom_interfaces
[0.986s] Invoking command in '/home/arms/X4M300_ws/build/custom_interfaces': CMAKE_PREFIX_PATH=${CMAKE_PREFIX_PATH}:/home/arms/X4M300_ws/install/python_parameters:/home/arms/X4M300_ws/install/novelda_x4m300:/opt/ros/humble /usr/bin/cmake --build /home/arms/X4M300_ws/build/custom_interfaces -- -j20 -l20
[1.015s] [  3%] [34m[1mGenerating C code for ROS interfaces[0m
[1.023s] [  6%] [34m[1mGenerating C++ code for ROS interfaces[0m
[1.028s] [  6%] Built target ament_cmake_python_copy_custom_interfaces
[1.175s] [  9%] [32mBuilding C object CMakeFiles/custom_interfaces__rosidl_generator_c.dir/rosidl_generator_c/custom_interfaces/msg/detail/float_list__functions.c.o[0m
[1.179s] [  9%] Built target custom_interfaces__cpp
[1.188s] [ 12%] [34m[1mGenerating C++ type support for eProsima Fast-RTPS[0m
[1.188s] [ 16%] [34m[1mGenerating C++ type support dispatch for ROS interfaces[0m
[1.189s] [ 19%] [34m[1mGenerating C++ introspection for ROS interfaces[0m
[1.208s] running egg_info
[1.208s] creating custom_interfaces.egg-info
[1.208s] writing custom_interfaces.egg-info/PKG-INFO
[1.208s] writing dependency_links to custom_interfaces.egg-info/dependency_links.txt
[1.208s] writing top-level names to custom_interfaces.egg-info/top_level.txt
[1.208s] writing manifest file 'custom_interfaces.egg-info/SOURCES.txt'
[1.210s] reading manifest file 'custom_interfaces.egg-info/SOURCES.txt'
[1.210s] [ 22%] [32m[1mLinking C shared library libcustom_interfaces__rosidl_generator_c.so[0m
[1.210s] writing manifest file 'custom_interfaces.egg-info/SOURCES.txt'
[1.231s] [ 22%] Built target ament_cmake_python_build_custom_interfaces_egg
[1.244s] [ 22%] Built target custom_interfaces__rosidl_generator_c
[1.255s] [ 25%] [34m[1mGenerating C type support dispatch for ROS interfaces[0m
[1.255s] [ 32%] [34m[1mGenerating C type support for eProsima Fast-RTPS[0m
[1.255s] [ 32%] [34m[1mGenerating C introspection for ROS interfaces[0m
[1.371s] [ 35%] [32mBuilding CXX object CMakeFiles/custom_interfaces__rosidl_typesupport_cpp.dir/rosidl_typesupport_cpp/custom_interfaces/msg/float_list__type_support.cpp.o[0m
[1.387s] [ 38%] [32mBuilding CXX object CMakeFiles/custom_interfaces__rosidl_typesupport_introspection_cpp.dir/rosidl_typesupport_introspection_cpp/custom_interfaces/msg/detail/float_list__type_support.cpp.o[0m
[1.403s] [ 41%] [32mBuilding CXX object CMakeFiles/custom_interfaces__rosidl_typesupport_fastrtps_cpp.dir/rosidl_typesupport_fastrtps_cpp/custom_interfaces/msg/detail/dds_fastrtps/float_list__type_support.cpp.o[0m
[1.445s] [ 45%] [32mBuilding CXX object CMakeFiles/custom_interfaces__rosidl_typesupport_c.dir/rosidl_typesupport_c/custom_interfaces/msg/float_list__type_support.cpp.o[0m
[1.461s] [ 48%] [32mBuilding C object CMakeFiles/custom_interfaces__rosidl_typesupport_introspection_c.dir/rosidl_typesupport_introspection_c/custom_interfaces/msg/detail/float_list__type_support.c.o[0m
[1.473s] [ 51%] [32mBuilding CXX object CMakeFiles/custom_interfaces__rosidl_typesupport_fastrtps_c.dir/rosidl_typesupport_fastrtps_c/custom_interfaces/msg/detail/float_list__type_support_c.cpp.o[0m
[1.482s] [ 54%] [32m[1mLinking CXX shared library libcustom_interfaces__rosidl_typesupport_c.so[0m
[1.494s] [ 58%] [32m[1mLinking C shared library libcustom_interfaces__rosidl_typesupport_introspection_c.so[0m
[1.521s] [ 58%] Built target custom_interfaces__rosidl_typesupport_c
[1.525s] [ 58%] Built target custom_interfaces__rosidl_typesupport_introspection_c
[1.568s] [ 61%] [32m[1mLinking CXX shared library libcustom_interfaces__rosidl_typesupport_cpp.so[0m
[1.604s] [ 61%] Built target custom_interfaces__rosidl_typesupport_cpp
[1.668s] [ 64%] [32m[1mLinking CXX shared library libcustom_interfaces__rosidl_typesupport_introspection_cpp.so[0m
[1.711s] [ 67%] [32m[1mLinking CXX shared library libcustom_interfaces__rosidl_typesupport_fastrtps_c.so[0m
[1.720s] [ 67%] Built target custom_interfaces__rosidl_typesupport_introspection_cpp
[1.722s] [ 70%] [32m[1mLinking CXX shared library libcustom_interfaces__rosidl_typesupport_fastrtps_cpp.so[0m
[1.763s] [ 70%] Built target custom_interfaces__rosidl_typesupport_fastrtps_c
[1.770s] [ 70%] Built target custom_interfaces__rosidl_typesupport_fastrtps_cpp
[1.786s] [ 70%] Built target custom_interfaces
[1.799s] [ 74%] [34m[1mGenerating Python code for ROS interfaces[0m
[1.953s] [ 74%] Built target custom_interfaces__py
[1.967s] [ 77%] [32mBuilding C object CMakeFiles/custom_interfaces__rosidl_generator_py.dir/rosidl_generator_py/custom_interfaces/msg/_float_list_s.c.o[0m
[2.030s] [ 80%] [32m[1mLinking C shared library rosidl_generator_py/custom_interfaces/libcustom_interfaces__rosidl_generator_py.so[0m
[2.058s] [ 80%] Built target custom_interfaces__rosidl_generator_py
[2.071s] [ 83%] [32mBuilding C object CMakeFiles/custom_interfaces__rosidl_typesupport_fastrtps_c__pyext.dir/rosidl_generator_py/custom_interfaces/_custom_interfaces_s.ep.rosidl_typesupport_fastrtps_c.c.o[0m
[2.072s] [ 87%] [32mBuilding C object CMakeFiles/custom_interfaces__rosidl_typesupport_introspection_c__pyext.dir/rosidl_generator_py/custom_interfaces/_custom_interfaces_s.ep.rosidl_typesupport_introspection_c.c.o[0m
[2.074s] [ 90%] [32mBuilding C object CMakeFiles/custom_interfaces__rosidl_typesupport_c__pyext.dir/rosidl_generator_py/custom_interfaces/_custom_interfaces_s.ep.rosidl_typesupport_c.c.o[0m
[2.127s] [ 93%] [32m[1mLinking C shared library rosidl_generator_py/custom_interfaces/custom_interfaces_s__rosidl_typesupport_c.cpython-310-x86_64-linux-gnu.so[0m
[2.127s] [100%] [32m[1mLinking C shared library rosidl_generator_py/custom_interfaces/custom_interfaces_s__rosidl_typesupport_introspection_c.cpython-310-x86_64-linux-gnu.so[0m
[2.127s] [100%] [32m[1mLinking C shared library rosidl_generator_py/custom_interfaces/custom_interfaces_s__rosidl_typesupport_fastrtps_c.cpython-310-x86_64-linux-gnu.so[0m
[2.151s] [100%] Built target custom_interfaces__rosidl_typesupport_c__pyext
[2.152s] [100%] Built target custom_interfaces__rosidl_typesupport_introspection_c__pyext
[2.152s] [100%] Built target custom_interfaces__rosidl_typesupport_fastrtps_c__pyext
[2.160s] Invoked command in '/home/arms/X4M300_ws/build/custom_interfaces' returned '0': CMAKE_PREFIX_PATH=${CMAKE_PREFIX_PATH}:/home/arms/X4M300_ws/install/python_parameters:/home/arms/X4M300_ws/install/novelda_x4m300:/opt/ros/humble /usr/bin/cmake --build /home/arms/X4M300_ws/build/custom_interfaces -- -j20 -l20
[2.215s] Invoking command in '/home/arms/X4M300_ws/build/custom_interfaces': CMAKE_PREFIX_PATH=${CMAKE_PREFIX_PATH}:/home/arms/X4M300_ws/install/python_parameters:/home/arms/X4M300_ws/install/novelda_x4m300:/opt/ros/humble /usr/bin/cmake --install /home/arms/X4M300_ws/build/custom_interfaces
[2.221s] -- Install configuration: ""
[2.221s] -- Installing: /home/arms/X4M300_ws/install/custom_interfaces/share/ament_index/resource_index/rosidl_interfaces/custom_interfaces
[2.221s] -- Installing: /home/arms/X4M300_ws/install/custom_interfaces/include/custom_interfaces/custom_interfaces
[2.221s] -- Installing: /home/arms/X4M300_ws/install/custom_interfaces/include/custom_interfaces/custom_interfaces/msg
[2.221s] -- Installing: /home/arms/X4M300_ws/install/custom_interfaces/include/custom_interfaces/custom_interfaces/msg/rosidl_generator_c__visibility_control.h
[2.221s] -- Installing: /home/arms/X4M300_ws/install/custom_interfaces/include/custom_interfaces/custom_interfaces/msg/float_list.h
[2.221s] -- Installing: /home/arms/X4M300_ws/install/custom_interfaces/include/custom_interfaces/custom_interfaces/msg/detail
[2.221s] -- Installing: /home/arms/X4M300_ws/install/custom_interfaces/include/custom_interfaces/custom_interfaces/msg/detail/float_list__functions.c
[2.221s] -- Installing: /home/arms/X4M300_ws/install/custom_interfaces/include/custom_interfaces/custom_interfaces/msg/detail/float_list__struct.h
[2.221s] -- Installing: /home/arms/X4M300_ws/install/custom_interfaces/include/custom_interfaces/custom_interfaces/msg/detail/float_list__functions.h
[2.221s] -- Installing: /home/arms/X4M300_ws/install/custom_interfaces/include/custom_interfaces/custom_interfaces/msg/detail/float_list__type_support.h
[2.221s] -- Installing: /home/arms/X4M300_ws/install/custom_interfaces/share/custom_interfaces/environment/library_path.sh
[2.221s] -- Installing: /home/arms/X4M300_ws/install/custom_interfaces/share/custom_interfaces/environment/library_path.dsv
[2.221s] -- Installing: /home/arms/X4M300_ws/install/custom_interfaces/lib/libcustom_interfaces__rosidl_generator_c.so
[2.221s] -- Set runtime path of "/home/arms/X4M300_ws/install/custom_interfaces/lib/libcustom_interfaces__rosidl_generator_c.so" to ""
[2.221s] -- Up-to-date: /home/arms/X4M300_ws/install/custom_interfaces/include/custom_interfaces/custom_interfaces
[2.221s] -- Up-to-date: /home/arms/X4M300_ws/install/custom_interfaces/include/custom_interfaces/custom_interfaces/msg
[2.221s] -- Installing: /home/arms/X4M300_ws/install/custom_interfaces/include/custom_interfaces/custom_interfaces/msg/rosidl_typesupport_fastrtps_c__visibility_control.h
[2.221s] -- Up-to-date: /home/arms/X4M300_ws/install/custom_interfaces/include/custom_interfaces/custom_interfaces/msg/detail
[2.221s] -- Installing: /home/arms/X4M300_ws/install/custom_interfaces/include/custom_interfaces/custom_interfaces/msg/detail/float_list__rosidl_typesupport_fastrtps_c.h
[2.221s] -- Installing: /home/arms/X4M300_ws/install/custom_interfaces/lib/libcustom_interfaces__rosidl_typesupport_fastrtps_c.so
[2.222s] -- Set runtime path of "/home/arms/X4M300_ws/install/custom_interfaces/lib/libcustom_interfaces__rosidl_typesupport_fastrtps_c.so" to ""
[2.222s] -- Up-to-date: /home/arms/X4M300_ws/install/custom_interfaces/include/custom_interfaces/custom_interfaces
[2.222s] -- Up-to-date: /home/arms/X4M300_ws/install/custom_interfaces/include/custom_interfaces/custom_interfaces/msg
[2.222s] -- Installing: /home/arms/X4M300_ws/install/custom_interfaces/include/custom_interfaces/custom_interfaces/msg/rosidl_typesupport_introspection_c__visibility_control.h
[2.222s] -- Up-to-date: /home/arms/X4M300_ws/install/custom_interfaces/include/custom_interfaces/custom_interfaces/msg/detail
[2.222s] -- Installing: /home/arms/X4M300_ws/install/custom_interfaces/include/custom_interfaces/custom_interfaces/msg/detail/float_list__type_support.c
[2.222s] -- Installing: /home/arms/X4M300_ws/install/custom_interfaces/include/custom_interfaces/custom_interfaces/msg/detail/float_list__rosidl_typesupport_introspection_c.h
[2.222s] -- Installing: /home/arms/X4M300_ws/install/custom_interfaces/lib/libcustom_interfaces__rosidl_typesupport_introspection_c.so
[2.222s] -- Set runtime path of "/home/arms/X4M300_ws/install/custom_interfaces/lib/libcustom_interfaces__rosidl_typesupport_introspection_c.so" to ""
[2.222s] -- Installing: /home/arms/X4M300_ws/install/custom_interfaces/lib/libcustom_interfaces__rosidl_typesupport_c.so
[2.222s] -- Set runtime path of "/home/arms/X4M300_ws/install/custom_interfaces/lib/libcustom_interfaces__rosidl_typesupport_c.so" to ""
[2.222s] -- Up-to-date: /home/arms/X4M300_ws/install/custom_interfaces/include/custom_interfaces/custom_interfaces
[2.222s] -- Up-to-date: /home/arms/X4M300_ws/install/custom_interfaces/include/custom_interfaces/custom_interfaces/msg
[2.222s] -- Installing: /home/arms/X4M300_ws/install/custom_interfaces/include/custom_interfaces/custom_interfaces/msg/float_list.hpp
[2.222s] -- Up-to-date: /home/arms/X4M300_ws/install/custom_interfaces/include/custom_interfaces/custom_interfaces/msg/detail
[2.222s] -- Installing: /home/arms/X4M300_ws/install/custom_interfaces/include/custom_interfaces/custom_interfaces/msg/detail/float_list__struct.hpp
[2.222s] -- Installing: /home/arms/X4M300_ws/install/custom_interfaces/include/custom_interfaces/custom_interfaces/msg/detail/float_list__traits.hpp
[2.222s] -- Installing: /home/arms/X4M300_ws/install/custom_interfaces/include/custom_interfaces/custom_interfaces/msg/detail/float_list__builder.hpp
[2.222s] -- Up-to-date: /home/arms/X4M300_ws/install/custom_interfaces/include/custom_interfaces/custom_interfaces
[2.222s] -- Up-to-date: /home/arms/X4M300_ws/install/custom_interfaces/include/custom_interfaces/custom_interfaces/msg
[2.222s] -- Installing: /home/arms/X4M300_ws/install/custom_interfaces/include/custom_interfaces/custom_interfaces/msg/rosidl_typesupport_fastrtps_cpp__visibility_control.h
[2.222s] -- Up-to-date: /home/arms/X4M300_ws/install/custom_interfaces/include/custom_interfaces/custom_interfaces/msg/detail
[2.223s] -- Installing: /home/arms/X4M300_ws/install/custom_interfaces/include/custom_interfaces/custom_interfaces/msg/detail/dds_fastrtps
[2.223s] -- Installing: /home/arms/X4M300_ws/install/custom_interfaces/include/custom_interfaces/custom_interfaces/msg/detail/float_list__rosidl_typesupport_fastrtps_cpp.hpp
[2.223s] -- Installing: /home/arms/X4M300_ws/install/custom_interfaces/lib/libcustom_interfaces__rosidl_typesupport_fastrtps_cpp.so
[2.223s] -- Set runtime path of "/home/arms/X4M300_ws/install/custom_interfaces/lib/libcustom_interfaces__rosidl_typesupport_fastrtps_cpp.so" to ""
[2.223s] -- Up-to-date: /home/arms/X4M300_ws/install/custom_interfaces/include/custom_interfaces/custom_interfaces
[2.223s] -- Up-to-date: /home/arms/X4M300_ws/install/custom_interfaces/include/custom_interfaces/custom_interfaces/msg
[2.223s] -- Up-to-date: /home/arms/X4M300_ws/install/custom_interfaces/include/custom_interfaces/custom_interfaces/msg/detail
[2.223s] -- Installing: /home/arms/X4M300_ws/install/custom_interfaces/include/custom_interfaces/custom_interfaces/msg/detail/float_list__type_support.cpp
[2.223s] -- Installing: /home/arms/X4M300_ws/install/custom_interfaces/include/custom_interfaces/custom_interfaces/msg/detail/float_list__rosidl_typesupport_introspection_cpp.hpp
[2.223s] -- Installing: /home/arms/X4M300_ws/install/custom_interfaces/lib/libcustom_interfaces__rosidl_typesupport_introspection_cpp.so
[2.223s] -- Set runtime path of "/home/arms/X4M300_ws/install/custom_interfaces/lib/libcustom_interfaces__rosidl_typesupport_introspection_cpp.so" to ""
[2.223s] -- Installing: /home/arms/X4M300_ws/install/custom_interfaces/lib/libcustom_interfaces__rosidl_typesupport_cpp.so
[2.223s] -- Set runtime path of "/home/arms/X4M300_ws/install/custom_interfaces/lib/libcustom_interfaces__rosidl_typesupport_cpp.so" to ""
[2.223s] -- Installing: /home/arms/X4M300_ws/install/custom_interfaces/share/custom_interfaces/environment/pythonpath.sh
[2.223s] -- Installing: /home/arms/X4M300_ws/install/custom_interfaces/share/custom_interfaces/environment/pythonpath.dsv
[2.223s] -- Installing: /home/arms/X4M300_ws/install/custom_interfaces/local/lib/python3.10/dist-packages/custom_interfaces-0.0.0-py3.10.egg-info
[2.223s] -- Installing: /home/arms/X4M300_ws/install/custom_interfaces/local/lib/python3.10/dist-packages/custom_interfaces-0.0.0-py3.10.egg-info/dependency_links.txt
[2.223s] -- Installing: /home/arms/X4M300_ws/install/custom_interfaces/local/lib/python3.10/dist-packages/custom_interfaces-0.0.0-py3.10.egg-info/SOURCES.txt
[2.223s] -- Installing: /home/arms/X4M300_ws/install/custom_interfaces/local/lib/python3.10/dist-packages/custom_interfaces-0.0.0-py3.10.egg-info/top_level.txt
[2.223s] -- Installing: /home/arms/X4M300_ws/install/custom_interfaces/local/lib/python3.10/dist-packages/custom_interfaces-0.0.0-py3.10.egg-info/PKG-INFO
[2.223s] -- Installing: /home/arms/X4M300_ws/install/custom_interfaces/local/lib/python3.10/dist-packages/custom_interfaces
[2.223s] -- Installing: /home/arms/X4M300_ws/install/custom_interfaces/local/lib/python3.10/dist-packages/custom_interfaces/custom_interfaces_s__rosidl_typesupport_introspection_c.cpython-310-x86_64-linux-gnu.so
[2.224s] -- Installing: /home/arms/X4M300_ws/install/custom_interfaces/local/lib/python3.10/dist-packages/custom_interfaces/custom_interfaces_s__rosidl_typesupport_fastrtps_c.cpython-310-x86_64-linux-gnu.so
[2.224s] -- Installing: /home/arms/X4M300_ws/install/custom_interfaces/local/lib/python3.10/dist-packages/custom_interfaces/__init__.py
[2.224s] -- Installing: /home/arms/X4M300_ws/install/custom_interfaces/local/lib/python3.10/dist-packages/custom_interfaces/_custom_interfaces_s.ep.rosidl_typesupport_c.c
[2.224s] -- Installing: /home/arms/X4M300_ws/install/custom_interfaces/local/lib/python3.10/dist-packages/custom_interfaces/custom_interfaces_s__rosidl_typesupport_c.cpython-310-x86_64-linux-gnu.so
[2.224s] -- Installing: /home/arms/X4M300_ws/install/custom_interfaces/local/lib/python3.10/dist-packages/custom_interfaces/libcustom_interfaces__rosidl_generator_py.so
[2.224s] -- Installing: /home/arms/X4M300_ws/install/custom_interfaces/local/lib/python3.10/dist-packages/custom_interfaces/_custom_interfaces_s.ep.rosidl_typesupport_introspection_c.c
[2.224s] -- Installing: /home/arms/X4M300_ws/install/custom_interfaces/local/lib/python3.10/dist-packages/custom_interfaces/msg
[2.224s] -- Installing: /home/arms/X4M300_ws/install/custom_interfaces/local/lib/python3.10/dist-packages/custom_interfaces/msg/__init__.py
[2.224s] -- Installing: /home/arms/X4M300_ws/install/custom_interfaces/local/lib/python3.10/dist-packages/custom_interfaces/msg/_float_list.py
[2.224s] -- Installing: /home/arms/X4M300_ws/install/custom_interfaces/local/lib/python3.10/dist-packages/custom_interfaces/msg/_float_list_s.c
[2.224s] -- Installing: /home/arms/X4M300_ws/install/custom_interfaces/local/lib/python3.10/dist-packages/custom_interfaces/_custom_interfaces_s.ep.rosidl_typesupport_fastrtps_c.c
[2.249s] Listing '/home/arms/X4M300_ws/install/custom_interfaces/local/lib/python3.10/dist-packages/custom_interfaces'...
[2.249s] Compiling '/home/arms/X4M300_ws/install/custom_interfaces/local/lib/python3.10/dist-packages/custom_interfaces/__init__.py'...
[2.249s] Listing '/home/arms/X4M300_ws/install/custom_interfaces/local/lib/python3.10/dist-packages/custom_interfaces/msg'...
[2.249s] Compiling '/home/arms/X4M300_ws/install/custom_interfaces/local/lib/python3.10/dist-packages/custom_interfaces/msg/__init__.py'...
[2.249s] Compiling '/home/arms/X4M300_ws/install/custom_interfaces/local/lib/python3.10/dist-packages/custom_interfaces/msg/_float_list.py'...
[2.253s] -- Installing: /home/arms/X4M300_ws/install/custom_interfaces/local/lib/python3.10/dist-packages/custom_interfaces/custom_interfaces_s__rosidl_typesupport_fastrtps_c.cpython-310-x86_64-linux-gnu.so
[2.253s] -- Set runtime path of "/home/arms/X4M300_ws/install/custom_interfaces/local/lib/python3.10/dist-packages/custom_interfaces/custom_interfaces_s__rosidl_typesupport_fastrtps_c.cpython-310-x86_64-linux-gnu.so" to ""
[2.253s] -- Installing: /home/arms/X4M300_ws/install/custom_interfaces/local/lib/python3.10/dist-packages/custom_interfaces/custom_interfaces_s__rosidl_typesupport_introspection_c.cpython-310-x86_64-linux-gnu.so
[2.253s] -- Set runtime path of "/home/arms/X4M300_ws/install/custom_interfaces/local/lib/python3.10/dist-packages/custom_interfaces/custom_interfaces_s__rosidl_typesupport_introspection_c.cpython-310-x86_64-linux-gnu.so" to ""
[2.253s] -- Installing: /home/arms/X4M300_ws/install/custom_interfaces/local/lib/python3.10/dist-packages/custom_interfaces/custom_interfaces_s__rosidl_typesupport_c.cpython-310-x86_64-linux-gnu.so
[2.253s] -- Set runtime path of "/home/arms/X4M300_ws/install/custom_interfaces/local/lib/python3.10/dist-packages/custom_interfaces/custom_interfaces_s__rosidl_typesupport_c.cpython-310-x86_64-linux-gnu.so" to ""
[2.253s] -- Installing: /home/arms/X4M300_ws/install/custom_interfaces/lib/libcustom_interfaces__rosidl_generator_py.so
[2.253s] -- Set runtime path of "/home/arms/X4M300_ws/install/custom_interfaces/lib/libcustom_interfaces__rosidl_generator_py.so" to ""
[2.253s] -- Installing: /home/arms/X4M300_ws/install/custom_interfaces/share/custom_interfaces/msg/FloatList.idl
[2.253s] -- Installing: /home/arms/X4M300_ws/install/custom_interfaces/share/custom_interfaces/msg/FloatList.msg
[2.253s] -- Installing: /home/arms/X4M300_ws/install/custom_interfaces/share/ament_index/resource_index/package_run_dependencies/custom_interfaces
[2.253s] -- Installing: /home/arms/X4M300_ws/install/custom_interfaces/share/ament_index/resource_index/parent_prefix_path/custom_interfaces
[2.253s] -- Installing: /home/arms/X4M300_ws/install/custom_interfaces/share/custom_interfaces/environment/ament_prefix_path.sh
[2.253s] -- Installing: /home/arms/X4M300_ws/install/custom_interfaces/share/custom_interfaces/environment/ament_prefix_path.dsv
[2.253s] -- Installing: /home/arms/X4M300_ws/install/custom_interfaces/share/custom_interfaces/environment/path.sh
[2.253s] -- Installing: /home/arms/X4M300_ws/install/custom_interfaces/share/custom_interfaces/environment/path.dsv
[2.253s] -- Installing: /home/arms/X4M300_ws/install/custom_interfaces/share/custom_interfaces/local_setup.bash
[2.253s] -- Installing: /home/arms/X4M300_ws/install/custom_interfaces/share/custom_interfaces/local_setup.sh
[2.253s] -- Installing: /home/arms/X4M300_ws/install/custom_interfaces/share/custom_interfaces/local_setup.zsh
[2.253s] -- Installing: /home/arms/X4M300_ws/install/custom_interfaces/share/custom_interfaces/local_setup.dsv
[2.253s] -- Installing: /home/arms/X4M300_ws/install/custom_interfaces/share/custom_interfaces/package.dsv
[2.253s] -- Installing: /home/arms/X4M300_ws/install/custom_interfaces/share/ament_index/resource_index/packages/custom_interfaces
[2.253s] -- Installing: /home/arms/X4M300_ws/install/custom_interfaces/share/custom_interfaces/cmake/export_custom_interfaces__rosidl_generator_cExport.cmake
[2.254s] -- Installing: /home/arms/X4M300_ws/install/custom_interfaces/share/custom_interfaces/cmake/export_custom_interfaces__rosidl_generator_cExport-noconfig.cmake
[2.254s] -- Installing: /home/arms/X4M300_ws/install/custom_interfaces/share/custom_interfaces/cmake/export_custom_interfaces__rosidl_typesupport_fastrtps_cExport.cmake
[2.254s] -- Installing: /home/arms/X4M300_ws/install/custom_interfaces/share/custom_interfaces/cmake/export_custom_interfaces__rosidl_typesupport_fastrtps_cExport-noconfig.cmake
[2.254s] -- Installing: /home/arms/X4M300_ws/install/custom_interfaces/share/custom_interfaces/cmake/custom_interfaces__rosidl_typesupport_introspection_cExport.cmake
[2.254s] -- Installing: /home/arms/X4M300_ws/install/custom_interfaces/share/custom_interfaces/cmake/custom_interfaces__rosidl_typesupport_introspection_cExport-noconfig.cmake
[2.254s] -- Installing: /home/arms/X4M300_ws/install/custom_interfaces/share/custom_interfaces/cmake/custom_interfaces__rosidl_typesupport_cExport.cmake
[2.254s] -- Installing: /home/arms/X4M300_ws/install/custom_interfaces/share/custom_interfaces/cmake/custom_interfaces__rosidl_typesupport_cExport-noconfig.cmake
[2.254s] -- Installing: /home/arms/X4M300_ws/install/custom_interfaces/share/custom_interfaces/cmake/export_custom_interfaces__rosidl_generator_cppExport.cmake
[2.254s] -- Installing: /home/arms/X4M300_ws/install/custom_interfaces/share/custom_interfaces/cmake/export_custom_interfaces__rosidl_typesupport_fastrtps_cppExport.cmake
[2.254s] -- Installing: /home/arms/X4M300_ws/install/custom_interfaces/share/custom_interfaces/cmake/export_custom_interfaces__rosidl_typesupport_fastrtps_cppExport-noconfig.cmake
[2.254s] -- Installing: /home/arms/X4M300_ws/install/custom_interfaces/share/custom_interfaces/cmake/custom_interfaces__rosidl_typesupport_introspection_cppExport.cmake
[2.254s] -- Installing: /home/arms/X4M300_ws/install/custom_interfaces/share/custom_interfaces/cmake/custom_interfaces__rosidl_typesupport_introspection_cppExport-noconfig.cmake
[2.254s] -- Installing: /home/arms/X4M300_ws/install/custom_interfaces/share/custom_interfaces/cmake/custom_interfaces__rosidl_typesupport_cppExport.cmake
[2.254s] -- Installing: /home/arms/X4M300_ws/install/custom_interfaces/share/custom_interfaces/cmake/custom_interfaces__rosidl_typesupport_cppExport-noconfig.cmake
[2.254s] -- Installing: /home/arms/X4M300_ws/install/custom_interfaces/share/custom_interfaces/cmake/export_custom_interfaces__rosidl_generator_pyExport.cmake
[2.254s] -- Installing: /home/arms/X4M300_ws/install/custom_interfaces/share/custom_interfaces/cmake/export_custom_interfaces__rosidl_generator_pyExport-noconfig.cmake
[2.254s] -- Installing: /home/arms/X4M300_ws/install/custom_interfaces/share/custom_interfaces/cmake/rosidl_cmake-extras.cmake
[2.254s] -- Installing: /home/arms/X4M300_ws/install/custom_interfaces/share/custom_interfaces/cmake/ament_cmake_export_include_directories-extras.cmake
[2.254s] -- Installing: /home/arms/X4M300_ws/install/custom_interfaces/share/custom_interfaces/cmake/ament_cmake_export_libraries-extras.cmake
[2.254s] -- Installing: /home/arms/X4M300_ws/install/custom_interfaces/share/custom_interfaces/cmake/ament_cmake_export_targets-extras.cmake
[2.255s] -- Installing: /home/arms/X4M300_ws/install/custom_interfaces/share/custom_interfaces/cmake/rosidl_cmake_export_typesupport_targets-extras.cmake
[2.255s] -- Installing: /home/arms/X4M300_ws/install/custom_interfaces/share/custom_interfaces/cmake/ament_cmake_export_dependencies-extras.cmake
[2.255s] -- Installing: /home/arms/X4M300_ws/install/custom_interfaces/share/custom_interfaces/cmake/rosidl_cmake_export_typesupport_libraries-extras.cmake
[2.255s] -- Installing: /home/arms/X4M300_ws/install/custom_interfaces/share/custom_interfaces/cmake/custom_interfacesConfig.cmake
[2.255s] -- Installing: /home/arms/X4M300_ws/install/custom_interfaces/share/custom_interfaces/cmake/custom_interfacesConfig-version.cmake
[2.255s] -- Installing: /home/arms/X4M300_ws/install/custom_interfaces/share/custom_interfaces/package.xml
[2.256s] Invoked command in '/home/arms/X4M300_ws/build/custom_interfaces' returned '0': CMAKE_PREFIX_PATH=${CMAKE_PREFIX_PATH}:/home/arms/X4M300_ws/install/python_parameters:/home/arms/X4M300_ws/install/novelda_x4m300:/opt/ros/humble /usr/bin/cmake --install /home/arms/X4M300_ws/build/custom_interfaces
