[0.377s] Invoking command in '/home/arms/X4M300_ws/build/python_parameters': PYTHONPATH=/home/arms/X4M300_ws/build/python_parameters/prefix_override:/usr/lib/python3/dist-packages/colcon_core/task/python/colcon_distutils_commands:/home/arms/X4M300_ws/install/python_parameters/lib/python3.10/site-packages:${PYTHONPATH} /usr/bin/python3 -W ignore:setup.py install is deprecated setup.py develop --editable --build-directory /home/arms/X4M300_ws/build/python_parameters/build --no-deps symlink_data
[0.561s] running develop
[0.649s] running egg_info
[0.650s] creating python_parameters.egg-info
[0.650s] writing python_parameters.egg-info/PKG-INFO
[0.650s] writing dependency_links to python_parameters.egg-info/dependency_links.txt
[0.650s] writing entry points to python_parameters.egg-info/entry_points.txt
[0.650s] writing requirements to python_parameters.egg-info/requires.txt
[0.650s] writing top-level names to python_parameters.egg-info/top_level.txt
[0.650s] writing manifest file 'python_parameters.egg-info/SOURCES.txt'
[0.651s] reading manifest file 'python_parameters.egg-info/SOURCES.txt'
[0.651s] writing manifest file 'python_parameters.egg-info/SOURCES.txt'
[0.652s] running build_ext
[0.652s] Creating /home/arms/X4M300_ws/install/python_parameters/lib/python3.10/site-packages/python-parameters.egg-link (link to .)
[0.652s] Installing param_node script to /home/arms/X4M300_ws/install/python_parameters/lib/python_parameters
[0.652s] 
[0.653s] Installed /home/arms/X4M300_ws/build/python_parameters
[0.653s] running symlink_data
[0.653s] creating /home/arms/X4M300_ws/install/python_parameters/share/ament_index
[0.653s] creating /home/arms/X4M300_ws/install/python_parameters/share/ament_index/resource_index
[0.653s] creating /home/arms/X4M300_ws/install/python_parameters/share/ament_index/resource_index/packages
[0.653s] symbolically linking /home/arms/X4M300_ws/build/python_parameters/resource/python_parameters -> /home/arms/X4M300_ws/install/python_parameters/share/ament_index/resource_index/packages
[0.653s] symbolically linking /home/arms/X4M300_ws/build/python_parameters/package.xml -> /home/arms/X4M300_ws/install/python_parameters/share/python_parameters
[0.671s] Invoked command in '/home/arms/X4M300_ws/build/python_parameters' returned '0': PYTHONPATH=/home/arms/X4M300_ws/build/python_parameters/prefix_override:/usr/lib/python3/dist-packages/colcon_core/task/python/colcon_distutils_commands:/home/arms/X4M300_ws/install/python_parameters/lib/python3.10/site-packages:${PYTHONPATH} /usr/bin/python3 -W ignore:setup.py install is deprecated setup.py develop --editable --build-directory /home/arms/X4M300_ws/build/python_parameters/build --no-deps symlink_data
