[0.010s] Invoking command in '/home/arms/X4M300_ws/build/custom_interfaces': CMAKE_PREFIX_PATH=${CMAKE_PREFIX_PATH}:/home/arms/X4M300_ws/install/python_parameters:/home/arms/X4M300_ws/install/novelda_x4m300:/opt/ros/humble /usr/bin/cmake --build /home/arms/X4M300_ws/build/custom_interfaces -- -j20 -l20
[0.037s] [35m[1mConsolidate compiler generated dependencies of target custom_interfaces__rosidl_generator_c[0m
[0.045s] [  3%] Built target custom_interfaces__cpp
[0.046s] [ 12%] Built target custom_interfaces__rosidl_generator_c
[0.050s] [ 12%] Built target ament_cmake_python_copy_custom_interfaces
[0.052s] [35m[1mConsolidate compiler generated dependencies of target custom_interfaces__rosidl_typesupport_introspection_cpp[0m
[0.052s] [35m[1mConsolidate compiler generated dependencies of target custom_interfaces__rosidl_typesupport_cpp[0m
[0.052s] [35m[1mConsolidate compiler generated dependencies of target custom_interfaces__rosidl_typesupport_c[0m
[0.054s] [35m[1mConsolidate compiler generated dependencies of target custom_interfaces__rosidl_typesupport_fastrtps_cpp[0m
[0.054s] [35m[1mConsolidate compiler generated dependencies of target custom_interfaces__rosidl_typesupport_fastrtps_c[0m
[0.055s] [35m[1mConsolidate compiler generated dependencies of target custom_interfaces__rosidl_typesupport_introspection_c[0m
[0.061s] [ 22%] Built target custom_interfaces__rosidl_typesupport_cpp
[0.061s] [ 32%] Built target custom_interfaces__rosidl_typesupport_introspection_cpp
[0.063s] [ 41%] Built target custom_interfaces__rosidl_typesupport_c
[0.063s] [ 51%] Built target custom_interfaces__rosidl_typesupport_fastrtps_c
[0.065s] [ 61%] Built target custom_interfaces__rosidl_typesupport_fastrtps_cpp
[0.066s] [ 70%] Built target custom_interfaces__rosidl_typesupport_introspection_c
[0.084s] [ 70%] Built target custom_interfaces
[0.100s] [ 74%] Built target custom_interfaces__py
[0.108s] [35m[1mConsolidate compiler generated dependencies of target custom_interfaces__rosidl_generator_py[0m
[0.119s] [ 80%] Built target custom_interfaces__rosidl_generator_py
[0.129s] [35m[1mConsolidate compiler generated dependencies of target custom_interfaces__rosidl_typesupport_fastrtps_c__pyext[0m
[0.129s] [35m[1mConsolidate compiler generated dependencies of target custom_interfaces__rosidl_typesupport_c__pyext[0m
[0.129s] [35m[1mConsolidate compiler generated dependencies of target custom_interfaces__rosidl_typesupport_introspection_c__pyext[0m
[0.142s] [ 87%] Built target custom_interfaces__rosidl_typesupport_introspection_c__pyext
[0.142s] [100%] Built target custom_interfaces__rosidl_typesupport_fastrtps_c__pyext
[0.142s] [100%] Built target custom_interfaces__rosidl_typesupport_c__pyext
[0.233s] running egg_info
[0.233s] writing custom_interfaces.egg-info/PKG-INFO
[0.233s] writing dependency_links to custom_interfaces.egg-info/dependency_links.txt
[0.234s] writing top-level names to custom_interfaces.egg-info/top_level.txt
[0.235s] reading manifest file 'custom_interfaces.egg-info/SOURCES.txt'
[0.236s] writing manifest file 'custom_interfaces.egg-info/SOURCES.txt'
[0.254s] [100%] Built target ament_cmake_python_build_custom_interfaces_egg
[0.263s] Invoked command in '/home/arms/X4M300_ws/build/custom_interfaces' returned '0': CMAKE_PREFIX_PATH=${CMAKE_PREFIX_PATH}:/home/arms/X4M300_ws/install/python_parameters:/home/arms/X4M300_ws/install/novelda_x4m300:/opt/ros/humble /usr/bin/cmake --build /home/arms/X4M300_ws/build/custom_interfaces -- -j20 -l20
[0.318s] Invoking command in '/home/arms/X4M300_ws/build/custom_interfaces': CMAKE_PREFIX_PATH=${CMAKE_PREFIX_PATH}:/home/arms/X4M300_ws/install/python_parameters:/home/arms/X4M300_ws/install/novelda_x4m300:/opt/ros/humble /usr/bin/cmake --install /home/arms/X4M300_ws/build/custom_interfaces
[0.322s] -- Install configuration: ""
[0.322s] -- Up-to-date: /home/arms/X4M300_ws/install/custom_interfaces/share/ament_index/resource_index/rosidl_interfaces/custom_interfaces
[0.322s] -- Up-to-date: /home/arms/X4M300_ws/install/custom_interfaces/include/custom_interfaces/custom_interfaces
[0.322s] -- Up-to-date: /home/arms/X4M300_ws/install/custom_interfaces/include/custom_interfaces/custom_interfaces/msg
[0.322s] -- Up-to-date: /home/arms/X4M300_ws/install/custom_interfaces/include/custom_interfaces/custom_interfaces/msg/rosidl_generator_c__visibility_control.h
[0.322s] -- Up-to-date: /home/arms/X4M300_ws/install/custom_interfaces/include/custom_interfaces/custom_interfaces/msg/float_list.h
[0.322s] -- Up-to-date: /home/arms/X4M300_ws/install/custom_interfaces/include/custom_interfaces/custom_interfaces/msg/detail
[0.322s] -- Up-to-date: /home/arms/X4M300_ws/install/custom_interfaces/include/custom_interfaces/custom_interfaces/msg/detail/float_list__functions.c
[0.322s] -- Up-to-date: /home/arms/X4M300_ws/install/custom_interfaces/include/custom_interfaces/custom_interfaces/msg/detail/float_list__struct.h
[0.322s] -- Up-to-date: /home/arms/X4M300_ws/install/custom_interfaces/include/custom_interfaces/custom_interfaces/msg/detail/float_list__functions.h
[0.323s] -- Up-to-date: /home/arms/X4M300_ws/install/custom_interfaces/include/custom_interfaces/custom_interfaces/msg/detail/float_list__type_support.h
[0.323s] -- Up-to-date: /home/arms/X4M300_ws/install/custom_interfaces/share/custom_interfaces/environment/library_path.sh
[0.323s] -- Up-to-date: /home/arms/X4M300_ws/install/custom_interfaces/share/custom_interfaces/environment/library_path.dsv
[0.323s] -- Up-to-date: /home/arms/X4M300_ws/install/custom_interfaces/lib/libcustom_interfaces__rosidl_generator_c.so
[0.323s] -- Up-to-date: /home/arms/X4M300_ws/install/custom_interfaces/include/custom_interfaces/custom_interfaces
[0.323s] -- Up-to-date: /home/arms/X4M300_ws/install/custom_interfaces/include/custom_interfaces/custom_interfaces/msg
[0.323s] -- Up-to-date: /home/arms/X4M300_ws/install/custom_interfaces/include/custom_interfaces/custom_interfaces/msg/rosidl_typesupport_fastrtps_c__visibility_control.h
[0.323s] -- Up-to-date: /home/arms/X4M300_ws/install/custom_interfaces/include/custom_interfaces/custom_interfaces/msg/detail
[0.323s] -- Up-to-date: /home/arms/X4M300_ws/install/custom_interfaces/include/custom_interfaces/custom_interfaces/msg/detail/float_list__rosidl_typesupport_fastrtps_c.h
[0.323s] -- Up-to-date: /home/arms/X4M300_ws/install/custom_interfaces/lib/libcustom_interfaces__rosidl_typesupport_fastrtps_c.so
[0.323s] -- Up-to-date: /home/arms/X4M300_ws/install/custom_interfaces/include/custom_interfaces/custom_interfaces
[0.323s] -- Up-to-date: /home/arms/X4M300_ws/install/custom_interfaces/include/custom_interfaces/custom_interfaces/msg
[0.323s] -- Up-to-date: /home/arms/X4M300_ws/install/custom_interfaces/include/custom_interfaces/custom_interfaces/msg/rosidl_typesupport_introspection_c__visibility_control.h
[0.323s] -- Up-to-date: /home/arms/X4M300_ws/install/custom_interfaces/include/custom_interfaces/custom_interfaces/msg/detail
[0.323s] -- Up-to-date: /home/arms/X4M300_ws/install/custom_interfaces/include/custom_interfaces/custom_interfaces/msg/detail/float_list__type_support.c
[0.323s] -- Up-to-date: /home/arms/X4M300_ws/install/custom_interfaces/include/custom_interfaces/custom_interfaces/msg/detail/float_list__rosidl_typesupport_introspection_c.h
[0.323s] -- Up-to-date: /home/arms/X4M300_ws/install/custom_interfaces/lib/libcustom_interfaces__rosidl_typesupport_introspection_c.so
[0.323s] -- Up-to-date: /home/arms/X4M300_ws/install/custom_interfaces/lib/libcustom_interfaces__rosidl_typesupport_c.so
[0.323s] -- Up-to-date: /home/arms/X4M300_ws/install/custom_interfaces/include/custom_interfaces/custom_interfaces
[0.323s] -- Up-to-date: /home/arms/X4M300_ws/install/custom_interfaces/include/custom_interfaces/custom_interfaces/msg
[0.323s] -- Up-to-date: /home/arms/X4M300_ws/install/custom_interfaces/include/custom_interfaces/custom_interfaces/msg/float_list.hpp
[0.323s] -- Up-to-date: /home/arms/X4M300_ws/install/custom_interfaces/include/custom_interfaces/custom_interfaces/msg/detail
[0.323s] -- Up-to-date: /home/arms/X4M300_ws/install/custom_interfaces/include/custom_interfaces/custom_interfaces/msg/detail/float_list__struct.hpp
[0.323s] -- Up-to-date: /home/arms/X4M300_ws/install/custom_interfaces/include/custom_interfaces/custom_interfaces/msg/detail/float_list__traits.hpp
[0.323s] -- Up-to-date: /home/arms/X4M300_ws/install/custom_interfaces/include/custom_interfaces/custom_interfaces/msg/detail/float_list__builder.hpp
[0.323s] -- Up-to-date: /home/arms/X4M300_ws/install/custom_interfaces/include/custom_interfaces/custom_interfaces
[0.323s] -- Up-to-date: /home/arms/X4M300_ws/install/custom_interfaces/include/custom_interfaces/custom_interfaces/msg
[0.323s] -- Up-to-date: /home/arms/X4M300_ws/install/custom_interfaces/include/custom_interfaces/custom_interfaces/msg/rosidl_typesupport_fastrtps_cpp__visibility_control.h
[0.323s] -- Up-to-date: /home/arms/X4M300_ws/install/custom_interfaces/include/custom_interfaces/custom_interfaces/msg/detail
[0.323s] -- Up-to-date: /home/arms/X4M300_ws/install/custom_interfaces/include/custom_interfaces/custom_interfaces/msg/detail/dds_fastrtps
[0.323s] -- Up-to-date: /home/arms/X4M300_ws/install/custom_interfaces/include/custom_interfaces/custom_interfaces/msg/detail/float_list__rosidl_typesupport_fastrtps_cpp.hpp
[0.323s] -- Up-to-date: /home/arms/X4M300_ws/install/custom_interfaces/lib/libcustom_interfaces__rosidl_typesupport_fastrtps_cpp.so
[0.323s] -- Up-to-date: /home/arms/X4M300_ws/install/custom_interfaces/include/custom_interfaces/custom_interfaces
[0.324s] -- Up-to-date: /home/arms/X4M300_ws/install/custom_interfaces/include/custom_interfaces/custom_interfaces/msg
[0.324s] -- Up-to-date: /home/arms/X4M300_ws/install/custom_interfaces/include/custom_interfaces/custom_interfaces/msg/detail
[0.324s] -- Up-to-date: /home/arms/X4M300_ws/install/custom_interfaces/include/custom_interfaces/custom_interfaces/msg/detail/float_list__type_support.cpp
[0.324s] -- Up-to-date: /home/arms/X4M300_ws/install/custom_interfaces/include/custom_interfaces/custom_interfaces/msg/detail/float_list__rosidl_typesupport_introspection_cpp.hpp
[0.324s] -- Up-to-date: /home/arms/X4M300_ws/install/custom_interfaces/lib/libcustom_interfaces__rosidl_typesupport_introspection_cpp.so
[0.324s] -- Up-to-date: /home/arms/X4M300_ws/install/custom_interfaces/lib/libcustom_interfaces__rosidl_typesupport_cpp.so
[0.324s] -- Up-to-date: /home/arms/X4M300_ws/install/custom_interfaces/share/custom_interfaces/environment/pythonpath.sh
[0.324s] -- Up-to-date: /home/arms/X4M300_ws/install/custom_interfaces/share/custom_interfaces/environment/pythonpath.dsv
[0.324s] -- Up-to-date: /home/arms/X4M300_ws/install/custom_interfaces/local/lib/python3.10/dist-packages/custom_interfaces-0.0.0-py3.10.egg-info
[0.324s] -- Installing: /home/arms/X4M300_ws/install/custom_interfaces/local/lib/python3.10/dist-packages/custom_interfaces-0.0.0-py3.10.egg-info/dependency_links.txt
[0.324s] -- Installing: /home/arms/X4M300_ws/install/custom_interfaces/local/lib/python3.10/dist-packages/custom_interfaces-0.0.0-py3.10.egg-info/SOURCES.txt
[0.324s] -- Installing: /home/arms/X4M300_ws/install/custom_interfaces/local/lib/python3.10/dist-packages/custom_interfaces-0.0.0-py3.10.egg-info/top_level.txt
[0.324s] -- Installing: /home/arms/X4M300_ws/install/custom_interfaces/local/lib/python3.10/dist-packages/custom_interfaces-0.0.0-py3.10.egg-info/PKG-INFO
[0.324s] -- Up-to-date: /home/arms/X4M300_ws/install/custom_interfaces/local/lib/python3.10/dist-packages/custom_interfaces
[0.324s] -- Up-to-date: /home/arms/X4M300_ws/install/custom_interfaces/local/lib/python3.10/dist-packages/custom_interfaces/custom_interfaces_s__rosidl_typesupport_introspection_c.cpython-310-x86_64-linux-gnu.so
[0.324s] -- Up-to-date: /home/arms/X4M300_ws/install/custom_interfaces/local/lib/python3.10/dist-packages/custom_interfaces/custom_interfaces_s__rosidl_typesupport_fastrtps_c.cpython-310-x86_64-linux-gnu.so
[0.324s] -- Up-to-date: /home/arms/X4M300_ws/install/custom_interfaces/local/lib/python3.10/dist-packages/custom_interfaces/__init__.py
[0.324s] -- Up-to-date: /home/arms/X4M300_ws/install/custom_interfaces/local/lib/python3.10/dist-packages/custom_interfaces/_custom_interfaces_s.ep.rosidl_typesupport_c.c
[0.324s] -- Up-to-date: /home/arms/X4M300_ws/install/custom_interfaces/local/lib/python3.10/dist-packages/custom_interfaces/custom_interfaces_s__rosidl_typesupport_c.cpython-310-x86_64-linux-gnu.so
[0.324s] -- Up-to-date: /home/arms/X4M300_ws/install/custom_interfaces/local/lib/python3.10/dist-packages/custom_interfaces/libcustom_interfaces__rosidl_generator_py.so
[0.324s] -- Up-to-date: /home/arms/X4M300_ws/install/custom_interfaces/local/lib/python3.10/dist-packages/custom_interfaces/_custom_interfaces_s.ep.rosidl_typesupport_introspection_c.c
[0.324s] -- Up-to-date: /home/arms/X4M300_ws/install/custom_interfaces/local/lib/python3.10/dist-packages/custom_interfaces/msg
[0.324s] -- Up-to-date: /home/arms/X4M300_ws/install/custom_interfaces/local/lib/python3.10/dist-packages/custom_interfaces/msg/__init__.py
[0.324s] -- Up-to-date: /home/arms/X4M300_ws/install/custom_interfaces/local/lib/python3.10/dist-packages/custom_interfaces/msg/_float_list.py
[0.324s] -- Up-to-date: /home/arms/X4M300_ws/install/custom_interfaces/local/lib/python3.10/dist-packages/custom_interfaces/msg/_float_list_s.c
[0.324s] -- Up-to-date: /home/arms/X4M300_ws/install/custom_interfaces/local/lib/python3.10/dist-packages/custom_interfaces/_custom_interfaces_s.ep.rosidl_typesupport_fastrtps_c.c
[0.344s] Listing '/home/arms/X4M300_ws/install/custom_interfaces/local/lib/python3.10/dist-packages/custom_interfaces'...
[0.344s] Listing '/home/arms/X4M300_ws/install/custom_interfaces/local/lib/python3.10/dist-packages/custom_interfaces/msg'...
[0.346s] -- Up-to-date: /home/arms/X4M300_ws/install/custom_interfaces/local/lib/python3.10/dist-packages/custom_interfaces/custom_interfaces_s__rosidl_typesupport_fastrtps_c.cpython-310-x86_64-linux-gnu.so
[0.347s] -- Up-to-date: /home/arms/X4M300_ws/install/custom_interfaces/local/lib/python3.10/dist-packages/custom_interfaces/custom_interfaces_s__rosidl_typesupport_introspection_c.cpython-310-x86_64-linux-gnu.so
[0.347s] -- Up-to-date: /home/arms/X4M300_ws/install/custom_interfaces/local/lib/python3.10/dist-packages/custom_interfaces/custom_interfaces_s__rosidl_typesupport_c.cpython-310-x86_64-linux-gnu.so
[0.347s] -- Up-to-date: /home/arms/X4M300_ws/install/custom_interfaces/lib/libcustom_interfaces__rosidl_generator_py.so
[0.347s] -- Up-to-date: /home/arms/X4M300_ws/install/custom_interfaces/share/custom_interfaces/msg/FloatList.idl
[0.347s] -- Up-to-date: /home/arms/X4M300_ws/install/custom_interfaces/share/custom_interfaces/msg/FloatList.msg
[0.347s] -- Up-to-date: /home/arms/X4M300_ws/install/custom_interfaces/share/ament_index/resource_index/package_run_dependencies/custom_interfaces
[0.347s] -- Up-to-date: /home/arms/X4M300_ws/install/custom_interfaces/share/ament_index/resource_index/parent_prefix_path/custom_interfaces
[0.347s] -- Up-to-date: /home/arms/X4M300_ws/install/custom_interfaces/share/custom_interfaces/environment/ament_prefix_path.sh
[0.347s] -- Up-to-date: /home/arms/X4M300_ws/install/custom_interfaces/share/custom_interfaces/environment/ament_prefix_path.dsv
[0.347s] -- Up-to-date: /home/arms/X4M300_ws/install/custom_interfaces/share/custom_interfaces/environment/path.sh
[0.347s] -- Up-to-date: /home/arms/X4M300_ws/install/custom_interfaces/share/custom_interfaces/environment/path.dsv
[0.347s] -- Up-to-date: /home/arms/X4M300_ws/install/custom_interfaces/share/custom_interfaces/local_setup.bash
[0.347s] -- Up-to-date: /home/arms/X4M300_ws/install/custom_interfaces/share/custom_interfaces/local_setup.sh
[0.347s] -- Up-to-date: /home/arms/X4M300_ws/install/custom_interfaces/share/custom_interfaces/local_setup.zsh
[0.347s] -- Up-to-date: /home/arms/X4M300_ws/install/custom_interfaces/share/custom_interfaces/local_setup.dsv
[0.347s] -- Installing: /home/arms/X4M300_ws/install/custom_interfaces/share/custom_interfaces/package.dsv
[0.347s] -- Up-to-date: /home/arms/X4M300_ws/install/custom_interfaces/share/ament_index/resource_index/packages/custom_interfaces
[0.347s] -- Up-to-date: /home/arms/X4M300_ws/install/custom_interfaces/share/custom_interfaces/cmake/export_custom_interfaces__rosidl_generator_cExport.cmake
[0.348s] -- Up-to-date: /home/arms/X4M300_ws/install/custom_interfaces/share/custom_interfaces/cmake/export_custom_interfaces__rosidl_generator_cExport-noconfig.cmake
[0.348s] -- Up-to-date: /home/arms/X4M300_ws/install/custom_interfaces/share/custom_interfaces/cmake/export_custom_interfaces__rosidl_typesupport_fastrtps_cExport.cmake
[0.348s] -- Up-to-date: /home/arms/X4M300_ws/install/custom_interfaces/share/custom_interfaces/cmake/export_custom_interfaces__rosidl_typesupport_fastrtps_cExport-noconfig.cmake
[0.348s] -- Up-to-date: /home/arms/X4M300_ws/install/custom_interfaces/share/custom_interfaces/cmake/custom_interfaces__rosidl_typesupport_introspection_cExport.cmake
[0.348s] -- Up-to-date: /home/arms/X4M300_ws/install/custom_interfaces/share/custom_interfaces/cmake/custom_interfaces__rosidl_typesupport_introspection_cExport-noconfig.cmake
[0.348s] -- Up-to-date: /home/arms/X4M300_ws/install/custom_interfaces/share/custom_interfaces/cmake/custom_interfaces__rosidl_typesupport_cExport.cmake
[0.348s] -- Up-to-date: /home/arms/X4M300_ws/install/custom_interfaces/share/custom_interfaces/cmake/custom_interfaces__rosidl_typesupport_cExport-noconfig.cmake
[0.348s] -- Up-to-date: /home/arms/X4M300_ws/install/custom_interfaces/share/custom_interfaces/cmake/export_custom_interfaces__rosidl_generator_cppExport.cmake
[0.348s] -- Up-to-date: /home/arms/X4M300_ws/install/custom_interfaces/share/custom_interfaces/cmake/export_custom_interfaces__rosidl_typesupport_fastrtps_cppExport.cmake
[0.348s] -- Up-to-date: /home/arms/X4M300_ws/install/custom_interfaces/share/custom_interfaces/cmake/export_custom_interfaces__rosidl_typesupport_fastrtps_cppExport-noconfig.cmake
[0.348s] -- Up-to-date: /home/arms/X4M300_ws/install/custom_interfaces/share/custom_interfaces/cmake/custom_interfaces__rosidl_typesupport_introspection_cppExport.cmake
[0.348s] -- Up-to-date: /home/arms/X4M300_ws/install/custom_interfaces/share/custom_interfaces/cmake/custom_interfaces__rosidl_typesupport_introspection_cppExport-noconfig.cmake
[0.348s] -- Up-to-date: /home/arms/X4M300_ws/install/custom_interfaces/share/custom_interfaces/cmake/custom_interfaces__rosidl_typesupport_cppExport.cmake
[0.348s] -- Up-to-date: /home/arms/X4M300_ws/install/custom_interfaces/share/custom_interfaces/cmake/custom_interfaces__rosidl_typesupport_cppExport-noconfig.cmake
[0.348s] -- Up-to-date: /home/arms/X4M300_ws/install/custom_interfaces/share/custom_interfaces/cmake/export_custom_interfaces__rosidl_generator_pyExport.cmake
[0.348s] -- Up-to-date: /home/arms/X4M300_ws/install/custom_interfaces/share/custom_interfaces/cmake/export_custom_interfaces__rosidl_generator_pyExport-noconfig.cmake
[0.348s] -- Up-to-date: /home/arms/X4M300_ws/install/custom_interfaces/share/custom_interfaces/cmake/rosidl_cmake-extras.cmake
[0.348s] -- Up-to-date: /home/arms/X4M300_ws/install/custom_interfaces/share/custom_interfaces/cmake/ament_cmake_export_include_directories-extras.cmake
[0.348s] -- Up-to-date: /home/arms/X4M300_ws/install/custom_interfaces/share/custom_interfaces/cmake/ament_cmake_export_libraries-extras.cmake
[0.348s] -- Up-to-date: /home/arms/X4M300_ws/install/custom_interfaces/share/custom_interfaces/cmake/ament_cmake_export_targets-extras.cmake
[0.348s] -- Up-to-date: /home/arms/X4M300_ws/install/custom_interfaces/share/custom_interfaces/cmake/rosidl_cmake_export_typesupport_targets-extras.cmake
[0.348s] -- Up-to-date: /home/arms/X4M300_ws/install/custom_interfaces/share/custom_interfaces/cmake/ament_cmake_export_dependencies-extras.cmake
[0.348s] -- Up-to-date: /home/arms/X4M300_ws/install/custom_interfaces/share/custom_interfaces/cmake/rosidl_cmake_export_typesupport_libraries-extras.cmake
[0.348s] -- Up-to-date: /home/arms/X4M300_ws/install/custom_interfaces/share/custom_interfaces/cmake/custom_interfacesConfig.cmake
[0.348s] -- Up-to-date: /home/arms/X4M300_ws/install/custom_interfaces/share/custom_interfaces/cmake/custom_interfacesConfig-version.cmake
[0.348s] -- Up-to-date: /home/arms/X4M300_ws/install/custom_interfaces/share/custom_interfaces/package.xml
[0.349s] Invoked command in '/home/arms/X4M300_ws/build/custom_interfaces' returned '0': CMAKE_PREFIX_PATH=${CMAKE_PREFIX_PATH}:/home/arms/X4M300_ws/install/python_parameters:/home/arms/X4M300_ws/install/novelda_x4m300:/opt/ros/humble /usr/bin/cmake --install /home/arms/X4M300_ws/build/custom_interfaces
