running develop
running egg_info
creating novelda_x4m300.egg-info
writing novelda_x4m300.egg-info/PKG-INFO
writing dependency_links to novelda_x4m300.egg-info/dependency_links.txt
writing entry points to novelda_x4m300.egg-info/entry_points.txt
writing requirements to novelda_x4m300.egg-info/requires.txt
writing top-level names to novelda_x4m300.egg-info/top_level.txt
writing manifest file 'novelda_x4m300.egg-info/SOURCES.txt'
reading manifest file 'novelda_x4m300.egg-info/SOURCES.txt'
writing manifest file 'novelda_x4m300.egg-info/SOURCES.txt'
running build_ext
Creating /home/arms/X4M300_ws/install/novelda_x4m300/lib/python3.10/site-packages/novelda-x4m300.egg-link (link to .)
Installing test script to /home/arms/X4M300_ws/install/novelda_x4m300/lib/novelda_x4m300
Installing uwbListener script to /home/arms/X4M300_ws/install/novelda_x4m300/lib/novelda_x4m300
Installing uwbTalker script to /home/arms/X4M300_ws/install/novelda_x4m300/lib/novelda_x4m300

Installed /home/arms/X4M300_ws/build/novelda_x4m300
running symlink_data
creating /home/arms/X4M300_ws/install/novelda_x4m300/share/ament_index
creating /home/arms/X4M300_ws/install/novelda_x4m300/share/ament_index/resource_index
creating /home/arms/X4M300_ws/install/novelda_x4m300/share/ament_index/resource_index/packages
symbolically linking /home/arms/X4M300_ws/build/novelda_x4m300/resource/novelda_x4m300 -> /home/arms/X4M300_ws/install/novelda_x4m300/share/ament_index/resource_index/packages
symbolically linking /home/arms/X4M300_ws/build/novelda_x4m300/package.xml -> /home/arms/X4M300_ws/install/novelda_x4m300/share/novelda_x4m300
symbolically linking /home/arms/X4M300_ws/build/novelda_x4m300/launch/uwb_3_launch.py -> /home/arms/X4M300_ws/install/novelda_x4m300/share/novelda_x4m300
symbolically linking /home/arms/X4M300_ws/build/novelda_x4m300/launch/uwb_0_launch.py -> /home/arms/X4M300_ws/install/novelda_x4m300/share/novelda_x4m300
symbolically linking /home/arms/X4M300_ws/build/novelda_x4m300/launch/uwb_4_launch.py -> /home/arms/X4M300_ws/install/novelda_x4m300/share/novelda_x4m300
symbolically linking /home/arms/X4M300_ws/build/novelda_x4m300/launch/uwb_1_launch.py -> /home/arms/X4M300_ws/install/novelda_x4m300/share/novelda_x4m300
symbolically linking /home/arms/X4M300_ws/build/novelda_x4m300/launch/uwb_2_launch.py -> /home/arms/X4M300_ws/install/novelda_x4m300/share/novelda_x4m300
symbolically linking /home/arms/X4M300_ws/build/novelda_x4m300/launch/uwb_plot_launch.py -> /home/arms/X4M300_ws/install/novelda_x4m300/share/novelda_x4m300
symbolically linking /home/arms/X4M300_ws/build/novelda_x4m300/launch/uwblaunch.py -> /home/arms/X4M300_ws/install/novelda_x4m300/share/novelda_x4m300
symbolically linking /home/arms/X4M300_ws/build/novelda_x4m300/launch/uwbradar_xml.launch -> /home/arms/X4M300_ws/install/novelda_x4m300/share/novelda_x4m300
symbolically linking /home/arms/X4M300_ws/build/novelda_x4m300/launch/talker.launch -> /home/arms/X4M300_ws/install/novelda_x4m300/share/novelda_x4m300
creating /home/arms/X4M300_ws/install/novelda_x4m300/share/novelda_x4m300/config
symbolically linking /home/arms/X4M300_ws/build/novelda_x4m300/config/params.yaml -> /home/arms/X4M300_ws/install/novelda_x4m300/share/novelda_x4m300/config
creating /home/arms/X4M300_ws/install/novelda_x4m300/lib/python3.10/site-packages/novelda_x4m300
creating /home/arms/X4M300_ws/install/novelda_x4m300/lib/python3.10/site-packages/novelda_x4m300/scripts
creating /home/arms/X4M300_ws/install/novelda_x4m300/lib/python3.10/site-packages/novelda_x4m300/scripts/python35
creating /home/arms/X4M300_ws/install/novelda_x4m300/lib/python3.10/site-packages/novelda_x4m300/scripts/python35/pymoduleconnector
creating /home/arms/X4M300_ws/install/novelda_x4m300/lib/python3.10/site-packages/novelda_x4m300/scripts/python35/pymoduleconnector/moduleconnectorwrapper
symbolically linking /home/arms/X4M300_ws/build/novelda_x4m300/novelda_x4m300/scripts/python35/pymoduleconnector/moduleconnectorwrapper/_moduleconnectorwrapper.so -> /home/arms/X4M300_ws/install/novelda_x4m300/lib/python3.10/site-packages/novelda_x4m300/scripts/python35/pymoduleconnector/moduleconnectorwrapper
