[0.345s] Invoking command in '/home/arms/X4M300_ws/build/novelda_x4m300': LD_LIBRARY_PATH=/home/arms/X4M300_ws/install/custom_interfaces/lib:/home/arms/turtlebot3_ws/install/multirobot_map_merge/lib:/usr/lib/x86_64-linux-gnu/gazebo-11/plugins:/opt/ros/humble/opt/rviz_ogre_vendor/lib:/opt/ros/humble/lib/x86_64-linux-gnu:/opt/ros/humble/lib:/usr/lib/x86_64-linux-gnu/gazebo-11/plugins PYTHONPATH=/home/arms/X4M300_ws/build/novelda_x4m300/prefix_override:/usr/lib/python3/dist-packages/colcon_core/task/python/colcon_distutils_commands:/home/arms/X4M300_ws/install/novelda_x4m300/lib/python3.10/site-packages:${PYTHONPATH} /usr/bin/python3 -W ignore:setup.py install is deprecated setup.py develop --editable --build-directory /home/arms/X4M300_ws/build/novelda_x4m300/build --no-deps symlink_data
[0.488s] running develop
[0.567s] running egg_info
[0.567s] creating novelda_x4m300.egg-info
[0.567s] writing novelda_x4m300.egg-info/PKG-INFO
[0.567s] writing dependency_links to novelda_x4m300.egg-info/dependency_links.txt
[0.567s] writing entry points to novelda_x4m300.egg-info/entry_points.txt
[0.567s] writing requirements to novelda_x4m300.egg-info/requires.txt
[0.567s] writing top-level names to novelda_x4m300.egg-info/top_level.txt
[0.567s] writing manifest file 'novelda_x4m300.egg-info/SOURCES.txt'
[0.568s] reading manifest file 'novelda_x4m300.egg-info/SOURCES.txt'
[0.568s] writing manifest file 'novelda_x4m300.egg-info/SOURCES.txt'
[0.569s] running build_ext
[0.569s] Creating /home/arms/X4M300_ws/install/novelda_x4m300/lib/python3.10/site-packages/novelda-x4m300.egg-link (link to .)
[0.570s] Installing test script to /home/arms/X4M300_ws/install/novelda_x4m300/lib/novelda_x4m300
[0.570s] Installing uwbListener script to /home/arms/X4M300_ws/install/novelda_x4m300/lib/novelda_x4m300
[0.570s] Installing uwbTalker script to /home/arms/X4M300_ws/install/novelda_x4m300/lib/novelda_x4m300
[0.570s] 
[0.570s] Installed /home/arms/X4M300_ws/build/novelda_x4m300
[0.570s] running symlink_data
[0.570s] creating /home/arms/X4M300_ws/install/novelda_x4m300/share/ament_index
[0.570s] creating /home/arms/X4M300_ws/install/novelda_x4m300/share/ament_index/resource_index
[0.570s] creating /home/arms/X4M300_ws/install/novelda_x4m300/share/ament_index/resource_index/packages
[0.570s] symbolically linking /home/arms/X4M300_ws/build/novelda_x4m300/resource/novelda_x4m300 -> /home/arms/X4M300_ws/install/novelda_x4m300/share/ament_index/resource_index/packages
[0.570s] symbolically linking /home/arms/X4M300_ws/build/novelda_x4m300/package.xml -> /home/arms/X4M300_ws/install/novelda_x4m300/share/novelda_x4m300
[0.571s] symbolically linking /home/arms/X4M300_ws/build/novelda_x4m300/launch/uwb_3_launch.py -> /home/arms/X4M300_ws/install/novelda_x4m300/share/novelda_x4m300
[0.571s] symbolically linking /home/arms/X4M300_ws/build/novelda_x4m300/launch/uwb_0_launch.py -> /home/arms/X4M300_ws/install/novelda_x4m300/share/novelda_x4m300
[0.571s] symbolically linking /home/arms/X4M300_ws/build/novelda_x4m300/launch/uwb_4_launch.py -> /home/arms/X4M300_ws/install/novelda_x4m300/share/novelda_x4m300
[0.571s] symbolically linking /home/arms/X4M300_ws/build/novelda_x4m300/launch/uwb_1_launch.py -> /home/arms/X4M300_ws/install/novelda_x4m300/share/novelda_x4m300
[0.571s] symbolically linking /home/arms/X4M300_ws/build/novelda_x4m300/launch/uwb_2_launch.py -> /home/arms/X4M300_ws/install/novelda_x4m300/share/novelda_x4m300
[0.571s] symbolically linking /home/arms/X4M300_ws/build/novelda_x4m300/launch/uwb_plot_launch.py -> /home/arms/X4M300_ws/install/novelda_x4m300/share/novelda_x4m300
[0.571s] symbolically linking /home/arms/X4M300_ws/build/novelda_x4m300/launch/uwblaunch.py -> /home/arms/X4M300_ws/install/novelda_x4m300/share/novelda_x4m300
[0.571s] symbolically linking /home/arms/X4M300_ws/build/novelda_x4m300/launch/uwbradar_xml.launch -> /home/arms/X4M300_ws/install/novelda_x4m300/share/novelda_x4m300
[0.571s] symbolically linking /home/arms/X4M300_ws/build/novelda_x4m300/launch/talker.launch -> /home/arms/X4M300_ws/install/novelda_x4m300/share/novelda_x4m300
[0.571s] creating /home/arms/X4M300_ws/install/novelda_x4m300/share/novelda_x4m300/config
[0.571s] symbolically linking /home/arms/X4M300_ws/build/novelda_x4m300/config/params.yaml -> /home/arms/X4M300_ws/install/novelda_x4m300/share/novelda_x4m300/config
[0.571s] creating /home/arms/X4M300_ws/install/novelda_x4m300/lib/python3.10/site-packages/novelda_x4m300
[0.571s] creating /home/arms/X4M300_ws/install/novelda_x4m300/lib/python3.10/site-packages/novelda_x4m300/scripts
[0.571s] creating /home/arms/X4M300_ws/install/novelda_x4m300/lib/python3.10/site-packages/novelda_x4m300/scripts/python35
[0.571s] creating /home/arms/X4M300_ws/install/novelda_x4m300/lib/python3.10/site-packages/novelda_x4m300/scripts/python35/pymoduleconnector
[0.571s] creating /home/arms/X4M300_ws/install/novelda_x4m300/lib/python3.10/site-packages/novelda_x4m300/scripts/python35/pymoduleconnector/moduleconnectorwrapper
[0.571s] symbolically linking /home/arms/X4M300_ws/build/novelda_x4m300/novelda_x4m300/scripts/python35/pymoduleconnector/moduleconnectorwrapper/_moduleconnectorwrapper.so -> /home/arms/X4M300_ws/install/novelda_x4m300/lib/python3.10/site-packages/novelda_x4m300/scripts/python35/pymoduleconnector/moduleconnectorwrapper
[0.587s] Invoked command in '/home/arms/X4M300_ws/build/novelda_x4m300' returned '0': LD_LIBRARY_PATH=/home/arms/X4M300_ws/install/custom_interfaces/lib:/home/arms/turtlebot3_ws/install/multirobot_map_merge/lib:/usr/lib/x86_64-linux-gnu/gazebo-11/plugins:/opt/ros/humble/opt/rviz_ogre_vendor/lib:/opt/ros/humble/lib/x86_64-linux-gnu:/opt/ros/humble/lib:/usr/lib/x86_64-linux-gnu/gazebo-11/plugins PYTHONPATH=/home/arms/X4M300_ws/build/novelda_x4m300/prefix_override:/usr/lib/python3/dist-packages/colcon_core/task/python/colcon_distutils_commands:/home/arms/X4M300_ws/install/novelda_x4m300/lib/python3.10/site-packages:${PYTHONPATH} /usr/bin/python3 -W ignore:setup.py install is deprecated setup.py develop --editable --build-directory /home/arms/X4M300_ws/build/novelda_x4m300/build --no-deps symlink_data
