[0.411s] Invoking command in '/home/arms/X4M300_ws/src/python_parameters': PYTHONPATH=/home/arms/X4M300_ws/build/python_parameters/prefix_override:/usr/lib/python3/dist-packages/colcon_core/task/python/colcon_distutils_commands:/home/arms/X4M300_ws/install/python_parameters/lib/python3.10/site-packages:${PYTHONPATH} /usr/bin/python3 -W ignore:setup.py install is deprecated setup.py egg_info --egg-base ../../build/python_parameters build --build-base /home/arms/X4M300_ws/build/python_parameters/build install --record /home/arms/X4M300_ws/build/python_parameters/install.log --single-version-externally-managed install_data
[0.574s] running egg_info
[0.575s] writing ../../build/python_parameters/python_parameters.egg-info/PKG-INFO
[0.575s] writing dependency_links to ../../build/python_parameters/python_parameters.egg-info/dependency_links.txt
[0.575s] writing entry points to ../../build/python_parameters/python_parameters.egg-info/entry_points.txt
[0.575s] writing requirements to ../../build/python_parameters/python_parameters.egg-info/requires.txt
[0.575s] writing top-level names to ../../build/python_parameters/python_parameters.egg-info/top_level.txt
[0.577s] reading manifest file '../../build/python_parameters/python_parameters.egg-info/SOURCES.txt'
[0.577s] adding license file 'LICENSE'
[0.577s] writing manifest file '../../build/python_parameters/python_parameters.egg-info/SOURCES.txt'
[0.577s] running build
[0.577s] running build_py
[0.577s] running install
[0.577s] running install_lib
[0.579s] running install_data
[0.579s] running install_egg_info
[0.581s] removing '/home/arms/X4M300_ws/install/python_parameters/lib/python3.10/site-packages/python_parameters-0.0.0-py3.10.egg-info' (and everything under it)
[0.581s] Copying ../../build/python_parameters/python_parameters.egg-info to /home/arms/X4M300_ws/install/python_parameters/lib/python3.10/site-packages/python_parameters-0.0.0-py3.10.egg-info
[0.582s] running install_scripts
[0.597s] Installing param_node script to /home/arms/X4M300_ws/install/python_parameters/lib/python_parameters
[0.597s] writing list of installed files to '/home/arms/X4M300_ws/build/python_parameters/install.log'
[0.615s] Invoked command in '/home/arms/X4M300_ws/src/python_parameters' returned '0': PYTHONPATH=/home/arms/X4M300_ws/build/python_parameters/prefix_override:/usr/lib/python3/dist-packages/colcon_core/task/python/colcon_distutils_commands:/home/arms/X4M300_ws/install/python_parameters/lib/python3.10/site-packages:${PYTHONPATH} /usr/bin/python3 -W ignore:setup.py install is deprecated setup.py egg_info --egg-base ../../build/python_parameters build --build-base /home/arms/X4M300_ws/build/python_parameters/build install --record /home/arms/X4M300_ws/build/python_parameters/install.log --single-version-externally-managed install_data
