[0.055s] DEBUG:colcon:Command line arguments: ['/usr/bin/colcon', 'build']
[0.055s] DEBUG:colcon:Parsed command line arguments: Namespace(log_base=None, log_level=None, verb_name='build', build_base='build', install_base='install', merge_install=False, symlink_install=False, test_result_base=None, continue_on_error=False, executor='parallel', parallel_workers=20, event_handlers=None, ignore_user_meta=False, metas=['./colcon.meta'], base_paths=['.'], packages_ignore=None, packages_ignore_regex=None, paths=None, packages_up_to=None, packages_up_to_regex=None, packages_above=None, packages_above_and_dependencies=None, packages_above_depth=None, packages_select_by_dep=None, packages_skip_by_dep=None, packages_skip_up_to=None, packages_select_build_failed=False, packages_skip_build_finished=False, packages_select_test_failures=False, packages_skip_test_passed=False, packages_select=None, packages_skip=None, packages_select_regex=None, packages_skip_regex=None, packages_start=None, packages_end=None, allow_overriding=[], cmake_args=None, cmake_target=None, cmake_target_skip_unavailable=False, cmake_clean_cache=False, cmake_clean_first=False, cmake_force_configure=False, ament_cmake_args=None, catkin_cmake_args=None, catkin_skip_building_tests=False, mixin_files=None, mixin=None, verb_parser=<colcon_mixin.mixin.mixin_argument.MixinArgumentDecorator object at 0x71148c83ef80>, verb_extension=<colcon_core.verb.build.BuildVerb object at 0x71148c978130>, main=<bound method BuildVerb.main of <colcon_core.verb.build.BuildVerb object at 0x71148c978130>>, mixin_verb=('build',))
[0.142s] Level 1:colcon.colcon_core.package_discovery:discover_packages(colcon_meta) check parameters
[0.142s] Level 1:colcon.colcon_core.package_discovery:discover_packages(recursive) check parameters
[0.142s] Level 1:colcon.colcon_core.package_discovery:discover_packages(ignore) check parameters
[0.142s] Level 1:colcon.colcon_core.package_discovery:discover_packages(path) check parameters
[0.142s] Level 1:colcon.colcon_core.package_discovery:discover_packages(colcon_meta) discover
[0.142s] Level 1:colcon.colcon_core.package_discovery:discover_packages(recursive) discover
[0.142s] INFO:colcon.colcon_core.package_discovery:Crawling recursively for packages in '/home/arms/X4M300_ws'
[0.143s] Level 1:colcon.colcon_core.package_identification:_identify(.) by extensions ['ignore', 'ignore_ament_install']
[0.143s] Level 1:colcon.colcon_core.package_identification:_identify(.) by extension 'ignore'
[0.143s] Level 1:colcon.colcon_core.package_identification:_identify(.) by extension 'ignore_ament_install'
[0.143s] Level 1:colcon.colcon_core.package_identification:_identify(.) by extensions ['colcon_pkg']
[0.143s] Level 1:colcon.colcon_core.package_identification:_identify(.) by extension 'colcon_pkg'
[0.143s] Level 1:colcon.colcon_core.package_identification:_identify(.) by extensions ['colcon_meta']
[0.143s] Level 1:colcon.colcon_core.package_identification:_identify(.) by extension 'colcon_meta'
[0.143s] Level 1:colcon.colcon_core.package_identification:_identify(.) by extensions ['ros']
[0.143s] Level 1:colcon.colcon_core.package_identification:_identify(.) by extension 'ros'
[0.153s] Level 1:colcon.colcon_core.package_identification:_identify(.) by extensions ['cmake', 'python']
[0.153s] Level 1:colcon.colcon_core.package_identification:_identify(.) by extension 'cmake'
[0.153s] Level 1:colcon.colcon_core.package_identification:_identify(.) by extension 'python'
[0.153s] Level 1:colcon.colcon_core.package_identification:_identify(.) by extensions ['python_setup_py']
[0.153s] Level 1:colcon.colcon_core.package_identification:_identify(.) by extension 'python_setup_py'
[0.153s] Level 1:colcon.colcon_core.package_identification:_identify(build) by extensions ['ignore', 'ignore_ament_install']
[0.153s] Level 1:colcon.colcon_core.package_identification:_identify(build) by extension 'ignore'
[0.153s] Level 1:colcon.colcon_core.package_identification:_identify(build) ignored
[0.153s] Level 1:colcon.colcon_core.package_identification:_identify(install) by extensions ['ignore', 'ignore_ament_install']
[0.153s] Level 1:colcon.colcon_core.package_identification:_identify(install) by extension 'ignore'
[0.153s] Level 1:colcon.colcon_core.package_identification:_identify(install) ignored
[0.153s] Level 1:colcon.colcon_core.package_identification:_identify(log) by extensions ['ignore', 'ignore_ament_install']
[0.153s] Level 1:colcon.colcon_core.package_identification:_identify(log) by extension 'ignore'
[0.153s] Level 1:colcon.colcon_core.package_identification:_identify(log) ignored
[0.153s] Level 1:colcon.colcon_core.package_identification:_identify(src) by extensions ['ignore', 'ignore_ament_install']
[0.153s] Level 1:colcon.colcon_core.package_identification:_identify(src) by extension 'ignore'
[0.154s] Level 1:colcon.colcon_core.package_identification:_identify(src) by extension 'ignore_ament_install'
[0.154s] Level 1:colcon.colcon_core.package_identification:_identify(src) by extensions ['colcon_pkg']
[0.154s] Level 1:colcon.colcon_core.package_identification:_identify(src) by extension 'colcon_pkg'
[0.154s] Level 1:colcon.colcon_core.package_identification:_identify(src) by extensions ['colcon_meta']
[0.154s] Level 1:colcon.colcon_core.package_identification:_identify(src) by extension 'colcon_meta'
[0.154s] Level 1:colcon.colcon_core.package_identification:_identify(src) by extensions ['ros']
[0.154s] Level 1:colcon.colcon_core.package_identification:_identify(src) by extension 'ros'
[0.154s] Level 1:colcon.colcon_core.package_identification:_identify(src) by extensions ['cmake', 'python']
[0.154s] Level 1:colcon.colcon_core.package_identification:_identify(src) by extension 'cmake'
[0.154s] Level 1:colcon.colcon_core.package_identification:_identify(src) by extension 'python'
[0.154s] Level 1:colcon.colcon_core.package_identification:_identify(src) by extensions ['python_setup_py']
[0.154s] Level 1:colcon.colcon_core.package_identification:_identify(src) by extension 'python_setup_py'
[0.154s] Level 1:colcon.colcon_core.package_identification:_identify(src/custom_interfaces) by extensions ['ignore', 'ignore_ament_install']
[0.154s] Level 1:colcon.colcon_core.package_identification:_identify(src/custom_interfaces) by extension 'ignore'
[0.154s] Level 1:colcon.colcon_core.package_identification:_identify(src/custom_interfaces) by extension 'ignore_ament_install'
[0.154s] Level 1:colcon.colcon_core.package_identification:_identify(src/custom_interfaces) by extensions ['colcon_pkg']
[0.154s] Level 1:colcon.colcon_core.package_identification:_identify(src/custom_interfaces) by extension 'colcon_pkg'
[0.154s] Level 1:colcon.colcon_core.package_identification:_identify(src/custom_interfaces) by extensions ['colcon_meta']
[0.154s] Level 1:colcon.colcon_core.package_identification:_identify(src/custom_interfaces) by extension 'colcon_meta'
[0.154s] Level 1:colcon.colcon_core.package_identification:_identify(src/custom_interfaces) by extensions ['ros']
[0.154s] Level 1:colcon.colcon_core.package_identification:_identify(src/custom_interfaces) by extension 'ros'
[0.155s] DEBUG:colcon.colcon_core.package_identification:Package 'src/custom_interfaces' with type 'ros.ament_cmake' and name 'custom_interfaces'
[0.155s] Level 1:colcon.colcon_core.package_identification:_identify(src/novelda_x4m300) by extensions ['ignore', 'ignore_ament_install']
[0.155s] Level 1:colcon.colcon_core.package_identification:_identify(src/novelda_x4m300) by extension 'ignore'
[0.155s] Level 1:colcon.colcon_core.package_identification:_identify(src/novelda_x4m300) by extension 'ignore_ament_install'
[0.155s] Level 1:colcon.colcon_core.package_identification:_identify(src/novelda_x4m300) by extensions ['colcon_pkg']
[0.155s] Level 1:colcon.colcon_core.package_identification:_identify(src/novelda_x4m300) by extension 'colcon_pkg'
[0.155s] Level 1:colcon.colcon_core.package_identification:_identify(src/novelda_x4m300) by extensions ['colcon_meta']
[0.155s] Level 1:colcon.colcon_core.package_identification:_identify(src/novelda_x4m300) by extension 'colcon_meta'
[0.155s] Level 1:colcon.colcon_core.package_identification:_identify(src/novelda_x4m300) by extensions ['ros']
[0.155s] Level 1:colcon.colcon_core.package_identification:_identify(src/novelda_x4m300) by extension 'ros'
[0.156s] DEBUG:colcon.colcon_core.package_identification:Package 'src/novelda_x4m300' with type 'ros.ament_python' and name 'novelda_x4m300'
[0.156s] Level 1:colcon.colcon_core.package_identification:_identify(src/python_parameters) by extensions ['ignore', 'ignore_ament_install']
[0.156s] Level 1:colcon.colcon_core.package_identification:_identify(src/python_parameters) by extension 'ignore'
[0.156s] Level 1:colcon.colcon_core.package_identification:_identify(src/python_parameters) by extension 'ignore_ament_install'
[0.156s] Level 1:colcon.colcon_core.package_identification:_identify(src/python_parameters) by extensions ['colcon_pkg']
[0.156s] Level 1:colcon.colcon_core.package_identification:_identify(src/python_parameters) by extension 'colcon_pkg'
[0.156s] Level 1:colcon.colcon_core.package_identification:_identify(src/python_parameters) by extensions ['colcon_meta']
[0.156s] Level 1:colcon.colcon_core.package_identification:_identify(src/python_parameters) by extension 'colcon_meta'
[0.156s] Level 1:colcon.colcon_core.package_identification:_identify(src/python_parameters) by extensions ['ros']
[0.156s] Level 1:colcon.colcon_core.package_identification:_identify(src/python_parameters) by extension 'ros'
[0.156s] DEBUG:colcon.colcon_core.package_identification:Package 'src/python_parameters' with type 'ros.ament_python' and name 'python_parameters'
[0.156s] Level 1:colcon.colcon_core.package_identification:_identify(support) by extensions ['ignore', 'ignore_ament_install']
[0.156s] Level 1:colcon.colcon_core.package_identification:_identify(support) by extension 'ignore'
[0.156s] Level 1:colcon.colcon_core.package_identification:_identify(support) by extension 'ignore_ament_install'
[0.156s] Level 1:colcon.colcon_core.package_identification:_identify(support) by extensions ['colcon_pkg']
[0.156s] Level 1:colcon.colcon_core.package_identification:_identify(support) by extension 'colcon_pkg'
[0.156s] Level 1:colcon.colcon_core.package_identification:_identify(support) by extensions ['colcon_meta']
[0.156s] Level 1:colcon.colcon_core.package_identification:_identify(support) by extension 'colcon_meta'
[0.157s] Level 1:colcon.colcon_core.package_identification:_identify(support) by extensions ['ros']
[0.157s] Level 1:colcon.colcon_core.package_identification:_identify(support) by extension 'ros'
[0.157s] Level 1:colcon.colcon_core.package_identification:_identify(support) by extensions ['cmake', 'python']
[0.157s] Level 1:colcon.colcon_core.package_identification:_identify(support) by extension 'cmake'
[0.157s] Level 1:colcon.colcon_core.package_identification:_identify(support) by extension 'python'
[0.157s] Level 1:colcon.colcon_core.package_identification:_identify(support) by extensions ['python_setup_py']
[0.157s] Level 1:colcon.colcon_core.package_identification:_identify(support) by extension 'python_setup_py'
[0.157s] Level 1:colcon.colcon_core.package_discovery:discover_packages(recursive) using defaults
[0.157s] Level 1:colcon.colcon_core.package_discovery:discover_packages(ignore) discover
[0.157s] Level 1:colcon.colcon_core.package_discovery:discover_packages(ignore) using defaults
[0.157s] Level 1:colcon.colcon_core.package_discovery:discover_packages(path) discover
[0.157s] Level 1:colcon.colcon_core.package_discovery:discover_packages(path) using defaults
[0.167s] Level 1:colcon.colcon_core.package_discovery:discover_packages(prefix_path) check parameters
[0.167s] Level 1:colcon.colcon_core.package_discovery:discover_packages(prefix_path) discover
[0.168s] DEBUG:colcon.colcon_installed_package_information.package_discovery:Found 1 installed packages in /home/arms/launcher_ws/install
[0.168s] DEBUG:colcon.colcon_installed_package_information.package_discovery:Found 1 installed packages in /home/arms/my_ws/install
[0.169s] DEBUG:colcon.colcon_installed_package_information.package_discovery:Found 5 installed packages in /home/arms/turtlebot3_ws/install
[0.169s] DEBUG:colcon.colcon_installed_package_information.package_discovery:Found 3 installed packages in /home/arms/X4M300_ws/install
[0.170s] DEBUG:colcon.colcon_installed_package_information.package_discovery:Found 375 installed packages in /opt/ros/humble
[0.171s] Level 1:colcon.colcon_core.package_discovery:discover_packages(prefix_path) using defaults
[0.192s] Level 5:colcon.colcon_core.verb:set package 'custom_interfaces' build argument 'cmake_args' from command line to 'None'
[0.192s] Level 5:colcon.colcon_core.verb:set package 'custom_interfaces' build argument 'cmake_target' from command line to 'None'
[0.192s] Level 5:colcon.colcon_core.verb:set package 'custom_interfaces' build argument 'cmake_target_skip_unavailable' from command line to 'False'
[0.192s] Level 5:colcon.colcon_core.verb:set package 'custom_interfaces' build argument 'cmake_clean_cache' from command line to 'False'
[0.192s] Level 5:colcon.colcon_core.verb:set package 'custom_interfaces' build argument 'cmake_clean_first' from command line to 'False'
[0.192s] Level 5:colcon.colcon_core.verb:set package 'custom_interfaces' build argument 'cmake_force_configure' from command line to 'False'
[0.192s] Level 5:colcon.colcon_core.verb:set package 'custom_interfaces' build argument 'ament_cmake_args' from command line to 'None'
[0.192s] Level 5:colcon.colcon_core.verb:set package 'custom_interfaces' build argument 'catkin_cmake_args' from command line to 'None'
[0.192s] Level 5:colcon.colcon_core.verb:set package 'custom_interfaces' build argument 'catkin_skip_building_tests' from command line to 'False'
[0.192s] DEBUG:colcon.colcon_core.verb:Building package 'custom_interfaces' with the following arguments: {'ament_cmake_args': None, 'build_base': '/home/arms/X4M300_ws/build/custom_interfaces', 'catkin_cmake_args': None, 'catkin_skip_building_tests': False, 'cmake_args': None, 'cmake_clean_cache': False, 'cmake_clean_first': False, 'cmake_force_configure': False, 'cmake_target': None, 'cmake_target_skip_unavailable': False, 'install_base': '/home/arms/X4M300_ws/install/custom_interfaces', 'merge_install': False, 'path': '/home/arms/X4M300_ws/src/custom_interfaces', 'symlink_install': False, 'test_result_base': None}
[0.192s] Level 5:colcon.colcon_core.verb:set package 'python_parameters' build argument 'cmake_args' from command line to 'None'
[0.192s] Level 5:colcon.colcon_core.verb:set package 'python_parameters' build argument 'cmake_target' from command line to 'None'
[0.192s] Level 5:colcon.colcon_core.verb:set package 'python_parameters' build argument 'cmake_target_skip_unavailable' from command line to 'False'
[0.192s] Level 5:colcon.colcon_core.verb:set package 'python_parameters' build argument 'cmake_clean_cache' from command line to 'False'
[0.192s] Level 5:colcon.colcon_core.verb:set package 'python_parameters' build argument 'cmake_clean_first' from command line to 'False'
[0.192s] Level 5:colcon.colcon_core.verb:set package 'python_parameters' build argument 'cmake_force_configure' from command line to 'False'
[0.192s] Level 5:colcon.colcon_core.verb:set package 'python_parameters' build argument 'ament_cmake_args' from command line to 'None'
[0.192s] Level 5:colcon.colcon_core.verb:set package 'python_parameters' build argument 'catkin_cmake_args' from command line to 'None'
[0.192s] Level 5:colcon.colcon_core.verb:set package 'python_parameters' build argument 'catkin_skip_building_tests' from command line to 'False'
[0.192s] DEBUG:colcon.colcon_core.verb:Building package 'python_parameters' with the following arguments: {'ament_cmake_args': None, 'build_base': '/home/arms/X4M300_ws/build/python_parameters', 'catkin_cmake_args': None, 'catkin_skip_building_tests': False, 'cmake_args': None, 'cmake_clean_cache': False, 'cmake_clean_first': False, 'cmake_force_configure': False, 'cmake_target': None, 'cmake_target_skip_unavailable': False, 'install_base': '/home/arms/X4M300_ws/install/python_parameters', 'merge_install': False, 'path': '/home/arms/X4M300_ws/src/python_parameters', 'symlink_install': False, 'test_result_base': None}
[0.193s] Level 5:colcon.colcon_core.verb:set package 'novelda_x4m300' build argument 'cmake_args' from command line to 'None'
[0.193s] Level 5:colcon.colcon_core.verb:set package 'novelda_x4m300' build argument 'cmake_target' from command line to 'None'
[0.193s] Level 5:colcon.colcon_core.verb:set package 'novelda_x4m300' build argument 'cmake_target_skip_unavailable' from command line to 'False'
[0.193s] Level 5:colcon.colcon_core.verb:set package 'novelda_x4m300' build argument 'cmake_clean_cache' from command line to 'False'
[0.193s] Level 5:colcon.colcon_core.verb:set package 'novelda_x4m300' build argument 'cmake_clean_first' from command line to 'False'
[0.193s] Level 5:colcon.colcon_core.verb:set package 'novelda_x4m300' build argument 'cmake_force_configure' from command line to 'False'
[0.193s] Level 5:colcon.colcon_core.verb:set package 'novelda_x4m300' build argument 'ament_cmake_args' from command line to 'None'
[0.193s] Level 5:colcon.colcon_core.verb:set package 'novelda_x4m300' build argument 'catkin_cmake_args' from command line to 'None'
[0.193s] Level 5:colcon.colcon_core.verb:set package 'novelda_x4m300' build argument 'catkin_skip_building_tests' from command line to 'False'
[0.193s] DEBUG:colcon.colcon_core.verb:Building package 'novelda_x4m300' with the following arguments: {'ament_cmake_args': None, 'build_base': '/home/arms/X4M300_ws/build/novelda_x4m300', 'catkin_cmake_args': None, 'catkin_skip_building_tests': False, 'cmake_args': None, 'cmake_clean_cache': False, 'cmake_clean_first': False, 'cmake_force_configure': False, 'cmake_target': None, 'cmake_target_skip_unavailable': False, 'install_base': '/home/arms/X4M300_ws/install/novelda_x4m300', 'merge_install': False, 'path': '/home/arms/X4M300_ws/src/novelda_x4m300', 'symlink_install': False, 'test_result_base': None}
[0.193s] INFO:colcon.colcon_core.executor:Executing jobs using 'parallel' executor
[0.194s] DEBUG:colcon.colcon_parallel_executor.executor.parallel:run_until_complete
[0.194s] INFO:colcon.colcon_ros.task.ament_cmake.build:Building ROS package in '/home/arms/X4M300_ws/src/custom_interfaces' with build type 'ament_cmake'
[0.194s] INFO:colcon.colcon_cmake.task.cmake.build:Building CMake package in '/home/arms/X4M300_ws/src/custom_interfaces'
[0.195s] INFO:colcon.colcon_core.plugin_system:Skipping extension 'colcon_core.shell.bat': Not used on non-Windows systems
[0.195s] INFO:colcon.colcon_core.shell:Skip shell extension 'powershell' for command environment: Not usable outside of PowerShell
[0.195s] DEBUG:colcon.colcon_core.shell:Skip shell extension 'dsv' for command environment
[0.197s] INFO:colcon.colcon_ros.task.ament_python.build:Building ROS package in '/home/arms/X4M300_ws/src/python_parameters' with build type 'ament_python'
[0.197s] Level 1:colcon.colcon_core.shell:create_environment_hook('python_parameters', 'ament_prefix_path')
[0.197s] INFO:colcon.colcon_core.shell:Creating environment hook '/home/arms/X4M300_ws/install/python_parameters/share/python_parameters/hook/ament_prefix_path.ps1'
[0.198s] INFO:colcon.colcon_core.shell:Creating environment descriptor '/home/arms/X4M300_ws/install/python_parameters/share/python_parameters/hook/ament_prefix_path.dsv'
[0.198s] INFO:colcon.colcon_core.shell:Creating environment hook '/home/arms/X4M300_ws/install/python_parameters/share/python_parameters/hook/ament_prefix_path.sh'
[0.198s] INFO:colcon.colcon_core.shell:Skip shell extension 'powershell' for command environment: Not usable outside of PowerShell
[0.198s] DEBUG:colcon.colcon_core.shell:Skip shell extension 'dsv' for command environment
[0.204s] DEBUG:colcon.colcon_core.event_handler.log_command:Invoking command in '/home/arms/X4M300_ws/build/custom_interfaces': CMAKE_PREFIX_PATH=${CMAKE_PREFIX_PATH}:/home/arms/X4M300_ws/install/python_parameters:/home/arms/X4M300_ws/install/novelda_x4m300:/opt/ros/humble /usr/bin/cmake /home/arms/X4M300_ws/src/custom_interfaces -DCMAKE_INSTALL_PREFIX=/home/arms/X4M300_ws/install/custom_interfaces
[0.359s] INFO:colcon.colcon_core.task.python.build:Building Python package in '/home/arms/X4M300_ws/src/python_parameters'
[0.360s] INFO:colcon.colcon_core.shell:Skip shell extension 'powershell' for command environment: Not usable outside of PowerShell
[0.360s] DEBUG:colcon.colcon_core.shell:Skip shell extension 'dsv' for command environment
[0.573s] DEBUG:colcon.colcon_core.event_handler.log_command:Invoking command in '/home/arms/X4M300_ws/build/python_parameters': PYTHONPATH=/home/arms/X4M300_ws/build/python_parameters/prefix_override:/usr/lib/python3/dist-packages/colcon_core/task/python/colcon_distutils_commands:/home/arms/X4M300_ws/install/python_parameters/lib/python3.10/site-packages:${PYTHONPATH} /usr/bin/python3 -W ignore:setup.py install is deprecated setup.py develop --uninstall --editable --build-directory /home/arms/X4M300_ws/build/python_parameters/build
[0.838s] DEBUG:colcon.colcon_core.event_handler.log_command:Invoked command in '/home/arms/X4M300_ws/build/python_parameters' returned '0': PYTHONPATH=/home/arms/X4M300_ws/build/python_parameters/prefix_override:/usr/lib/python3/dist-packages/colcon_core/task/python/colcon_distutils_commands:/home/arms/X4M300_ws/install/python_parameters/lib/python3.10/site-packages:${PYTHONPATH} /usr/bin/python3 -W ignore:setup.py install is deprecated setup.py develop --uninstall --editable --build-directory /home/arms/X4M300_ws/build/python_parameters/build
[0.839s] DEBUG:colcon.colcon_core.event_handler.log_command:Invoking command in '/home/arms/X4M300_ws/src/python_parameters': PYTHONPATH=/home/arms/X4M300_ws/build/python_parameters/prefix_override:/usr/lib/python3/dist-packages/colcon_core/task/python/colcon_distutils_commands:/home/arms/X4M300_ws/install/python_parameters/lib/python3.10/site-packages:${PYTHONPATH} /usr/bin/python3 -W ignore:setup.py install is deprecated setup.py egg_info --egg-base ../../build/python_parameters build --build-base /home/arms/X4M300_ws/build/python_parameters/build install --record /home/arms/X4M300_ws/build/python_parameters/install.log --single-version-externally-managed install_data --force
[0.881s] DEBUG:colcon.colcon_core.event_handler.log_command:Invoked command in '/home/arms/X4M300_ws/build/custom_interfaces' returned '0': CMAKE_PREFIX_PATH=${CMAKE_PREFIX_PATH}:/home/arms/X4M300_ws/install/python_parameters:/home/arms/X4M300_ws/install/novelda_x4m300:/opt/ros/humble /usr/bin/cmake /home/arms/X4M300_ws/src/custom_interfaces -DCMAKE_INSTALL_PREFIX=/home/arms/X4M300_ws/install/custom_interfaces
[0.883s] DEBUG:colcon.colcon_core.event_handler.log_command:Invoking command in '/home/arms/X4M300_ws/build/custom_interfaces': CMAKE_PREFIX_PATH=${CMAKE_PREFIX_PATH}:/home/arms/X4M300_ws/install/python_parameters:/home/arms/X4M300_ws/install/novelda_x4m300:/opt/ros/humble /usr/bin/cmake --build /home/arms/X4M300_ws/build/custom_interfaces -- -j20 -l20
[1.055s] DEBUG:colcon.colcon_core.event_handler.log_command:Invoked command in '/home/arms/X4M300_ws/src/python_parameters' returned '0': PYTHONPATH=/home/arms/X4M300_ws/build/python_parameters/prefix_override:/usr/lib/python3/dist-packages/colcon_core/task/python/colcon_distutils_commands:/home/arms/X4M300_ws/install/python_parameters/lib/python3.10/site-packages:${PYTHONPATH} /usr/bin/python3 -W ignore:setup.py install is deprecated setup.py egg_info --egg-base ../../build/python_parameters build --build-base /home/arms/X4M300_ws/build/python_parameters/build install --record /home/arms/X4M300_ws/build/python_parameters/install.log --single-version-externally-managed install_data --force
[1.057s] Level 1:colcon.colcon_core.environment:checking '/home/arms/X4M300_ws/install/python_parameters' for CMake module files
[1.057s] Level 1:colcon.colcon_core.environment:checking '/home/arms/X4M300_ws/install/python_parameters' for CMake config files
[1.058s] Level 1:colcon.colcon_core.environment:checking '/home/arms/X4M300_ws/install/python_parameters/lib'
[1.058s] Level 1:colcon.colcon_core.environment:checking '/home/arms/X4M300_ws/install/python_parameters/bin'
[1.058s] Level 1:colcon.colcon_core.environment:checking '/home/arms/X4M300_ws/install/python_parameters/lib/pkgconfig/python_parameters.pc'
[1.058s] Level 1:colcon.colcon_core.environment:checking '/home/arms/X4M300_ws/install/python_parameters/lib/python3.10/site-packages'
[1.058s] Level 1:colcon.colcon_core.shell:create_environment_hook('python_parameters', 'pythonpath')
[1.058s] INFO:colcon.colcon_core.shell:Creating environment hook '/home/arms/X4M300_ws/install/python_parameters/share/python_parameters/hook/pythonpath.ps1'
[1.059s] INFO:colcon.colcon_core.shell:Creating environment descriptor '/home/arms/X4M300_ws/install/python_parameters/share/python_parameters/hook/pythonpath.dsv'
[1.059s] INFO:colcon.colcon_core.shell:Creating environment hook '/home/arms/X4M300_ws/install/python_parameters/share/python_parameters/hook/pythonpath.sh'
[1.059s] Level 1:colcon.colcon_core.environment:checking '/home/arms/X4M300_ws/install/python_parameters/bin'
[1.059s] Level 1:colcon.colcon_core.environment:create_environment_scripts_only(python_parameters)
[1.060s] INFO:colcon.colcon_core.shell:Creating package script '/home/arms/X4M300_ws/install/python_parameters/share/python_parameters/package.ps1'
[1.060s] INFO:colcon.colcon_core.shell:Creating package descriptor '/home/arms/X4M300_ws/install/python_parameters/share/python_parameters/package.dsv'
[1.061s] INFO:colcon.colcon_core.shell:Creating package script '/home/arms/X4M300_ws/install/python_parameters/share/python_parameters/package.sh'
[1.061s] INFO:colcon.colcon_core.shell:Creating package script '/home/arms/X4M300_ws/install/python_parameters/share/python_parameters/package.bash'
[1.061s] INFO:colcon.colcon_core.shell:Creating package script '/home/arms/X4M300_ws/install/python_parameters/share/python_parameters/package.zsh'
[1.062s] Level 1:colcon.colcon_core.environment:create_file_with_runtime_dependencies(/home/arms/X4M300_ws/install/python_parameters/share/colcon-core/packages/python_parameters)
[1.149s] DEBUG:colcon.colcon_core.event_handler.log_command:Invoked command in '/home/arms/X4M300_ws/build/custom_interfaces' returned '0': CMAKE_PREFIX_PATH=${CMAKE_PREFIX_PATH}:/home/arms/X4M300_ws/install/python_parameters:/home/arms/X4M300_ws/install/novelda_x4m300:/opt/ros/humble /usr/bin/cmake --build /home/arms/X4M300_ws/build/custom_interfaces -- -j20 -l20
[1.202s] DEBUG:colcon.colcon_core.event_handler.log_command:Invoking command in '/home/arms/X4M300_ws/build/custom_interfaces': CMAKE_PREFIX_PATH=${CMAKE_PREFIX_PATH}:/home/arms/X4M300_ws/install/python_parameters:/home/arms/X4M300_ws/install/novelda_x4m300:/opt/ros/humble /usr/bin/cmake --install /home/arms/X4M300_ws/build/custom_interfaces
[1.244s] Level 1:colcon.colcon_core.environment:create_environment_scripts_only(custom_interfaces)
[1.244s] Level 1:colcon.colcon_core.environment:checking '/home/arms/X4M300_ws/install/custom_interfaces' for CMake module files
[1.245s] DEBUG:colcon.colcon_core.event_handler.log_command:Invoked command in '/home/arms/X4M300_ws/build/custom_interfaces' returned '0': CMAKE_PREFIX_PATH=${CMAKE_PREFIX_PATH}:/home/arms/X4M300_ws/install/python_parameters:/home/arms/X4M300_ws/install/novelda_x4m300:/opt/ros/humble /usr/bin/cmake --install /home/arms/X4M300_ws/build/custom_interfaces
[1.245s] Level 1:colcon.colcon_core.environment:checking '/home/arms/X4M300_ws/install/custom_interfaces' for CMake config files
[1.245s] Level 1:colcon.colcon_core.shell:create_environment_hook('custom_interfaces', 'cmake_prefix_path')
[1.245s] INFO:colcon.colcon_core.shell:Creating environment hook '/home/arms/X4M300_ws/install/custom_interfaces/share/custom_interfaces/hook/cmake_prefix_path.ps1'
[1.245s] INFO:colcon.colcon_core.shell:Creating environment descriptor '/home/arms/X4M300_ws/install/custom_interfaces/share/custom_interfaces/hook/cmake_prefix_path.dsv'
[1.246s] INFO:colcon.colcon_core.shell:Creating environment hook '/home/arms/X4M300_ws/install/custom_interfaces/share/custom_interfaces/hook/cmake_prefix_path.sh'
[1.246s] Level 1:colcon.colcon_core.environment:checking '/home/arms/X4M300_ws/install/custom_interfaces/lib'
[1.246s] Level 1:colcon.colcon_core.shell:create_environment_hook('custom_interfaces', 'ld_library_path_lib')
[1.246s] INFO:colcon.colcon_core.shell:Creating environment hook '/home/arms/X4M300_ws/install/custom_interfaces/share/custom_interfaces/hook/ld_library_path_lib.ps1'
[1.246s] INFO:colcon.colcon_core.shell:Creating environment descriptor '/home/arms/X4M300_ws/install/custom_interfaces/share/custom_interfaces/hook/ld_library_path_lib.dsv'
[1.246s] INFO:colcon.colcon_core.shell:Creating environment hook '/home/arms/X4M300_ws/install/custom_interfaces/share/custom_interfaces/hook/ld_library_path_lib.sh'
[1.247s] Level 1:colcon.colcon_core.environment:checking '/home/arms/X4M300_ws/install/custom_interfaces/bin'
[1.247s] Level 1:colcon.colcon_core.environment:checking '/home/arms/X4M300_ws/install/custom_interfaces/lib/pkgconfig/custom_interfaces.pc'
[1.247s] Level 1:colcon.colcon_core.environment:checking '/home/arms/X4M300_ws/install/custom_interfaces/lib/python3.10/site-packages'
[1.247s] Level 1:colcon.colcon_core.environment:checking '/home/arms/X4M300_ws/install/custom_interfaces/bin'
[1.247s] INFO:colcon.colcon_core.shell:Creating package script '/home/arms/X4M300_ws/install/custom_interfaces/share/custom_interfaces/package.ps1'
[1.247s] INFO:colcon.colcon_core.shell:Creating package descriptor '/home/arms/X4M300_ws/install/custom_interfaces/share/custom_interfaces/package.dsv'
[1.248s] INFO:colcon.colcon_core.shell:Creating package script '/home/arms/X4M300_ws/install/custom_interfaces/share/custom_interfaces/package.sh'
[1.248s] INFO:colcon.colcon_core.shell:Creating package script '/home/arms/X4M300_ws/install/custom_interfaces/share/custom_interfaces/package.bash'
[1.248s] INFO:colcon.colcon_core.shell:Creating package script '/home/arms/X4M300_ws/install/custom_interfaces/share/custom_interfaces/package.zsh'
[1.248s] Level 1:colcon.colcon_core.environment:create_file_with_runtime_dependencies(/home/arms/X4M300_ws/install/custom_interfaces/share/colcon-core/packages/custom_interfaces)
[1.298s] Level 1:colcon.colcon_core.environment:create_environment_scripts_only(custom_interfaces)
[1.298s] Level 1:colcon.colcon_core.environment:checking '/home/arms/X4M300_ws/install/custom_interfaces' for CMake module files
[1.298s] Level 1:colcon.colcon_core.environment:checking '/home/arms/X4M300_ws/install/custom_interfaces' for CMake config files
[1.298s] Level 1:colcon.colcon_core.shell:create_environment_hook('custom_interfaces', 'cmake_prefix_path')
[1.298s] INFO:colcon.colcon_core.shell:Creating environment hook '/home/arms/X4M300_ws/install/custom_interfaces/share/custom_interfaces/hook/cmake_prefix_path.ps1'
[1.298s] INFO:colcon.colcon_core.shell:Creating environment descriptor '/home/arms/X4M300_ws/install/custom_interfaces/share/custom_interfaces/hook/cmake_prefix_path.dsv'
[1.299s] INFO:colcon.colcon_core.shell:Creating environment hook '/home/arms/X4M300_ws/install/custom_interfaces/share/custom_interfaces/hook/cmake_prefix_path.sh'
[1.299s] Level 1:colcon.colcon_core.environment:checking '/home/arms/X4M300_ws/install/custom_interfaces/lib'
[1.299s] Level 1:colcon.colcon_core.shell:create_environment_hook('custom_interfaces', 'ld_library_path_lib')
[1.299s] INFO:colcon.colcon_core.shell:Creating environment hook '/home/arms/X4M300_ws/install/custom_interfaces/share/custom_interfaces/hook/ld_library_path_lib.ps1'
[1.299s] INFO:colcon.colcon_core.shell:Creating environment descriptor '/home/arms/X4M300_ws/install/custom_interfaces/share/custom_interfaces/hook/ld_library_path_lib.dsv'
[1.299s] INFO:colcon.colcon_core.shell:Creating environment hook '/home/arms/X4M300_ws/install/custom_interfaces/share/custom_interfaces/hook/ld_library_path_lib.sh'
[1.299s] Level 1:colcon.colcon_core.environment:checking '/home/arms/X4M300_ws/install/custom_interfaces/bin'
[1.300s] Level 1:colcon.colcon_core.environment:checking '/home/arms/X4M300_ws/install/custom_interfaces/lib/pkgconfig/custom_interfaces.pc'
[1.300s] Level 1:colcon.colcon_core.environment:checking '/home/arms/X4M300_ws/install/custom_interfaces/lib/python3.10/site-packages'
[1.300s] Level 1:colcon.colcon_core.environment:checking '/home/arms/X4M300_ws/install/custom_interfaces/bin'
[1.300s] INFO:colcon.colcon_core.shell:Creating package script '/home/arms/X4M300_ws/install/custom_interfaces/share/custom_interfaces/package.ps1'
[1.300s] INFO:colcon.colcon_core.shell:Creating package descriptor '/home/arms/X4M300_ws/install/custom_interfaces/share/custom_interfaces/package.dsv'
[1.300s] INFO:colcon.colcon_core.shell:Creating package script '/home/arms/X4M300_ws/install/custom_interfaces/share/custom_interfaces/package.sh'
[1.301s] INFO:colcon.colcon_core.shell:Creating package script '/home/arms/X4M300_ws/install/custom_interfaces/share/custom_interfaces/package.bash'
[1.301s] INFO:colcon.colcon_core.shell:Creating package script '/home/arms/X4M300_ws/install/custom_interfaces/share/custom_interfaces/package.zsh'
[1.301s] Level 1:colcon.colcon_core.environment:create_file_with_runtime_dependencies(/home/arms/X4M300_ws/install/custom_interfaces/share/colcon-core/packages/custom_interfaces)
[1.301s] INFO:colcon.colcon_ros.task.ament_python.build:Building ROS package in '/home/arms/X4M300_ws/src/novelda_x4m300' with build type 'ament_python'
[1.301s] Level 1:colcon.colcon_core.shell:create_environment_hook('novelda_x4m300', 'ament_prefix_path')
[1.301s] INFO:colcon.colcon_core.shell:Creating environment hook '/home/arms/X4M300_ws/install/novelda_x4m300/share/novelda_x4m300/hook/ament_prefix_path.ps1'
[1.302s] INFO:colcon.colcon_core.shell:Creating environment descriptor '/home/arms/X4M300_ws/install/novelda_x4m300/share/novelda_x4m300/hook/ament_prefix_path.dsv'
[1.302s] INFO:colcon.colcon_core.shell:Creating environment hook '/home/arms/X4M300_ws/install/novelda_x4m300/share/novelda_x4m300/hook/ament_prefix_path.sh'
[1.302s] INFO:colcon.colcon_core.shell:Skip shell extension 'powershell' for command environment: Not usable outside of PowerShell
[1.302s] DEBUG:colcon.colcon_core.shell:Skip shell extension 'dsv' for command environment
[1.448s] INFO:colcon.colcon_core.task.python.build:Building Python package in '/home/arms/X4M300_ws/src/novelda_x4m300'
[1.448s] INFO:colcon.colcon_core.shell:Skip shell extension 'powershell' for command environment: Not usable outside of PowerShell
[1.448s] DEBUG:colcon.colcon_core.shell:Skip shell extension 'dsv' for command environment
[1.653s] DEBUG:colcon.colcon_core.event_handler.log_command:Invoking command in '/home/arms/X4M300_ws/build/novelda_x4m300': LD_LIBRARY_PATH=/home/arms/X4M300_ws/install/custom_interfaces/lib:/home/arms/turtlebot3_ws/install/multirobot_map_merge/lib:/usr/lib/x86_64-linux-gnu/gazebo-11/plugins:/opt/ros/humble/opt/rviz_ogre_vendor/lib:/opt/ros/humble/lib/x86_64-linux-gnu:/opt/ros/humble/lib:/usr/lib/x86_64-linux-gnu/gazebo-11/plugins PYTHONPATH=/home/arms/X4M300_ws/build/novelda_x4m300/prefix_override:/usr/lib/python3/dist-packages/colcon_core/task/python/colcon_distutils_commands:/home/arms/X4M300_ws/install/novelda_x4m300/lib/python3.10/site-packages:${PYTHONPATH} /usr/bin/python3 -W ignore:setup.py install is deprecated setup.py develop --uninstall --editable --build-directory /home/arms/X4M300_ws/build/novelda_x4m300/build
[1.905s] DEBUG:colcon.colcon_core.event_handler.log_command:Invoked command in '/home/arms/X4M300_ws/build/novelda_x4m300' returned '0': LD_LIBRARY_PATH=/home/arms/X4M300_ws/install/custom_interfaces/lib:/home/arms/turtlebot3_ws/install/multirobot_map_merge/lib:/usr/lib/x86_64-linux-gnu/gazebo-11/plugins:/opt/ros/humble/opt/rviz_ogre_vendor/lib:/opt/ros/humble/lib/x86_64-linux-gnu:/opt/ros/humble/lib:/usr/lib/x86_64-linux-gnu/gazebo-11/plugins PYTHONPATH=/home/arms/X4M300_ws/build/novelda_x4m300/prefix_override:/usr/lib/python3/dist-packages/colcon_core/task/python/colcon_distutils_commands:/home/arms/X4M300_ws/install/novelda_x4m300/lib/python3.10/site-packages:${PYTHONPATH} /usr/bin/python3 -W ignore:setup.py install is deprecated setup.py develop --uninstall --editable --build-directory /home/arms/X4M300_ws/build/novelda_x4m300/build
[1.906s] DEBUG:colcon.colcon_core.event_handler.log_command:Invoking command in '/home/arms/X4M300_ws/src/novelda_x4m300': LD_LIBRARY_PATH=/home/arms/X4M300_ws/install/custom_interfaces/lib:/home/arms/turtlebot3_ws/install/multirobot_map_merge/lib:/usr/lib/x86_64-linux-gnu/gazebo-11/plugins:/opt/ros/humble/opt/rviz_ogre_vendor/lib:/opt/ros/humble/lib/x86_64-linux-gnu:/opt/ros/humble/lib:/usr/lib/x86_64-linux-gnu/gazebo-11/plugins PYTHONPATH=/home/arms/X4M300_ws/build/novelda_x4m300/prefix_override:/usr/lib/python3/dist-packages/colcon_core/task/python/colcon_distutils_commands:/home/arms/X4M300_ws/install/novelda_x4m300/lib/python3.10/site-packages:${PYTHONPATH} /usr/bin/python3 -W ignore:setup.py install is deprecated setup.py egg_info --egg-base ../../build/novelda_x4m300 build --build-base /home/arms/X4M300_ws/build/novelda_x4m300/build install --record /home/arms/X4M300_ws/build/novelda_x4m300/install.log --single-version-externally-managed install_data --force
[2.108s] Level 1:colcon.colcon_core.environment:checking '/home/arms/X4M300_ws/install/novelda_x4m300' for CMake module files
[2.109s] DEBUG:colcon.colcon_core.event_handler.log_command:Invoked command in '/home/arms/X4M300_ws/src/novelda_x4m300' returned '0': LD_LIBRARY_PATH=/home/arms/X4M300_ws/install/custom_interfaces/lib:/home/arms/turtlebot3_ws/install/multirobot_map_merge/lib:/usr/lib/x86_64-linux-gnu/gazebo-11/plugins:/opt/ros/humble/opt/rviz_ogre_vendor/lib:/opt/ros/humble/lib/x86_64-linux-gnu:/opt/ros/humble/lib:/usr/lib/x86_64-linux-gnu/gazebo-11/plugins PYTHONPATH=/home/arms/X4M300_ws/build/novelda_x4m300/prefix_override:/usr/lib/python3/dist-packages/colcon_core/task/python/colcon_distutils_commands:/home/arms/X4M300_ws/install/novelda_x4m300/lib/python3.10/site-packages:${PYTHONPATH} /usr/bin/python3 -W ignore:setup.py install is deprecated setup.py egg_info --egg-base ../../build/novelda_x4m300 build --build-base /home/arms/X4M300_ws/build/novelda_x4m300/build install --record /home/arms/X4M300_ws/build/novelda_x4m300/install.log --single-version-externally-managed install_data --force
[2.109s] Level 1:colcon.colcon_core.environment:checking '/home/arms/X4M300_ws/install/novelda_x4m300' for CMake config files
[2.110s] Level 1:colcon.colcon_core.environment:checking '/home/arms/X4M300_ws/install/novelda_x4m300/lib'
[2.110s] Level 1:colcon.colcon_core.environment:checking '/home/arms/X4M300_ws/install/novelda_x4m300/bin'
[2.110s] Level 1:colcon.colcon_core.environment:checking '/home/arms/X4M300_ws/install/novelda_x4m300/lib/pkgconfig/novelda_x4m300.pc'
[2.110s] Level 1:colcon.colcon_core.environment:checking '/home/arms/X4M300_ws/install/novelda_x4m300/lib/python3.10/site-packages'
[2.110s] Level 1:colcon.colcon_core.shell:create_environment_hook('novelda_x4m300', 'pythonpath')
[2.110s] INFO:colcon.colcon_core.shell:Creating environment hook '/home/arms/X4M300_ws/install/novelda_x4m300/share/novelda_x4m300/hook/pythonpath.ps1'
[2.110s] INFO:colcon.colcon_core.shell:Creating environment descriptor '/home/arms/X4M300_ws/install/novelda_x4m300/share/novelda_x4m300/hook/pythonpath.dsv'
[2.111s] INFO:colcon.colcon_core.shell:Creating environment hook '/home/arms/X4M300_ws/install/novelda_x4m300/share/novelda_x4m300/hook/pythonpath.sh'
[2.111s] Level 1:colcon.colcon_core.environment:checking '/home/arms/X4M300_ws/install/novelda_x4m300/bin'
[2.111s] Level 1:colcon.colcon_core.environment:create_environment_scripts_only(novelda_x4m300)
[2.111s] INFO:colcon.colcon_core.shell:Creating package script '/home/arms/X4M300_ws/install/novelda_x4m300/share/novelda_x4m300/package.ps1'
[2.111s] INFO:colcon.colcon_core.shell:Creating package descriptor '/home/arms/X4M300_ws/install/novelda_x4m300/share/novelda_x4m300/package.dsv'
[2.111s] INFO:colcon.colcon_core.shell:Creating package script '/home/arms/X4M300_ws/install/novelda_x4m300/share/novelda_x4m300/package.sh'
[2.112s] INFO:colcon.colcon_core.shell:Creating package script '/home/arms/X4M300_ws/install/novelda_x4m300/share/novelda_x4m300/package.bash'
[2.112s] INFO:colcon.colcon_core.shell:Creating package script '/home/arms/X4M300_ws/install/novelda_x4m300/share/novelda_x4m300/package.zsh'
[2.112s] Level 1:colcon.colcon_core.environment:create_file_with_runtime_dependencies(/home/arms/X4M300_ws/install/novelda_x4m300/share/colcon-core/packages/novelda_x4m300)
[2.112s] DEBUG:colcon.colcon_parallel_executor.executor.parallel:closing loop
[2.112s] DEBUG:colcon.colcon_parallel_executor.executor.parallel:loop closed
[2.112s] DEBUG:colcon.colcon_parallel_executor.executor.parallel:run_until_complete finished with '0'
[2.113s] DEBUG:colcon.colcon_core.event_reactor:joining thread
[2.115s] INFO:colcon.colcon_core.plugin_system:Skipping extension 'colcon_notification.desktop_notification.terminal_notifier': Not used on non-Darwin systems
[2.115s] INFO:colcon.colcon_core.plugin_system:Skipping extension 'colcon_notification.desktop_notification.win32': Not used on non-Windows systems
[2.115s] INFO:colcon.colcon_notification.desktop_notification:Sending desktop notification using 'notify2'
[2.126s] DEBUG:colcon.colcon_core.event_reactor:joined thread
[2.126s] INFO:colcon.colcon_core.shell:Creating prefix script '/home/arms/X4M300_ws/install/local_setup.ps1'
[2.126s] INFO:colcon.colcon_core.shell:Creating prefix util module '/home/arms/X4M300_ws/install/_local_setup_util_ps1.py'
[2.127s] INFO:colcon.colcon_core.shell:Creating prefix chain script '/home/arms/X4M300_ws/install/setup.ps1'
[2.128s] INFO:colcon.colcon_core.shell:Creating prefix script '/home/arms/X4M300_ws/install/local_setup.sh'
[2.128s] INFO:colcon.colcon_core.shell:Creating prefix util module '/home/arms/X4M300_ws/install/_local_setup_util_sh.py'
[2.128s] INFO:colcon.colcon_core.shell:Creating prefix chain script '/home/arms/X4M300_ws/install/setup.sh'
[2.129s] INFO:colcon.colcon_core.shell:Creating prefix script '/home/arms/X4M300_ws/install/local_setup.bash'
[2.129s] INFO:colcon.colcon_core.shell:Creating prefix chain script '/home/arms/X4M300_ws/install/setup.bash'
[2.130s] INFO:colcon.colcon_core.shell:Creating prefix script '/home/arms/X4M300_ws/install/local_setup.zsh'
[2.130s] INFO:colcon.colcon_core.shell:Creating prefix chain script '/home/arms/X4M300_ws/install/setup.zsh'
