[0.057s] DEBUG:colcon:Command line arguments: ['/usr/bin/colcon', 'build', '--symlink-install']
[0.057s] DEBUG:colcon:Parsed command line arguments: Namespace(log_base=None, log_level=None, verb_name='build', build_base='build', install_base='install', merge_install=False, symlink_install=True, test_result_base=None, continue_on_error=False, executor='parallel', parallel_workers=20, event_handlers=None, ignore_user_meta=False, metas=['./colcon.meta'], base_paths=['.'], packages_ignore=None, packages_ignore_regex=None, paths=None, packages_up_to=None, packages_up_to_regex=None, packages_above=None, packages_above_and_dependencies=None, packages_above_depth=None, packages_select_by_dep=None, packages_skip_by_dep=None, packages_skip_up_to=None, packages_select_build_failed=False, packages_skip_build_finished=False, packages_select_test_failures=False, packages_skip_test_passed=False, packages_select=None, packages_skip=None, packages_select_regex=None, packages_skip_regex=None, packages_start=None, packages_end=None, allow_overriding=[], cmake_args=None, cmake_target=None, cmake_target_skip_unavailable=False, cmake_clean_cache=False, cmake_clean_first=False, cmake_force_configure=False, ament_cmake_args=None, catkin_cmake_args=None, catkin_skip_building_tests=False, mixin_files=None, mixin=None, verb_parser=<colcon_mixin.mixin.mixin_argument.MixinArgumentDecorator object at 0x76839b8378e0>, verb_extension=<colcon_core.verb.build.BuildVerb object at 0x76839b978a90>, main=<bound method BuildVerb.main of <colcon_core.verb.build.BuildVerb object at 0x76839b978a90>>, mixin_verb=('build',))
[0.148s] Level 1:colcon.colcon_core.package_discovery:discover_packages(colcon_meta) check parameters
[0.148s] Level 1:colcon.colcon_core.package_discovery:discover_packages(recursive) check parameters
[0.148s] Level 1:colcon.colcon_core.package_discovery:discover_packages(ignore) check parameters
[0.148s] Level 1:colcon.colcon_core.package_discovery:discover_packages(path) check parameters
[0.148s] Level 1:colcon.colcon_core.package_discovery:discover_packages(colcon_meta) discover
[0.148s] Level 1:colcon.colcon_core.package_discovery:discover_packages(recursive) discover
[0.148s] INFO:colcon.colcon_core.package_discovery:Crawling recursively for packages in '/home/arms/X4M300_ws'
[0.148s] Level 1:colcon.colcon_core.package_identification:_identify(.) by extensions ['ignore', 'ignore_ament_install']
[0.148s] Level 1:colcon.colcon_core.package_identification:_identify(.) by extension 'ignore'
[0.148s] Level 1:colcon.colcon_core.package_identification:_identify(.) by extension 'ignore_ament_install'
[0.148s] Level 1:colcon.colcon_core.package_identification:_identify(.) by extensions ['colcon_pkg']
[0.148s] Level 1:colcon.colcon_core.package_identification:_identify(.) by extension 'colcon_pkg'
[0.148s] Level 1:colcon.colcon_core.package_identification:_identify(.) by extensions ['colcon_meta']
[0.148s] Level 1:colcon.colcon_core.package_identification:_identify(.) by extension 'colcon_meta'
[0.148s] Level 1:colcon.colcon_core.package_identification:_identify(.) by extensions ['ros']
[0.148s] Level 1:colcon.colcon_core.package_identification:_identify(.) by extension 'ros'
[0.159s] Level 1:colcon.colcon_core.package_identification:_identify(.) by extensions ['cmake', 'python']
[0.159s] Level 1:colcon.colcon_core.package_identification:_identify(.) by extension 'cmake'
[0.159s] Level 1:colcon.colcon_core.package_identification:_identify(.) by extension 'python'
[0.159s] Level 1:colcon.colcon_core.package_identification:_identify(.) by extensions ['python_setup_py']
[0.159s] Level 1:colcon.colcon_core.package_identification:_identify(.) by extension 'python_setup_py'
[0.159s] Level 1:colcon.colcon_core.package_identification:_identify(build) by extensions ['ignore', 'ignore_ament_install']
[0.159s] Level 1:colcon.colcon_core.package_identification:_identify(build) by extension 'ignore'
[0.159s] Level 1:colcon.colcon_core.package_identification:_identify(build) ignored
[0.159s] Level 1:colcon.colcon_core.package_identification:_identify(install) by extensions ['ignore', 'ignore_ament_install']
[0.159s] Level 1:colcon.colcon_core.package_identification:_identify(install) by extension 'ignore'
[0.159s] Level 1:colcon.colcon_core.package_identification:_identify(install) ignored
[0.159s] Level 1:colcon.colcon_core.package_identification:_identify(log) by extensions ['ignore', 'ignore_ament_install']
[0.159s] Level 1:colcon.colcon_core.package_identification:_identify(log) by extension 'ignore'
[0.160s] Level 1:colcon.colcon_core.package_identification:_identify(log) ignored
[0.160s] Level 1:colcon.colcon_core.package_identification:_identify(src) by extensions ['ignore', 'ignore_ament_install']
[0.160s] Level 1:colcon.colcon_core.package_identification:_identify(src) by extension 'ignore'
[0.160s] Level 1:colcon.colcon_core.package_identification:_identify(src) by extension 'ignore_ament_install'
[0.160s] Level 1:colcon.colcon_core.package_identification:_identify(src) by extensions ['colcon_pkg']
[0.160s] Level 1:colcon.colcon_core.package_identification:_identify(src) by extension 'colcon_pkg'
[0.160s] Level 1:colcon.colcon_core.package_identification:_identify(src) by extensions ['colcon_meta']
[0.160s] Level 1:colcon.colcon_core.package_identification:_identify(src) by extension 'colcon_meta'
[0.160s] Level 1:colcon.colcon_core.package_identification:_identify(src) by extensions ['ros']
[0.160s] Level 1:colcon.colcon_core.package_identification:_identify(src) by extension 'ros'
[0.160s] Level 1:colcon.colcon_core.package_identification:_identify(src) by extensions ['cmake', 'python']
[0.160s] Level 1:colcon.colcon_core.package_identification:_identify(src) by extension 'cmake'
[0.160s] Level 1:colcon.colcon_core.package_identification:_identify(src) by extension 'python'
[0.160s] Level 1:colcon.colcon_core.package_identification:_identify(src) by extensions ['python_setup_py']
[0.160s] Level 1:colcon.colcon_core.package_identification:_identify(src) by extension 'python_setup_py'
[0.160s] Level 1:colcon.colcon_core.package_identification:_identify(src/custom_interfaces) by extensions ['ignore', 'ignore_ament_install']
[0.160s] Level 1:colcon.colcon_core.package_identification:_identify(src/custom_interfaces) by extension 'ignore'
[0.160s] Level 1:colcon.colcon_core.package_identification:_identify(src/custom_interfaces) by extension 'ignore_ament_install'
[0.160s] Level 1:colcon.colcon_core.package_identification:_identify(src/custom_interfaces) by extensions ['colcon_pkg']
[0.160s] Level 1:colcon.colcon_core.package_identification:_identify(src/custom_interfaces) by extension 'colcon_pkg'
[0.160s] Level 1:colcon.colcon_core.package_identification:_identify(src/custom_interfaces) by extensions ['colcon_meta']
[0.160s] Level 1:colcon.colcon_core.package_identification:_identify(src/custom_interfaces) by extension 'colcon_meta'
[0.160s] Level 1:colcon.colcon_core.package_identification:_identify(src/custom_interfaces) by extensions ['ros']
[0.160s] Level 1:colcon.colcon_core.package_identification:_identify(src/custom_interfaces) by extension 'ros'
[0.161s] DEBUG:colcon.colcon_core.package_identification:Package 'src/custom_interfaces' with type 'ros.ament_cmake' and name 'custom_interfaces'
[0.162s] Level 1:colcon.colcon_core.package_identification:_identify(src/novelda_x4m300) by extensions ['ignore', 'ignore_ament_install']
[0.162s] Level 1:colcon.colcon_core.package_identification:_identify(src/novelda_x4m300) by extension 'ignore'
[0.162s] Level 1:colcon.colcon_core.package_identification:_identify(src/novelda_x4m300) by extension 'ignore_ament_install'
[0.162s] Level 1:colcon.colcon_core.package_identification:_identify(src/novelda_x4m300) by extensions ['colcon_pkg']
[0.162s] Level 1:colcon.colcon_core.package_identification:_identify(src/novelda_x4m300) by extension 'colcon_pkg'
[0.162s] Level 1:colcon.colcon_core.package_identification:_identify(src/novelda_x4m300) by extensions ['colcon_meta']
[0.162s] Level 1:colcon.colcon_core.package_identification:_identify(src/novelda_x4m300) by extension 'colcon_meta'
[0.162s] Level 1:colcon.colcon_core.package_identification:_identify(src/novelda_x4m300) by extensions ['ros']
[0.162s] Level 1:colcon.colcon_core.package_identification:_identify(src/novelda_x4m300) by extension 'ros'
[0.162s] DEBUG:colcon.colcon_core.package_identification:Package 'src/novelda_x4m300' with type 'ros.ament_python' and name 'novelda_x4m300'
[0.162s] Level 1:colcon.colcon_core.package_identification:_identify(src/python_parameters) by extensions ['ignore', 'ignore_ament_install']
[0.162s] Level 1:colcon.colcon_core.package_identification:_identify(src/python_parameters) by extension 'ignore'
[0.162s] Level 1:colcon.colcon_core.package_identification:_identify(src/python_parameters) by extension 'ignore_ament_install'
[0.162s] Level 1:colcon.colcon_core.package_identification:_identify(src/python_parameters) by extensions ['colcon_pkg']
[0.162s] Level 1:colcon.colcon_core.package_identification:_identify(src/python_parameters) by extension 'colcon_pkg'
[0.162s] Level 1:colcon.colcon_core.package_identification:_identify(src/python_parameters) by extensions ['colcon_meta']
[0.162s] Level 1:colcon.colcon_core.package_identification:_identify(src/python_parameters) by extension 'colcon_meta'
[0.162s] Level 1:colcon.colcon_core.package_identification:_identify(src/python_parameters) by extensions ['ros']
[0.162s] Level 1:colcon.colcon_core.package_identification:_identify(src/python_parameters) by extension 'ros'
[0.163s] DEBUG:colcon.colcon_core.package_identification:Package 'src/python_parameters' with type 'ros.ament_python' and name 'python_parameters'
[0.163s] Level 1:colcon.colcon_core.package_identification:_identify(support) by extensions ['ignore', 'ignore_ament_install']
[0.163s] Level 1:colcon.colcon_core.package_identification:_identify(support) by extension 'ignore'
[0.163s] Level 1:colcon.colcon_core.package_identification:_identify(support) by extension 'ignore_ament_install'
[0.163s] Level 1:colcon.colcon_core.package_identification:_identify(support) by extensions ['colcon_pkg']
[0.163s] Level 1:colcon.colcon_core.package_identification:_identify(support) by extension 'colcon_pkg'
[0.163s] Level 1:colcon.colcon_core.package_identification:_identify(support) by extensions ['colcon_meta']
[0.163s] Level 1:colcon.colcon_core.package_identification:_identify(support) by extension 'colcon_meta'
[0.163s] Level 1:colcon.colcon_core.package_identification:_identify(support) by extensions ['ros']
[0.163s] Level 1:colcon.colcon_core.package_identification:_identify(support) by extension 'ros'
[0.163s] Level 1:colcon.colcon_core.package_identification:_identify(support) by extensions ['cmake', 'python']
[0.163s] Level 1:colcon.colcon_core.package_identification:_identify(support) by extension 'cmake'
[0.163s] Level 1:colcon.colcon_core.package_identification:_identify(support) by extension 'python'
[0.163s] Level 1:colcon.colcon_core.package_identification:_identify(support) by extensions ['python_setup_py']
[0.163s] Level 1:colcon.colcon_core.package_identification:_identify(support) by extension 'python_setup_py'
[0.163s] Level 1:colcon.colcon_core.package_discovery:discover_packages(recursive) using defaults
[0.163s] Level 1:colcon.colcon_core.package_discovery:discover_packages(ignore) discover
[0.163s] Level 1:colcon.colcon_core.package_discovery:discover_packages(ignore) using defaults
[0.163s] Level 1:colcon.colcon_core.package_discovery:discover_packages(path) discover
[0.163s] Level 1:colcon.colcon_core.package_discovery:discover_packages(path) using defaults
[0.175s] Level 1:colcon.colcon_core.package_discovery:discover_packages(prefix_path) check parameters
[0.175s] Level 1:colcon.colcon_core.package_discovery:discover_packages(prefix_path) discover
[0.175s] WARNING:colcon.colcon_ros.prefix_path.ament:The path '/home/arms/X4M300_ws/install/python_parameters' in the environment variable AMENT_PREFIX_PATH doesn't exist
[0.175s] WARNING:colcon.colcon_ros.prefix_path.ament:The path '/home/arms/X4M300_ws/install/novelda_x4m300' in the environment variable AMENT_PREFIX_PATH doesn't exist
[0.175s] WARNING:colcon.colcon_ros.prefix_path.ament:The path '/home/arms/X4M300_ws/install/custom_interfaces' in the environment variable AMENT_PREFIX_PATH doesn't exist
[0.175s] WARNING:colcon.colcon_ros.prefix_path.catkin:The path '/home/arms/X4M300_ws/install/custom_interfaces' in the environment variable CMAKE_PREFIX_PATH doesn't exist
[0.176s] DEBUG:colcon.colcon_installed_package_information.package_discovery:Found 1 installed packages in /home/arms/launcher_ws/install
[0.176s] DEBUG:colcon.colcon_installed_package_information.package_discovery:Found 1 installed packages in /home/arms/my_ws/install
[0.176s] DEBUG:colcon.colcon_installed_package_information.package_discovery:Found 5 installed packages in /home/arms/turtlebot3_ws/install
[0.176s] DEBUG:colcon.colcon_installed_package_information.package_discovery:Found 0 installed packages in /home/arms/X4M300_ws/install
[0.177s] DEBUG:colcon.colcon_installed_package_information.package_discovery:Found 375 installed packages in /opt/ros/humble
[0.178s] Level 1:colcon.colcon_core.package_discovery:discover_packages(prefix_path) using defaults
[0.202s] Level 5:colcon.colcon_core.verb:set package 'custom_interfaces' build argument 'cmake_args' from command line to 'None'
[0.202s] Level 5:colcon.colcon_core.verb:set package 'custom_interfaces' build argument 'cmake_target' from command line to 'None'
[0.202s] Level 5:colcon.colcon_core.verb:set package 'custom_interfaces' build argument 'cmake_target_skip_unavailable' from command line to 'False'
[0.202s] Level 5:colcon.colcon_core.verb:set package 'custom_interfaces' build argument 'cmake_clean_cache' from command line to 'False'
[0.202s] Level 5:colcon.colcon_core.verb:set package 'custom_interfaces' build argument 'cmake_clean_first' from command line to 'False'
[0.202s] Level 5:colcon.colcon_core.verb:set package 'custom_interfaces' build argument 'cmake_force_configure' from command line to 'False'
[0.202s] Level 5:colcon.colcon_core.verb:set package 'custom_interfaces' build argument 'ament_cmake_args' from command line to 'None'
[0.202s] Level 5:colcon.colcon_core.verb:set package 'custom_interfaces' build argument 'catkin_cmake_args' from command line to 'None'
[0.202s] Level 5:colcon.colcon_core.verb:set package 'custom_interfaces' build argument 'catkin_skip_building_tests' from command line to 'False'
[0.202s] DEBUG:colcon.colcon_core.verb:Building package 'custom_interfaces' with the following arguments: {'ament_cmake_args': None, 'build_base': '/home/arms/X4M300_ws/build/custom_interfaces', 'catkin_cmake_args': None, 'catkin_skip_building_tests': False, 'cmake_args': None, 'cmake_clean_cache': False, 'cmake_clean_first': False, 'cmake_force_configure': False, 'cmake_target': None, 'cmake_target_skip_unavailable': False, 'install_base': '/home/arms/X4M300_ws/install/custom_interfaces', 'merge_install': False, 'path': '/home/arms/X4M300_ws/src/custom_interfaces', 'symlink_install': True, 'test_result_base': None}
[0.202s] Level 5:colcon.colcon_core.verb:set package 'python_parameters' build argument 'cmake_args' from command line to 'None'
[0.202s] Level 5:colcon.colcon_core.verb:set package 'python_parameters' build argument 'cmake_target' from command line to 'None'
[0.202s] Level 5:colcon.colcon_core.verb:set package 'python_parameters' build argument 'cmake_target_skip_unavailable' from command line to 'False'
[0.202s] Level 5:colcon.colcon_core.verb:set package 'python_parameters' build argument 'cmake_clean_cache' from command line to 'False'
[0.203s] Level 5:colcon.colcon_core.verb:set package 'python_parameters' build argument 'cmake_clean_first' from command line to 'False'
[0.203s] Level 5:colcon.colcon_core.verb:set package 'python_parameters' build argument 'cmake_force_configure' from command line to 'False'
[0.203s] Level 5:colcon.colcon_core.verb:set package 'python_parameters' build argument 'ament_cmake_args' from command line to 'None'
[0.203s] Level 5:colcon.colcon_core.verb:set package 'python_parameters' build argument 'catkin_cmake_args' from command line to 'None'
[0.203s] Level 5:colcon.colcon_core.verb:set package 'python_parameters' build argument 'catkin_skip_building_tests' from command line to 'False'
[0.203s] DEBUG:colcon.colcon_core.verb:Building package 'python_parameters' with the following arguments: {'ament_cmake_args': None, 'build_base': '/home/arms/X4M300_ws/build/python_parameters', 'catkin_cmake_args': None, 'catkin_skip_building_tests': False, 'cmake_args': None, 'cmake_clean_cache': False, 'cmake_clean_first': False, 'cmake_force_configure': False, 'cmake_target': None, 'cmake_target_skip_unavailable': False, 'install_base': '/home/arms/X4M300_ws/install/python_parameters', 'merge_install': False, 'path': '/home/arms/X4M300_ws/src/python_parameters', 'symlink_install': True, 'test_result_base': None}
[0.203s] Level 5:colcon.colcon_core.verb:set package 'novelda_x4m300' build argument 'cmake_args' from command line to 'None'
[0.203s] Level 5:colcon.colcon_core.verb:set package 'novelda_x4m300' build argument 'cmake_target' from command line to 'None'
[0.203s] Level 5:colcon.colcon_core.verb:set package 'novelda_x4m300' build argument 'cmake_target_skip_unavailable' from command line to 'False'
[0.203s] Level 5:colcon.colcon_core.verb:set package 'novelda_x4m300' build argument 'cmake_clean_cache' from command line to 'False'
[0.203s] Level 5:colcon.colcon_core.verb:set package 'novelda_x4m300' build argument 'cmake_clean_first' from command line to 'False'
[0.203s] Level 5:colcon.colcon_core.verb:set package 'novelda_x4m300' build argument 'cmake_force_configure' from command line to 'False'
[0.203s] Level 5:colcon.colcon_core.verb:set package 'novelda_x4m300' build argument 'ament_cmake_args' from command line to 'None'
[0.203s] Level 5:colcon.colcon_core.verb:set package 'novelda_x4m300' build argument 'catkin_cmake_args' from command line to 'None'
[0.203s] Level 5:colcon.colcon_core.verb:set package 'novelda_x4m300' build argument 'catkin_skip_building_tests' from command line to 'False'
[0.203s] DEBUG:colcon.colcon_core.verb:Building package 'novelda_x4m300' with the following arguments: {'ament_cmake_args': None, 'build_base': '/home/arms/X4M300_ws/build/novelda_x4m300', 'catkin_cmake_args': None, 'catkin_skip_building_tests': False, 'cmake_args': None, 'cmake_clean_cache': False, 'cmake_clean_first': False, 'cmake_force_configure': False, 'cmake_target': None, 'cmake_target_skip_unavailable': False, 'install_base': '/home/arms/X4M300_ws/install/novelda_x4m300', 'merge_install': False, 'path': '/home/arms/X4M300_ws/src/novelda_x4m300', 'symlink_install': True, 'test_result_base': None}
[0.203s] INFO:colcon.colcon_core.executor:Executing jobs using 'parallel' executor
[0.204s] DEBUG:colcon.colcon_parallel_executor.executor.parallel:run_until_complete
[0.204s] INFO:colcon.colcon_ros.task.ament_cmake.build:Building ROS package in '/home/arms/X4M300_ws/src/custom_interfaces' with build type 'ament_cmake'
[0.204s] INFO:colcon.colcon_cmake.task.cmake.build:Building CMake package in '/home/arms/X4M300_ws/src/custom_interfaces'
[0.205s] INFO:colcon.colcon_core.plugin_system:Skipping extension 'colcon_core.shell.bat': Not used on non-Windows systems
[0.205s] INFO:colcon.colcon_core.shell:Skip shell extension 'powershell' for command environment: Not usable outside of PowerShell
[0.205s] DEBUG:colcon.colcon_core.shell:Skip shell extension 'dsv' for command environment
[0.208s] INFO:colcon.colcon_ros.task.ament_python.build:Building ROS package in '/home/arms/X4M300_ws/src/python_parameters' with build type 'ament_python'
[0.208s] Level 1:colcon.colcon_core.shell:create_environment_hook('python_parameters', 'ament_prefix_path')
[0.208s] INFO:colcon.colcon_core.shell:Creating environment hook '/home/arms/X4M300_ws/install/python_parameters/share/python_parameters/hook/ament_prefix_path.ps1'
[0.209s] INFO:colcon.colcon_core.shell:Creating environment descriptor '/home/arms/X4M300_ws/install/python_parameters/share/python_parameters/hook/ament_prefix_path.dsv'
[0.209s] INFO:colcon.colcon_core.shell:Creating environment hook '/home/arms/X4M300_ws/install/python_parameters/share/python_parameters/hook/ament_prefix_path.sh'
[0.209s] INFO:colcon.colcon_core.shell:Skip shell extension 'powershell' for command environment: Not usable outside of PowerShell
[0.209s] DEBUG:colcon.colcon_core.shell:Skip shell extension 'dsv' for command environment
[0.215s] DEBUG:colcon.colcon_core.event_handler.log_command:Invoking command in '/home/arms/X4M300_ws/build/custom_interfaces': CMAKE_PREFIX_PATH=${CMAKE_PREFIX_PATH}:/home/arms/X4M300_ws/install/python_parameters:/home/arms/X4M300_ws/install/novelda_x4m300:/opt/ros/humble /usr/bin/cmake /home/arms/X4M300_ws/src/custom_interfaces -DAMENT_CMAKE_SYMLINK_INSTALL=1 -DCMAKE_INSTALL_PREFIX=/home/arms/X4M300_ws/install/custom_interfaces
[0.362s] INFO:colcon.colcon_core.task.python.build:Building Python package in '/home/arms/X4M300_ws/src/python_parameters'
[0.362s] INFO:colcon.colcon_core.shell:Skip shell extension 'powershell' for command environment: Not usable outside of PowerShell
[0.363s] DEBUG:colcon.colcon_core.shell:Skip shell extension 'dsv' for command environment
[0.585s] DEBUG:colcon.colcon_core.event_handler.log_command:Invoking command in '/home/arms/X4M300_ws/build/python_parameters': PYTHONPATH=/home/arms/X4M300_ws/build/python_parameters/prefix_override:/usr/lib/python3/dist-packages/colcon_core/task/python/colcon_distutils_commands:/home/arms/X4M300_ws/install/python_parameters/lib/python3.10/site-packages:${PYTHONPATH} /usr/bin/python3 -W ignore:setup.py install is deprecated setup.py develop --editable --build-directory /home/arms/X4M300_ws/build/python_parameters/build --no-deps symlink_data
[0.878s] Level 1:colcon.colcon_core.shell:create_environment_hook('python_parameters', 'pythonpath_develop')
[0.879s] INFO:colcon.colcon_core.shell:Creating environment hook '/home/arms/X4M300_ws/build/python_parameters/share/python_parameters/hook/pythonpath_develop.ps1'
[0.879s] DEBUG:colcon.colcon_core.event_handler.log_command:Invoked command in '/home/arms/X4M300_ws/build/python_parameters' returned '0': PYTHONPATH=/home/arms/X4M300_ws/build/python_parameters/prefix_override:/usr/lib/python3/dist-packages/colcon_core/task/python/colcon_distutils_commands:/home/arms/X4M300_ws/install/python_parameters/lib/python3.10/site-packages:${PYTHONPATH} /usr/bin/python3 -W ignore:setup.py install is deprecated setup.py develop --editable --build-directory /home/arms/X4M300_ws/build/python_parameters/build --no-deps symlink_data
[0.880s] INFO:colcon.colcon_core.shell:Creating environment descriptor '/home/arms/X4M300_ws/build/python_parameters/share/python_parameters/hook/pythonpath_develop.dsv'
[0.880s] INFO:colcon.colcon_core.shell:Creating environment hook '/home/arms/X4M300_ws/build/python_parameters/share/python_parameters/hook/pythonpath_develop.sh'
[0.882s] Level 1:colcon.colcon_core.environment:checking '/home/arms/X4M300_ws/install/python_parameters' for CMake module files
[0.883s] Level 1:colcon.colcon_core.environment:checking '/home/arms/X4M300_ws/install/python_parameters' for CMake config files
[0.883s] Level 1:colcon.colcon_core.environment:checking '/home/arms/X4M300_ws/install/python_parameters/lib'
[0.883s] Level 1:colcon.colcon_core.environment:checking '/home/arms/X4M300_ws/install/python_parameters/bin'
[0.884s] Level 1:colcon.colcon_core.environment:checking '/home/arms/X4M300_ws/install/python_parameters/lib/pkgconfig/python_parameters.pc'
[0.884s] Level 1:colcon.colcon_core.environment:checking '/home/arms/X4M300_ws/install/python_parameters/lib/python3.10/site-packages'
[0.884s] Level 1:colcon.colcon_core.shell:create_environment_hook('python_parameters', 'pythonpath')
[0.884s] INFO:colcon.colcon_core.shell:Creating environment hook '/home/arms/X4M300_ws/install/python_parameters/share/python_parameters/hook/pythonpath.ps1'
[0.884s] INFO:colcon.colcon_core.shell:Creating environment descriptor '/home/arms/X4M300_ws/install/python_parameters/share/python_parameters/hook/pythonpath.dsv'
[0.885s] INFO:colcon.colcon_core.shell:Creating environment hook '/home/arms/X4M300_ws/install/python_parameters/share/python_parameters/hook/pythonpath.sh'
[0.885s] Level 1:colcon.colcon_core.environment:checking '/home/arms/X4M300_ws/install/python_parameters/bin'
[0.885s] Level 1:colcon.colcon_core.environment:create_environment_scripts_only(python_parameters)
[0.886s] INFO:colcon.colcon_core.shell:Creating package script '/home/arms/X4M300_ws/install/python_parameters/share/python_parameters/package.ps1'
[0.886s] INFO:colcon.colcon_core.shell:Creating package descriptor '/home/arms/X4M300_ws/install/python_parameters/share/python_parameters/package.dsv'
[0.887s] INFO:colcon.colcon_core.shell:Creating package script '/home/arms/X4M300_ws/install/python_parameters/share/python_parameters/package.sh'
[0.888s] INFO:colcon.colcon_core.shell:Creating package script '/home/arms/X4M300_ws/install/python_parameters/share/python_parameters/package.bash'
[0.888s] INFO:colcon.colcon_core.shell:Creating package script '/home/arms/X4M300_ws/install/python_parameters/share/python_parameters/package.zsh'
[0.888s] Level 1:colcon.colcon_core.environment:create_file_with_runtime_dependencies(/home/arms/X4M300_ws/install/python_parameters/share/colcon-core/packages/python_parameters)
[1.326s] DEBUG:colcon.colcon_core.event_handler.log_command:Invoked command in '/home/arms/X4M300_ws/build/custom_interfaces' returned '0': CMAKE_PREFIX_PATH=${CMAKE_PREFIX_PATH}:/home/arms/X4M300_ws/install/python_parameters:/home/arms/X4M300_ws/install/novelda_x4m300:/opt/ros/humble /usr/bin/cmake /home/arms/X4M300_ws/src/custom_interfaces -DAMENT_CMAKE_SYMLINK_INSTALL=1 -DCMAKE_INSTALL_PREFIX=/home/arms/X4M300_ws/install/custom_interfaces
[1.326s] DEBUG:colcon.colcon_core.event_handler.log_command:Invoking command in '/home/arms/X4M300_ws/build/custom_interfaces': CMAKE_PREFIX_PATH=${CMAKE_PREFIX_PATH}:/home/arms/X4M300_ws/install/python_parameters:/home/arms/X4M300_ws/install/novelda_x4m300:/opt/ros/humble /usr/bin/cmake --build /home/arms/X4M300_ws/build/custom_interfaces -- -j20 -l20
[2.527s] DEBUG:colcon.colcon_core.event_handler.log_command:Invoked command in '/home/arms/X4M300_ws/build/custom_interfaces' returned '0': CMAKE_PREFIX_PATH=${CMAKE_PREFIX_PATH}:/home/arms/X4M300_ws/install/python_parameters:/home/arms/X4M300_ws/install/novelda_x4m300:/opt/ros/humble /usr/bin/cmake --build /home/arms/X4M300_ws/build/custom_interfaces -- -j20 -l20
[2.578s] DEBUG:colcon.colcon_core.event_handler.log_command:Invoking command in '/home/arms/X4M300_ws/build/custom_interfaces': CMAKE_PREFIX_PATH=${CMAKE_PREFIX_PATH}:/home/arms/X4M300_ws/install/python_parameters:/home/arms/X4M300_ws/install/novelda_x4m300:/opt/ros/humble /usr/bin/cmake --install /home/arms/X4M300_ws/build/custom_interfaces
[2.950s] Level 1:colcon.colcon_core.environment:create_environment_scripts_only(custom_interfaces)
[2.951s] Level 1:colcon.colcon_core.environment:checking '/home/arms/X4M300_ws/install/custom_interfaces' for CMake module files
[2.951s] DEBUG:colcon.colcon_core.event_handler.log_command:Invoked command in '/home/arms/X4M300_ws/build/custom_interfaces' returned '0': CMAKE_PREFIX_PATH=${CMAKE_PREFIX_PATH}:/home/arms/X4M300_ws/install/python_parameters:/home/arms/X4M300_ws/install/novelda_x4m300:/opt/ros/humble /usr/bin/cmake --install /home/arms/X4M300_ws/build/custom_interfaces
[2.951s] Level 1:colcon.colcon_core.environment:checking '/home/arms/X4M300_ws/install/custom_interfaces' for CMake config files
[2.951s] Level 1:colcon.colcon_core.shell:create_environment_hook('custom_interfaces', 'cmake_prefix_path')
[2.952s] INFO:colcon.colcon_core.shell:Creating environment hook '/home/arms/X4M300_ws/install/custom_interfaces/share/custom_interfaces/hook/cmake_prefix_path.ps1'
[2.952s] INFO:colcon.colcon_core.shell:Creating environment descriptor '/home/arms/X4M300_ws/install/custom_interfaces/share/custom_interfaces/hook/cmake_prefix_path.dsv'
[2.952s] INFO:colcon.colcon_core.shell:Creating environment hook '/home/arms/X4M300_ws/install/custom_interfaces/share/custom_interfaces/hook/cmake_prefix_path.sh'
[2.952s] Level 1:colcon.colcon_core.environment:checking '/home/arms/X4M300_ws/install/custom_interfaces/lib'
[2.952s] Level 1:colcon.colcon_core.shell:create_environment_hook('custom_interfaces', 'ld_library_path_lib')
[2.952s] INFO:colcon.colcon_core.shell:Creating environment hook '/home/arms/X4M300_ws/install/custom_interfaces/share/custom_interfaces/hook/ld_library_path_lib.ps1'
[2.953s] INFO:colcon.colcon_core.shell:Creating environment descriptor '/home/arms/X4M300_ws/install/custom_interfaces/share/custom_interfaces/hook/ld_library_path_lib.dsv'
[2.953s] INFO:colcon.colcon_core.shell:Creating environment hook '/home/arms/X4M300_ws/install/custom_interfaces/share/custom_interfaces/hook/ld_library_path_lib.sh'
[2.953s] Level 1:colcon.colcon_core.environment:checking '/home/arms/X4M300_ws/install/custom_interfaces/bin'
[2.953s] Level 1:colcon.colcon_core.environment:checking '/home/arms/X4M300_ws/install/custom_interfaces/lib/pkgconfig/custom_interfaces.pc'
[2.953s] Level 1:colcon.colcon_core.environment:checking '/home/arms/X4M300_ws/install/custom_interfaces/lib/python3.10/site-packages'
[2.953s] Level 1:colcon.colcon_core.environment:checking '/home/arms/X4M300_ws/install/custom_interfaces/bin'
[2.953s] INFO:colcon.colcon_core.shell:Creating package script '/home/arms/X4M300_ws/install/custom_interfaces/share/custom_interfaces/package.ps1'
[2.953s] INFO:colcon.colcon_core.shell:Creating package descriptor '/home/arms/X4M300_ws/install/custom_interfaces/share/custom_interfaces/package.dsv'
[2.954s] INFO:colcon.colcon_core.shell:Creating package script '/home/arms/X4M300_ws/install/custom_interfaces/share/custom_interfaces/package.sh'
[2.954s] INFO:colcon.colcon_core.shell:Creating package script '/home/arms/X4M300_ws/install/custom_interfaces/share/custom_interfaces/package.bash'
[2.954s] INFO:colcon.colcon_core.shell:Creating package script '/home/arms/X4M300_ws/install/custom_interfaces/share/custom_interfaces/package.zsh'
[2.954s] Level 1:colcon.colcon_core.environment:create_file_with_runtime_dependencies(/home/arms/X4M300_ws/install/custom_interfaces/share/colcon-core/packages/custom_interfaces)
[3.000s] Level 1:colcon.colcon_core.environment:create_environment_scripts_only(custom_interfaces)
[3.000s] Level 1:colcon.colcon_core.environment:checking '/home/arms/X4M300_ws/install/custom_interfaces' for CMake module files
[3.000s] Level 1:colcon.colcon_core.environment:checking '/home/arms/X4M300_ws/install/custom_interfaces' for CMake config files
[3.000s] Level 1:colcon.colcon_core.shell:create_environment_hook('custom_interfaces', 'cmake_prefix_path')
[3.000s] INFO:colcon.colcon_core.shell:Creating environment hook '/home/arms/X4M300_ws/install/custom_interfaces/share/custom_interfaces/hook/cmake_prefix_path.ps1'
[3.001s] INFO:colcon.colcon_core.shell:Creating environment descriptor '/home/arms/X4M300_ws/install/custom_interfaces/share/custom_interfaces/hook/cmake_prefix_path.dsv'
[3.001s] INFO:colcon.colcon_core.shell:Creating environment hook '/home/arms/X4M300_ws/install/custom_interfaces/share/custom_interfaces/hook/cmake_prefix_path.sh'
[3.001s] Level 1:colcon.colcon_core.environment:checking '/home/arms/X4M300_ws/install/custom_interfaces/lib'
[3.001s] Level 1:colcon.colcon_core.shell:create_environment_hook('custom_interfaces', 'ld_library_path_lib')
[3.001s] INFO:colcon.colcon_core.shell:Creating environment hook '/home/arms/X4M300_ws/install/custom_interfaces/share/custom_interfaces/hook/ld_library_path_lib.ps1'
[3.002s] INFO:colcon.colcon_core.shell:Creating environment descriptor '/home/arms/X4M300_ws/install/custom_interfaces/share/custom_interfaces/hook/ld_library_path_lib.dsv'
[3.002s] INFO:colcon.colcon_core.shell:Creating environment hook '/home/arms/X4M300_ws/install/custom_interfaces/share/custom_interfaces/hook/ld_library_path_lib.sh'
[3.002s] Level 1:colcon.colcon_core.environment:checking '/home/arms/X4M300_ws/install/custom_interfaces/bin'
[3.002s] Level 1:colcon.colcon_core.environment:checking '/home/arms/X4M300_ws/install/custom_interfaces/lib/pkgconfig/custom_interfaces.pc'
[3.002s] Level 1:colcon.colcon_core.environment:checking '/home/arms/X4M300_ws/install/custom_interfaces/lib/python3.10/site-packages'
[3.002s] Level 1:colcon.colcon_core.environment:checking '/home/arms/X4M300_ws/install/custom_interfaces/bin'
[3.002s] INFO:colcon.colcon_core.shell:Creating package script '/home/arms/X4M300_ws/install/custom_interfaces/share/custom_interfaces/package.ps1'
[3.002s] INFO:colcon.colcon_core.shell:Creating package descriptor '/home/arms/X4M300_ws/install/custom_interfaces/share/custom_interfaces/package.dsv'
[3.003s] INFO:colcon.colcon_core.shell:Creating package script '/home/arms/X4M300_ws/install/custom_interfaces/share/custom_interfaces/package.sh'
[3.003s] INFO:colcon.colcon_core.shell:Creating package script '/home/arms/X4M300_ws/install/custom_interfaces/share/custom_interfaces/package.bash'
[3.003s] INFO:colcon.colcon_core.shell:Creating package script '/home/arms/X4M300_ws/install/custom_interfaces/share/custom_interfaces/package.zsh'
[3.003s] Level 1:colcon.colcon_core.environment:create_file_with_runtime_dependencies(/home/arms/X4M300_ws/install/custom_interfaces/share/colcon-core/packages/custom_interfaces)
[3.003s] INFO:colcon.colcon_ros.task.ament_python.build:Building ROS package in '/home/arms/X4M300_ws/src/novelda_x4m300' with build type 'ament_python'
[3.004s] Level 1:colcon.colcon_core.shell:create_environment_hook('novelda_x4m300', 'ament_prefix_path')
[3.004s] INFO:colcon.colcon_core.shell:Creating environment hook '/home/arms/X4M300_ws/install/novelda_x4m300/share/novelda_x4m300/hook/ament_prefix_path.ps1'
[3.004s] INFO:colcon.colcon_core.shell:Creating environment descriptor '/home/arms/X4M300_ws/install/novelda_x4m300/share/novelda_x4m300/hook/ament_prefix_path.dsv'
[3.004s] INFO:colcon.colcon_core.shell:Creating environment hook '/home/arms/X4M300_ws/install/novelda_x4m300/share/novelda_x4m300/hook/ament_prefix_path.sh'
[3.005s] INFO:colcon.colcon_core.shell:Skip shell extension 'powershell' for command environment: Not usable outside of PowerShell
[3.005s] DEBUG:colcon.colcon_core.shell:Skip shell extension 'dsv' for command environment
[3.146s] INFO:colcon.colcon_core.task.python.build:Building Python package in '/home/arms/X4M300_ws/src/novelda_x4m300'
[3.146s] INFO:colcon.colcon_core.shell:Skip shell extension 'powershell' for command environment: Not usable outside of PowerShell
[3.146s] DEBUG:colcon.colcon_core.shell:Skip shell extension 'dsv' for command environment
[3.349s] DEBUG:colcon.colcon_core.event_handler.log_command:Invoking command in '/home/arms/X4M300_ws/build/novelda_x4m300': LD_LIBRARY_PATH=/home/arms/X4M300_ws/install/custom_interfaces/lib:/home/arms/turtlebot3_ws/install/multirobot_map_merge/lib:/usr/lib/x86_64-linux-gnu/gazebo-11/plugins:/opt/ros/humble/opt/rviz_ogre_vendor/lib:/opt/ros/humble/lib/x86_64-linux-gnu:/opt/ros/humble/lib:/usr/lib/x86_64-linux-gnu/gazebo-11/plugins PYTHONPATH=/home/arms/X4M300_ws/build/novelda_x4m300/prefix_override:/usr/lib/python3/dist-packages/colcon_core/task/python/colcon_distutils_commands:/home/arms/X4M300_ws/install/novelda_x4m300/lib/python3.10/site-packages:${PYTHONPATH} /usr/bin/python3 -W ignore:setup.py install is deprecated setup.py develop --editable --build-directory /home/arms/X4M300_ws/build/novelda_x4m300/build --no-deps symlink_data
[3.590s] Level 1:colcon.colcon_core.shell:create_environment_hook('novelda_x4m300', 'pythonpath_develop')
[3.591s] INFO:colcon.colcon_core.shell:Creating environment hook '/home/arms/X4M300_ws/build/novelda_x4m300/share/novelda_x4m300/hook/pythonpath_develop.ps1'
[3.591s] DEBUG:colcon.colcon_core.event_handler.log_command:Invoked command in '/home/arms/X4M300_ws/build/novelda_x4m300' returned '0': LD_LIBRARY_PATH=/home/arms/X4M300_ws/install/custom_interfaces/lib:/home/arms/turtlebot3_ws/install/multirobot_map_merge/lib:/usr/lib/x86_64-linux-gnu/gazebo-11/plugins:/opt/ros/humble/opt/rviz_ogre_vendor/lib:/opt/ros/humble/lib/x86_64-linux-gnu:/opt/ros/humble/lib:/usr/lib/x86_64-linux-gnu/gazebo-11/plugins PYTHONPATH=/home/arms/X4M300_ws/build/novelda_x4m300/prefix_override:/usr/lib/python3/dist-packages/colcon_core/task/python/colcon_distutils_commands:/home/arms/X4M300_ws/install/novelda_x4m300/lib/python3.10/site-packages:${PYTHONPATH} /usr/bin/python3 -W ignore:setup.py install is deprecated setup.py develop --editable --build-directory /home/arms/X4M300_ws/build/novelda_x4m300/build --no-deps symlink_data
[3.591s] INFO:colcon.colcon_core.shell:Creating environment descriptor '/home/arms/X4M300_ws/build/novelda_x4m300/share/novelda_x4m300/hook/pythonpath_develop.dsv'
[3.592s] INFO:colcon.colcon_core.shell:Creating environment hook '/home/arms/X4M300_ws/build/novelda_x4m300/share/novelda_x4m300/hook/pythonpath_develop.sh'
[3.592s] Level 1:colcon.colcon_core.environment:checking '/home/arms/X4M300_ws/install/novelda_x4m300' for CMake module files
[3.592s] Level 1:colcon.colcon_core.environment:checking '/home/arms/X4M300_ws/install/novelda_x4m300' for CMake config files
[3.592s] Level 1:colcon.colcon_core.environment:checking '/home/arms/X4M300_ws/install/novelda_x4m300/lib'
[3.592s] Level 1:colcon.colcon_core.environment:checking '/home/arms/X4M300_ws/install/novelda_x4m300/bin'
[3.592s] Level 1:colcon.colcon_core.environment:checking '/home/arms/X4M300_ws/install/novelda_x4m300/lib/pkgconfig/novelda_x4m300.pc'
[3.593s] Level 1:colcon.colcon_core.environment:checking '/home/arms/X4M300_ws/install/novelda_x4m300/lib/python3.10/site-packages'
[3.593s] Level 1:colcon.colcon_core.shell:create_environment_hook('novelda_x4m300', 'pythonpath')
[3.593s] INFO:colcon.colcon_core.shell:Creating environment hook '/home/arms/X4M300_ws/install/novelda_x4m300/share/novelda_x4m300/hook/pythonpath.ps1'
[3.593s] INFO:colcon.colcon_core.shell:Creating environment descriptor '/home/arms/X4M300_ws/install/novelda_x4m300/share/novelda_x4m300/hook/pythonpath.dsv'
[3.593s] INFO:colcon.colcon_core.shell:Creating environment hook '/home/arms/X4M300_ws/install/novelda_x4m300/share/novelda_x4m300/hook/pythonpath.sh'
[3.593s] Level 1:colcon.colcon_core.environment:checking '/home/arms/X4M300_ws/install/novelda_x4m300/bin'
[3.593s] Level 1:colcon.colcon_core.environment:create_environment_scripts_only(novelda_x4m300)
[3.593s] INFO:colcon.colcon_core.shell:Creating package script '/home/arms/X4M300_ws/install/novelda_x4m300/share/novelda_x4m300/package.ps1'
[3.594s] INFO:colcon.colcon_core.shell:Creating package descriptor '/home/arms/X4M300_ws/install/novelda_x4m300/share/novelda_x4m300/package.dsv'
[3.594s] INFO:colcon.colcon_core.shell:Creating package script '/home/arms/X4M300_ws/install/novelda_x4m300/share/novelda_x4m300/package.sh'
[3.594s] INFO:colcon.colcon_core.shell:Creating package script '/home/arms/X4M300_ws/install/novelda_x4m300/share/novelda_x4m300/package.bash'
[3.594s] INFO:colcon.colcon_core.shell:Creating package script '/home/arms/X4M300_ws/install/novelda_x4m300/share/novelda_x4m300/package.zsh'
[3.594s] Level 1:colcon.colcon_core.environment:create_file_with_runtime_dependencies(/home/arms/X4M300_ws/install/novelda_x4m300/share/colcon-core/packages/novelda_x4m300)
[3.594s] DEBUG:colcon.colcon_parallel_executor.executor.parallel:closing loop
[3.595s] DEBUG:colcon.colcon_parallel_executor.executor.parallel:loop closed
[3.595s] DEBUG:colcon.colcon_parallel_executor.executor.parallel:run_until_complete finished with '0'
[3.595s] DEBUG:colcon.colcon_core.event_reactor:joining thread
[3.598s] INFO:colcon.colcon_core.plugin_system:Skipping extension 'colcon_notification.desktop_notification.terminal_notifier': Not used on non-Darwin systems
[3.598s] INFO:colcon.colcon_core.plugin_system:Skipping extension 'colcon_notification.desktop_notification.win32': Not used on non-Windows systems
[3.598s] INFO:colcon.colcon_notification.desktop_notification:Sending desktop notification using 'notify2'
[3.618s] DEBUG:colcon.colcon_core.event_reactor:joined thread
[3.619s] INFO:colcon.colcon_core.shell:Creating prefix script '/home/arms/X4M300_ws/install/local_setup.ps1'
[3.619s] INFO:colcon.colcon_core.shell:Creating prefix util module '/home/arms/X4M300_ws/install/_local_setup_util_ps1.py'
[3.620s] INFO:colcon.colcon_core.shell:Creating prefix chain script '/home/arms/X4M300_ws/install/setup.ps1'
[3.621s] INFO:colcon.colcon_core.shell:Creating prefix script '/home/arms/X4M300_ws/install/local_setup.sh'
[3.621s] INFO:colcon.colcon_core.shell:Creating prefix util module '/home/arms/X4M300_ws/install/_local_setup_util_sh.py'
[3.621s] INFO:colcon.colcon_core.shell:Creating prefix chain script '/home/arms/X4M300_ws/install/setup.sh'
[3.622s] INFO:colcon.colcon_core.shell:Creating prefix script '/home/arms/X4M300_ws/install/local_setup.bash'
[3.622s] INFO:colcon.colcon_core.shell:Creating prefix chain script '/home/arms/X4M300_ws/install/setup.bash'
[3.623s] INFO:colcon.colcon_core.shell:Creating prefix script '/home/arms/X4M300_ws/install/local_setup.zsh'
[3.623s] INFO:colcon.colcon_core.shell:Creating prefix chain script '/home/arms/X4M300_ws/install/setup.zsh'
