[0.389s] Invoking command in '/home/arms/X4M300_ws/src/python_parameters': PYTHONPATH=/home/arms/X4M300_ws/build/python_parameters/prefix_override:/usr/lib/python3/dist-packages/colcon_core/task/python/colcon_distutils_commands:/home/arms/X4M300_ws/install/python_parameters/lib/python3.10/site-packages:${PYTHONPATH} /usr/bin/python3 -W ignore:setup.py install is deprecated setup.py egg_info --egg-base ../../build/python_parameters build --build-base /home/arms/X4M300_ws/build/python_parameters/build install --record /home/arms/X4M300_ws/build/python_parameters/install.log --single-version-externally-managed install_data
[0.532s] running egg_info
[0.533s] creating ../../build/python_parameters/python_parameters.egg-info
[0.533s] writing ../../build/python_parameters/python_parameters.egg-info/PKG-INFO
[0.533s] writing dependency_links to ../../build/python_parameters/python_parameters.egg-info/dependency_links.txt
[0.533s] writing entry points to ../../build/python_parameters/python_parameters.egg-info/entry_points.txt
[0.533s] writing requirements to ../../build/python_parameters/python_parameters.egg-info/requires.txt
[0.533s] writing top-level names to ../../build/python_parameters/python_parameters.egg-info/top_level.txt
[0.533s] writing manifest file '../../build/python_parameters/python_parameters.egg-info/SOURCES.txt'
[0.534s] reading manifest file '../../build/python_parameters/python_parameters.egg-info/SOURCES.txt'
[0.534s] adding license file 'LICENSE'
[0.534s] writing manifest file '../../build/python_parameters/python_parameters.egg-info/SOURCES.txt'
[0.534s] running build
[0.534s] running build_py
[0.534s] creating /home/arms/X4M300_ws/build/python_parameters/build
[0.535s] creating /home/arms/X4M300_ws/build/python_parameters/build/lib
[0.535s] creating /home/arms/X4M300_ws/build/python_parameters/build/lib/python_parameters
[0.535s] copying python_parameters/__init__.py -> /home/arms/X4M300_ws/build/python_parameters/build/lib/python_parameters
[0.535s] copying python_parameters/python_parameters_node.py -> /home/arms/X4M300_ws/build/python_parameters/build/lib/python_parameters
[0.535s] running install
[0.535s] running install_lib
[0.535s] creating /home/arms/X4M300_ws/install/python_parameters/lib/python3.10/site-packages/python_parameters
[0.535s] copying /home/arms/X4M300_ws/build/python_parameters/build/lib/python_parameters/__init__.py -> /home/arms/X4M300_ws/install/python_parameters/lib/python3.10/site-packages/python_parameters
[0.535s] copying /home/arms/X4M300_ws/build/python_parameters/build/lib/python_parameters/python_parameters_node.py -> /home/arms/X4M300_ws/install/python_parameters/lib/python3.10/site-packages/python_parameters
[0.535s] byte-compiling /home/arms/X4M300_ws/install/python_parameters/lib/python3.10/site-packages/python_parameters/__init__.py to __init__.cpython-310.pyc
[0.536s] byte-compiling /home/arms/X4M300_ws/install/python_parameters/lib/python3.10/site-packages/python_parameters/python_parameters_node.py to python_parameters_node.cpython-310.pyc
[0.536s] running install_data
[0.536s] creating /home/arms/X4M300_ws/install/python_parameters/share/ament_index
[0.536s] creating /home/arms/X4M300_ws/install/python_parameters/share/ament_index/resource_index
[0.536s] creating /home/arms/X4M300_ws/install/python_parameters/share/ament_index/resource_index/packages
[0.536s] copying resource/python_parameters -> /home/arms/X4M300_ws/install/python_parameters/share/ament_index/resource_index/packages
[0.536s] copying package.xml -> /home/arms/X4M300_ws/install/python_parameters/share/python_parameters
[0.536s] running install_egg_info
[0.537s] Copying ../../build/python_parameters/python_parameters.egg-info to /home/arms/X4M300_ws/install/python_parameters/lib/python3.10/site-packages/python_parameters-0.0.0-py3.10.egg-info
[0.537s] running install_scripts
[0.550s] Installing param_node script to /home/arms/X4M300_ws/install/python_parameters/lib/python_parameters
[0.550s] writing list of installed files to '/home/arms/X4M300_ws/build/python_parameters/install.log'
[0.564s] Invoked command in '/home/arms/X4M300_ws/src/python_parameters' returned '0': PYTHONPATH=/home/arms/X4M300_ws/build/python_parameters/prefix_override:/usr/lib/python3/dist-packages/colcon_core/task/python/colcon_distutils_commands:/home/arms/X4M300_ws/install/python_parameters/lib/python3.10/site-packages:${PYTHONPATH} /usr/bin/python3 -W ignore:setup.py install is deprecated setup.py egg_info --egg-base ../../build/python_parameters build --build-base /home/arms/X4M300_ws/build/python_parameters/build install --record /home/arms/X4M300_ws/build/python_parameters/install.log --single-version-externally-managed install_data
