[0.011s] Invoking command in '/home/arms/X4M300_ws/build/custom_interfaces': CMAKE_PREFIX_PATH=${CMAKE_PREFIX_PATH}:/home/arms/X4M300_ws/install/python_parameters:/home/arms/X4M300_ws/install/novelda_x4m300:/opt/ros/humble /usr/bin/cmake /home/arms/X4M300_ws/src/custom_interfaces -DAMENT_CMAKE_SYMLINK_INSTALL=1 -DCMAKE_INSTALL_PREFIX=/home/arms/X4M300_ws/install/custom_interfaces
[0.083s] -- The C compiler identification is GNU 11.4.0
[0.136s] -- The CXX compiler identification is GNU 11.4.0
[0.143s] -- Detecting C compiler ABI info
[0.198s] -- Detecting C compiler ABI info - done
[0.205s] -- Check for working C compiler: /usr/bin/cc - skipped
[0.206s] -- Detecting C compile features
[0.206s] -- Detecting C compile features - done
[0.209s] -- Detecting CXX compiler ABI info
[0.269s] -- Detecting CXX compiler ABI info - done
[0.274s] -- Check for working CXX compiler: /usr/bin/c++ - skipped
[0.274s] -- Detecting CXX compile features
[0.274s] -- Detecting CXX compile features - done
[0.277s] -- Found ament_cmake: 1.3.10 (/opt/ros/humble/share/ament_cmake/cmake)
[0.387s] -- Found Python3: /usr/bin/python3 (found version "3.10.12") found components: Interpreter 
[0.433s] -- Override CMake install command with custom implementation using symlinks instead of copying resources
[0.460s] -- Found ament_lint_auto: 0.12.11 (/opt/ros/humble/share/ament_lint_auto/cmake)
[0.520s] -- Found rosidl_default_generators: 1.2.0 (/opt/ros/humble/share/rosidl_default_generators/cmake)
[0.524s] -- Using all available rosidl_typesupport_c: rosidl_typesupport_fastrtps_c;rosidl_typesupport_introspection_c
[0.529s] -- Found rosidl_adapter: 3.1.5 (/opt/ros/humble/share/rosidl_adapter/cmake)
[0.566s] -- Using all available rosidl_typesupport_cpp: rosidl_typesupport_fastrtps_cpp;rosidl_typesupport_introspection_cpp
[0.724s] -- Found ament_cmake_ros: 0.10.0 (/opt/ros/humble/share/ament_cmake_ros/cmake)
[0.862s] -- Using all available rosidl_typesupport_c: rosidl_typesupport_fastrtps_c;rosidl_typesupport_introspection_c
[1.020s] -- Using all available rosidl_typesupport_cpp: rosidl_typesupport_fastrtps_cpp;rosidl_typesupport_introspection_cpp
[1.040s] -- Found PythonInterp: /usr/bin/python3 (found suitable version "3.10.12", minimum required is "3.6") 
[1.041s] -- Found python_cmake_module: 0.10.0 (/opt/ros/humble/share/python_cmake_module/cmake)
[1.060s] -- Found PythonLibs: /usr/lib/x86_64-linux-gnu/libpython3.10.so (found suitable version "3.10.12", minimum required is "3.5") 
[1.060s] -- Using PYTHON_EXECUTABLE: /usr/bin/python3
[1.060s] -- Using PYTHON_INCLUDE_DIRS: /usr/include/python3.10
[1.060s] -- Using PYTHON_LIBRARIES: /usr/lib/x86_64-linux-gnu/libpython3.10.so
[1.072s] -- Found PythonExtra: .so  
[1.097s] -- Added test 'lint_cmake' to check CMake code style
[1.098s] -- Added test 'xmllint' to check XML markup files
[1.102s] -- Configuring done
[1.115s] -- Generating done
[1.116s] -- Build files have been written to: /home/arms/X4M300_ws/build/custom_interfaces
[1.122s] Invoked command in '/home/arms/X4M300_ws/build/custom_interfaces' returned '0': CMAKE_PREFIX_PATH=${CMAKE_PREFIX_PATH}:/home/arms/X4M300_ws/install/python_parameters:/home/arms/X4M300_ws/install/novelda_x4m300:/opt/ros/humble /usr/bin/cmake /home/arms/X4M300_ws/src/custom_interfaces -DAMENT_CMAKE_SYMLINK_INSTALL=1 -DCMAKE_INSTALL_PREFIX=/home/arms/X4M300_ws/install/custom_interfaces
[1.122s] Invoking command in '/home/arms/X4M300_ws/build/custom_interfaces': CMAKE_PREFIX_PATH=${CMAKE_PREFIX_PATH}:/home/arms/X4M300_ws/install/python_parameters:/home/arms/X4M300_ws/install/novelda_x4m300:/opt/ros/humble /usr/bin/cmake --build /home/arms/X4M300_ws/build/custom_interfaces -- -j20 -l20
[1.154s] [  3%] [34m[1mGenerating C code for ROS interfaces[0m
[1.162s] [  6%] [34m[1mGenerating C++ code for ROS interfaces[0m
[1.162s] [  6%] Built target ament_cmake_python_symlink_custom_interfaces
[1.322s] [  9%] [32mBuilding C object CMakeFiles/custom_interfaces__rosidl_generator_c.dir/rosidl_generator_c/custom_interfaces/msg/detail/float_list__functions.c.o[0m
[1.326s] [  9%] Built target custom_interfaces__cpp
[1.333s] running egg_info
[1.334s] creating custom_interfaces.egg-info
[1.334s] writing custom_interfaces.egg-info/PKG-INFO
[1.334s] writing dependency_links to custom_interfaces.egg-info/dependency_links.txt
[1.334s] writing top-level names to custom_interfaces.egg-info/top_level.txt
[1.334s] writing manifest file 'custom_interfaces.egg-info/SOURCES.txt'
[1.335s] [ 12%] [34m[1mGenerating C++ introspection for ROS interfaces[0m
[1.335s] reading manifest file 'custom_interfaces.egg-info/SOURCES.txt'
[1.336s] [ 16%] [34m[1mGenerating C++ type support for eProsima Fast-RTPS[0m
[1.336s] [ 19%] [34m[1mGenerating C++ type support dispatch for ROS interfaces[0m
[1.336s] writing manifest file 'custom_interfaces.egg-info/SOURCES.txt'
[1.357s] [ 19%] Built target ament_cmake_python_build_custom_interfaces_egg
[1.371s] [ 22%] [32m[1mLinking C shared library libcustom_interfaces__rosidl_generator_c.so[0m
[1.403s] [ 22%] Built target custom_interfaces__rosidl_generator_c
[1.411s] [ 25%] [34m[1mGenerating C type support for eProsima Fast-RTPS[0m
[1.413s] [ 29%] [34m[1mGenerating C introspection for ROS interfaces[0m
[1.414s] [ 32%] [34m[1mGenerating C type support dispatch for ROS interfaces[0m
[1.516s] [ 35%] [32mBuilding CXX object CMakeFiles/custom_interfaces__rosidl_typesupport_cpp.dir/rosidl_typesupport_cpp/custom_interfaces/msg/float_list__type_support.cpp.o[0m
[1.537s] [ 38%] [32mBuilding CXX object CMakeFiles/custom_interfaces__rosidl_typesupport_introspection_cpp.dir/rosidl_typesupport_introspection_cpp/custom_interfaces/msg/detail/float_list__type_support.cpp.o[0m
[1.542s] [ 41%] [32mBuilding CXX object CMakeFiles/custom_interfaces__rosidl_typesupport_fastrtps_cpp.dir/rosidl_typesupport_fastrtps_cpp/custom_interfaces/msg/detail/dds_fastrtps/float_list__type_support.cpp.o[0m
[1.618s] [ 48%] [32mBuilding CXX object CMakeFiles/custom_interfaces__rosidl_typesupport_fastrtps_c.dir/rosidl_typesupport_fastrtps_c/custom_interfaces/msg/detail/float_list__type_support_c.cpp.o[0m
[1.618s] [ 48%] [32mBuilding CXX object CMakeFiles/custom_interfaces__rosidl_typesupport_c.dir/rosidl_typesupport_c/custom_interfaces/msg/float_list__type_support.cpp.o[0m
[1.620s] [ 51%] [32mBuilding C object CMakeFiles/custom_interfaces__rosidl_typesupport_introspection_c.dir/rosidl_typesupport_introspection_c/custom_interfaces/msg/detail/float_list__type_support.c.o[0m
[1.650s] [ 54%] [32m[1mLinking CXX shared library libcustom_interfaces__rosidl_typesupport_c.so[0m
[1.656s] [ 58%] [32m[1mLinking C shared library libcustom_interfaces__rosidl_typesupport_introspection_c.so[0m
[1.692s] [ 58%] Built target custom_interfaces__rosidl_typesupport_c
[1.692s] [ 58%] Built target custom_interfaces__rosidl_typesupport_introspection_c
[1.741s] [ 61%] [32m[1mLinking CXX shared library libcustom_interfaces__rosidl_typesupport_cpp.so[0m
[1.778s] [ 61%] Built target custom_interfaces__rosidl_typesupport_cpp
[1.842s] [ 64%] [32m[1mLinking CXX shared library libcustom_interfaces__rosidl_typesupport_introspection_cpp.so[0m
[1.846s] [ 67%] [32m[1mLinking CXX shared library libcustom_interfaces__rosidl_typesupport_fastrtps_c.so[0m
[1.868s] [ 70%] [32m[1mLinking CXX shared library libcustom_interfaces__rosidl_typesupport_fastrtps_cpp.so[0m
[1.898s] [ 70%] Built target custom_interfaces__rosidl_typesupport_introspection_cpp
[1.903s] [ 70%] Built target custom_interfaces__rosidl_typesupport_fastrtps_c
[1.920s] [ 70%] Built target custom_interfaces__rosidl_typesupport_fastrtps_cpp
[1.935s] [ 70%] Built target custom_interfaces
[1.951s] [ 74%] [34m[1mGenerating Python code for ROS interfaces[0m
[2.099s] [ 74%] Built target custom_interfaces__py
[2.113s] [ 77%] [32mBuilding C object CMakeFiles/custom_interfaces__rosidl_generator_py.dir/rosidl_generator_py/custom_interfaces/msg/_float_list_s.c.o[0m
[2.188s] [ 80%] [32m[1mLinking C shared library rosidl_generator_py/custom_interfaces/libcustom_interfaces__rosidl_generator_py.so[0m
[2.217s] [ 80%] Built target custom_interfaces__rosidl_generator_py
[2.233s] [ 83%] [32mBuilding C object CMakeFiles/custom_interfaces__rosidl_typesupport_fastrtps_c__pyext.dir/rosidl_generator_py/custom_interfaces/_custom_interfaces_s.ep.rosidl_typesupport_fastrtps_c.c.o[0m
[2.233s] [ 87%] [32mBuilding C object CMakeFiles/custom_interfaces__rosidl_typesupport_introspection_c__pyext.dir/rosidl_generator_py/custom_interfaces/_custom_interfaces_s.ep.rosidl_typesupport_introspection_c.c.o[0m
[2.233s] [ 90%] [32mBuilding C object CMakeFiles/custom_interfaces__rosidl_typesupport_c__pyext.dir/rosidl_generator_py/custom_interfaces/_custom_interfaces_s.ep.rosidl_typesupport_c.c.o[0m
[2.287s] [ 96%] [32m[1mLinking C shared library rosidl_generator_py/custom_interfaces/custom_interfaces_s__rosidl_typesupport_introspection_c.cpython-310-x86_64-linux-gnu.so[0m
[2.287s] [ 96%] [32m[1mLinking C shared library rosidl_generator_py/custom_interfaces/custom_interfaces_s__rosidl_typesupport_c.cpython-310-x86_64-linux-gnu.so[0m
[2.289s] [100%] [32m[1mLinking C shared library rosidl_generator_py/custom_interfaces/custom_interfaces_s__rosidl_typesupport_fastrtps_c.cpython-310-x86_64-linux-gnu.so[0m
[2.312s] [100%] Built target custom_interfaces__rosidl_typesupport_c__pyext
[2.314s] [100%] Built target custom_interfaces__rosidl_typesupport_fastrtps_c__pyext
[2.315s] [100%] Built target custom_interfaces__rosidl_typesupport_introspection_c__pyext
[2.323s] Invoked command in '/home/arms/X4M300_ws/build/custom_interfaces' returned '0': CMAKE_PREFIX_PATH=${CMAKE_PREFIX_PATH}:/home/arms/X4M300_ws/install/python_parameters:/home/arms/X4M300_ws/install/novelda_x4m300:/opt/ros/humble /usr/bin/cmake --build /home/arms/X4M300_ws/build/custom_interfaces -- -j20 -l20
[2.374s] Invoking command in '/home/arms/X4M300_ws/build/custom_interfaces': CMAKE_PREFIX_PATH=${CMAKE_PREFIX_PATH}:/home/arms/X4M300_ws/install/python_parameters:/home/arms/X4M300_ws/install/novelda_x4m300:/opt/ros/humble /usr/bin/cmake --install /home/arms/X4M300_ws/build/custom_interfaces
[2.379s] -- Install configuration: ""
[2.379s] -- Execute custom install script
[2.379s] -- Symlinking: /home/arms/X4M300_ws/install/custom_interfaces/share/ament_index/resource_index/rosidl_interfaces/custom_interfaces
[2.387s] -- Symlinking: /home/arms/X4M300_ws/install/custom_interfaces/include/custom_interfaces/custom_interfaces/msg/detail/float_list__functions.h
[2.392s] -- Symlinking: /home/arms/X4M300_ws/install/custom_interfaces/include/custom_interfaces/custom_interfaces/msg/detail/float_list__struct.h
[2.398s] -- Symlinking: /home/arms/X4M300_ws/install/custom_interfaces/include/custom_interfaces/custom_interfaces/msg/detail/float_list__type_support.h
[2.404s] -- Symlinking: /home/arms/X4M300_ws/install/custom_interfaces/include/custom_interfaces/custom_interfaces/msg/float_list.h
[2.410s] -- Symlinking: /home/arms/X4M300_ws/install/custom_interfaces/include/custom_interfaces/custom_interfaces/msg/rosidl_generator_c__visibility_control.h
[2.415s] -- Symlinking: /home/arms/X4M300_ws/install/custom_interfaces/share/custom_interfaces/environment/library_path.sh
[2.421s] -- Symlinking: /home/arms/X4M300_ws/install/custom_interfaces/share/custom_interfaces/environment/library_path.dsv
[2.428s] -- Symlinking: /home/arms/X4M300_ws/install/custom_interfaces/include/custom_interfaces/custom_interfaces/msg/detail/float_list__rosidl_typesupport_fastrtps_c.h
[2.433s] -- Symlinking: /home/arms/X4M300_ws/install/custom_interfaces/include/custom_interfaces/custom_interfaces/msg/rosidl_typesupport_fastrtps_c__visibility_control.h
[2.438s] -- Symlinking: /home/arms/X4M300_ws/install/custom_interfaces/include/custom_interfaces/custom_interfaces/msg/detail/float_list__rosidl_typesupport_introspection_c.h
[2.443s] -- Symlinking: /home/arms/X4M300_ws/install/custom_interfaces/include/custom_interfaces/custom_interfaces/msg/rosidl_typesupport_introspection_c__visibility_control.h
[2.447s] -- Symlinking: /home/arms/X4M300_ws/install/custom_interfaces/include/custom_interfaces/custom_interfaces/msg/detail/float_list__builder.hpp
[2.453s] -- Symlinking: /home/arms/X4M300_ws/install/custom_interfaces/include/custom_interfaces/custom_interfaces/msg/detail/float_list__struct.hpp
[2.458s] -- Symlinking: /home/arms/X4M300_ws/install/custom_interfaces/include/custom_interfaces/custom_interfaces/msg/detail/float_list__traits.hpp
[2.464s] -- Symlinking: /home/arms/X4M300_ws/install/custom_interfaces/include/custom_interfaces/custom_interfaces/msg/float_list.hpp
[2.470s] -- Symlinking: /home/arms/X4M300_ws/install/custom_interfaces/include/custom_interfaces/custom_interfaces/msg/detail/float_list__rosidl_typesupport_fastrtps_cpp.hpp
[2.474s] -- Symlinking: /home/arms/X4M300_ws/install/custom_interfaces/include/custom_interfaces/custom_interfaces/msg/rosidl_typesupport_fastrtps_cpp__visibility_control.h
[2.479s] -- Symlinking: /home/arms/X4M300_ws/install/custom_interfaces/include/custom_interfaces/custom_interfaces/msg/detail/float_list__rosidl_typesupport_introspection_cpp.hpp
[2.486s] -- Symlinking: /home/arms/X4M300_ws/install/custom_interfaces/share/custom_interfaces/environment/pythonpath.sh
[2.493s] -- Symlinking: /home/arms/X4M300_ws/install/custom_interfaces/share/custom_interfaces/environment/pythonpath.dsv
[2.498s] -- Symlinking: /home/arms/X4M300_ws/install/custom_interfaces/local/lib/python3.10/dist-packages/custom_interfaces-0.0.0-py3.10.egg-info/PKG-INFO
[2.504s] -- Symlinking: /home/arms/X4M300_ws/install/custom_interfaces/local/lib/python3.10/dist-packages/custom_interfaces-0.0.0-py3.10.egg-info/SOURCES.txt
[2.508s] -- Symlinking: /home/arms/X4M300_ws/install/custom_interfaces/local/lib/python3.10/dist-packages/custom_interfaces-0.0.0-py3.10.egg-info/dependency_links.txt
[2.513s] -- Symlinking: /home/arms/X4M300_ws/install/custom_interfaces/local/lib/python3.10/dist-packages/custom_interfaces-0.0.0-py3.10.egg-info/top_level.txt
[2.518s] -- Symlinking: /home/arms/X4M300_ws/install/custom_interfaces/local/lib/python3.10/dist-packages/custom_interfaces/__init__.py
[2.525s] -- Symlinking: /home/arms/X4M300_ws/install/custom_interfaces/local/lib/python3.10/dist-packages/custom_interfaces/_custom_interfaces_s.ep.rosidl_typesupport_c.c
[2.529s] -- Symlinking: /home/arms/X4M300_ws/install/custom_interfaces/local/lib/python3.10/dist-packages/custom_interfaces/_custom_interfaces_s.ep.rosidl_typesupport_fastrtps_c.c
[2.534s] -- Symlinking: /home/arms/X4M300_ws/install/custom_interfaces/local/lib/python3.10/dist-packages/custom_interfaces/_custom_interfaces_s.ep.rosidl_typesupport_introspection_c.c
[2.539s] -- Symlinking: /home/arms/X4M300_ws/install/custom_interfaces/local/lib/python3.10/dist-packages/custom_interfaces/custom_interfaces_s__rosidl_typesupport_c.cpython-310-x86_64-linux-gnu.so
[2.546s] -- Symlinking: /home/arms/X4M300_ws/install/custom_interfaces/local/lib/python3.10/dist-packages/custom_interfaces/custom_interfaces_s__rosidl_typesupport_fastrtps_c.cpython-310-x86_64-linux-gnu.so
[2.552s] -- Symlinking: /home/arms/X4M300_ws/install/custom_interfaces/local/lib/python3.10/dist-packages/custom_interfaces/custom_interfaces_s__rosidl_typesupport_introspection_c.cpython-310-x86_64-linux-gnu.so
[2.558s] -- Symlinking: /home/arms/X4M300_ws/install/custom_interfaces/local/lib/python3.10/dist-packages/custom_interfaces/libcustom_interfaces__rosidl_generator_py.so
[2.564s] -- Symlinking: /home/arms/X4M300_ws/install/custom_interfaces/local/lib/python3.10/dist-packages/custom_interfaces/msg/__init__.py
[2.569s] -- Symlinking: /home/arms/X4M300_ws/install/custom_interfaces/local/lib/python3.10/dist-packages/custom_interfaces/msg/_float_list.py
[2.574s] -- Symlinking: /home/arms/X4M300_ws/install/custom_interfaces/local/lib/python3.10/dist-packages/custom_interfaces/msg/_float_list_s.c
[2.579s] -- Up-to-date symlink: /home/arms/X4M300_ws/install/custom_interfaces/local/lib/python3.10/dist-packages/custom_interfaces/custom_interfaces_s__rosidl_typesupport_fastrtps_c.cpython-310-x86_64-linux-gnu.so
[2.580s] -- Up-to-date symlink: /home/arms/X4M300_ws/install/custom_interfaces/local/lib/python3.10/dist-packages/custom_interfaces/custom_interfaces_s__rosidl_typesupport_introspection_c.cpython-310-x86_64-linux-gnu.so
[2.580s] -- Up-to-date symlink: /home/arms/X4M300_ws/install/custom_interfaces/local/lib/python3.10/dist-packages/custom_interfaces/custom_interfaces_s__rosidl_typesupport_c.cpython-310-x86_64-linux-gnu.so
[2.580s] -- Symlinking: /home/arms/X4M300_ws/install/custom_interfaces/share/custom_interfaces/msg/FloatList.idl
[2.584s] -- Symlinking: /home/arms/X4M300_ws/install/custom_interfaces/share/custom_interfaces/msg/FloatList.msg
[2.590s] -- Symlinking: /home/arms/X4M300_ws/install/custom_interfaces/share/ament_index/resource_index/package_run_dependencies/custom_interfaces
[2.594s] -- Symlinking: /home/arms/X4M300_ws/install/custom_interfaces/share/ament_index/resource_index/parent_prefix_path/custom_interfaces
[2.600s] -- Symlinking: /home/arms/X4M300_ws/install/custom_interfaces/share/custom_interfaces/environment/ament_prefix_path.sh
[2.606s] -- Symlinking: /home/arms/X4M300_ws/install/custom_interfaces/share/custom_interfaces/environment/ament_prefix_path.dsv
[2.612s] -- Symlinking: /home/arms/X4M300_ws/install/custom_interfaces/share/custom_interfaces/environment/path.sh
[2.617s] -- Symlinking: /home/arms/X4M300_ws/install/custom_interfaces/share/custom_interfaces/environment/path.dsv
[2.622s] -- Symlinking: /home/arms/X4M300_ws/install/custom_interfaces/share/custom_interfaces/local_setup.bash
[2.629s] -- Symlinking: /home/arms/X4M300_ws/install/custom_interfaces/share/custom_interfaces/local_setup.sh
[2.634s] -- Symlinking: /home/arms/X4M300_ws/install/custom_interfaces/share/custom_interfaces/local_setup.zsh
[2.638s] -- Symlinking: /home/arms/X4M300_ws/install/custom_interfaces/share/custom_interfaces/local_setup.dsv
[2.643s] -- Symlinking: /home/arms/X4M300_ws/install/custom_interfaces/share/custom_interfaces/package.dsv
[2.650s] -- Symlinking: /home/arms/X4M300_ws/install/custom_interfaces/share/ament_index/resource_index/packages/custom_interfaces
[2.657s] -- Symlinking: /home/arms/X4M300_ws/install/custom_interfaces/share/custom_interfaces/cmake/rosidl_cmake-extras.cmake
[2.662s] -- Symlinking: /home/arms/X4M300_ws/install/custom_interfaces/share/custom_interfaces/cmake/ament_cmake_export_include_directories-extras.cmake
[2.667s] -- Symlinking: /home/arms/X4M300_ws/install/custom_interfaces/share/custom_interfaces/cmake/ament_cmake_export_libraries-extras.cmake
[2.674s] -- Symlinking: /home/arms/X4M300_ws/install/custom_interfaces/share/custom_interfaces/cmake/ament_cmake_export_targets-extras.cmake
[2.680s] -- Symlinking: /home/arms/X4M300_ws/install/custom_interfaces/share/custom_interfaces/cmake/rosidl_cmake_export_typesupport_targets-extras.cmake
[2.686s] -- Symlinking: /home/arms/X4M300_ws/install/custom_interfaces/share/custom_interfaces/cmake/ament_cmake_export_dependencies-extras.cmake
[2.692s] -- Symlinking: /home/arms/X4M300_ws/install/custom_interfaces/share/custom_interfaces/cmake/rosidl_cmake_export_typesupport_libraries-extras.cmake
[2.696s] -- Symlinking: /home/arms/X4M300_ws/install/custom_interfaces/share/custom_interfaces/cmake/custom_interfacesConfig.cmake
[2.701s] -- Symlinking: /home/arms/X4M300_ws/install/custom_interfaces/share/custom_interfaces/cmake/custom_interfacesConfig-version.cmake
[2.706s] -- Symlinking: /home/arms/X4M300_ws/install/custom_interfaces/share/custom_interfaces/package.xml
[2.713s] -- Installing: /home/arms/X4M300_ws/install/custom_interfaces/lib/libcustom_interfaces__rosidl_generator_c.so
[2.713s] -- Set runtime path of "/home/arms/X4M300_ws/install/custom_interfaces/lib/libcustom_interfaces__rosidl_generator_c.so" to ""
[2.713s] -- Installing: /home/arms/X4M300_ws/install/custom_interfaces/lib/libcustom_interfaces__rosidl_typesupport_fastrtps_c.so
[2.713s] -- Set runtime path of "/home/arms/X4M300_ws/install/custom_interfaces/lib/libcustom_interfaces__rosidl_typesupport_fastrtps_c.so" to ""
[2.713s] -- Installing: /home/arms/X4M300_ws/install/custom_interfaces/lib/libcustom_interfaces__rosidl_typesupport_introspection_c.so
[2.713s] -- Set runtime path of "/home/arms/X4M300_ws/install/custom_interfaces/lib/libcustom_interfaces__rosidl_typesupport_introspection_c.so" to ""
[2.713s] -- Installing: /home/arms/X4M300_ws/install/custom_interfaces/lib/libcustom_interfaces__rosidl_typesupport_c.so
[2.714s] -- Set runtime path of "/home/arms/X4M300_ws/install/custom_interfaces/lib/libcustom_interfaces__rosidl_typesupport_c.so" to ""
[2.714s] -- Installing: /home/arms/X4M300_ws/install/custom_interfaces/lib/libcustom_interfaces__rosidl_typesupport_fastrtps_cpp.so
[2.714s] -- Set runtime path of "/home/arms/X4M300_ws/install/custom_interfaces/lib/libcustom_interfaces__rosidl_typesupport_fastrtps_cpp.so" to ""
[2.714s] -- Installing: /home/arms/X4M300_ws/install/custom_interfaces/lib/libcustom_interfaces__rosidl_typesupport_introspection_cpp.so
[2.714s] -- Set runtime path of "/home/arms/X4M300_ws/install/custom_interfaces/lib/libcustom_interfaces__rosidl_typesupport_introspection_cpp.so" to ""
[2.714s] -- Installing: /home/arms/X4M300_ws/install/custom_interfaces/lib/libcustom_interfaces__rosidl_typesupport_cpp.so
[2.714s] -- Set runtime path of "/home/arms/X4M300_ws/install/custom_interfaces/lib/libcustom_interfaces__rosidl_typesupport_cpp.so" to ""
[2.742s] Listing '/home/arms/X4M300_ws/install/custom_interfaces/local/lib/python3.10/dist-packages/custom_interfaces'...
[2.742s] Compiling '/home/arms/X4M300_ws/install/custom_interfaces/local/lib/python3.10/dist-packages/custom_interfaces/__init__.py'...
[2.742s] Listing '/home/arms/X4M300_ws/install/custom_interfaces/local/lib/python3.10/dist-packages/custom_interfaces/msg'...
[2.742s] Compiling '/home/arms/X4M300_ws/install/custom_interfaces/local/lib/python3.10/dist-packages/custom_interfaces/msg/__init__.py'...
[2.742s] Compiling '/home/arms/X4M300_ws/install/custom_interfaces/local/lib/python3.10/dist-packages/custom_interfaces/msg/_float_list.py'...
[2.744s] -- Installing: /home/arms/X4M300_ws/install/custom_interfaces/lib/libcustom_interfaces__rosidl_generator_py.so
[2.744s] -- Set runtime path of "/home/arms/X4M300_ws/install/custom_interfaces/lib/libcustom_interfaces__rosidl_generator_py.so" to ""
[2.744s] -- Installing: /home/arms/X4M300_ws/install/custom_interfaces/share/custom_interfaces/cmake/export_custom_interfaces__rosidl_generator_cExport.cmake
[2.745s] -- Installing: /home/arms/X4M300_ws/install/custom_interfaces/share/custom_interfaces/cmake/export_custom_interfaces__rosidl_generator_cExport-noconfig.cmake
[2.745s] -- Installing: /home/arms/X4M300_ws/install/custom_interfaces/share/custom_interfaces/cmake/export_custom_interfaces__rosidl_typesupport_fastrtps_cExport.cmake
[2.745s] -- Installing: /home/arms/X4M300_ws/install/custom_interfaces/share/custom_interfaces/cmake/export_custom_interfaces__rosidl_typesupport_fastrtps_cExport-noconfig.cmake
[2.745s] -- Installing: /home/arms/X4M300_ws/install/custom_interfaces/share/custom_interfaces/cmake/custom_interfaces__rosidl_typesupport_introspection_cExport.cmake
[2.745s] -- Installing: /home/arms/X4M300_ws/install/custom_interfaces/share/custom_interfaces/cmake/custom_interfaces__rosidl_typesupport_introspection_cExport-noconfig.cmake
[2.745s] -- Installing: /home/arms/X4M300_ws/install/custom_interfaces/share/custom_interfaces/cmake/custom_interfaces__rosidl_typesupport_cExport.cmake
[2.745s] -- Installing: /home/arms/X4M300_ws/install/custom_interfaces/share/custom_interfaces/cmake/custom_interfaces__rosidl_typesupport_cExport-noconfig.cmake
[2.745s] -- Installing: /home/arms/X4M300_ws/install/custom_interfaces/share/custom_interfaces/cmake/export_custom_interfaces__rosidl_generator_cppExport.cmake
[2.745s] -- Installing: /home/arms/X4M300_ws/install/custom_interfaces/share/custom_interfaces/cmake/export_custom_interfaces__rosidl_typesupport_fastrtps_cppExport.cmake
[2.745s] -- Installing: /home/arms/X4M300_ws/install/custom_interfaces/share/custom_interfaces/cmake/export_custom_interfaces__rosidl_typesupport_fastrtps_cppExport-noconfig.cmake
[2.745s] -- Installing: /home/arms/X4M300_ws/install/custom_interfaces/share/custom_interfaces/cmake/custom_interfaces__rosidl_typesupport_introspection_cppExport.cmake
[2.745s] -- Installing: /home/arms/X4M300_ws/install/custom_interfaces/share/custom_interfaces/cmake/custom_interfaces__rosidl_typesupport_introspection_cppExport-noconfig.cmake
[2.745s] -- Installing: /home/arms/X4M300_ws/install/custom_interfaces/share/custom_interfaces/cmake/custom_interfaces__rosidl_typesupport_cppExport.cmake
[2.745s] -- Installing: /home/arms/X4M300_ws/install/custom_interfaces/share/custom_interfaces/cmake/custom_interfaces__rosidl_typesupport_cppExport-noconfig.cmake
[2.745s] -- Installing: /home/arms/X4M300_ws/install/custom_interfaces/share/custom_interfaces/cmake/export_custom_interfaces__rosidl_generator_pyExport.cmake
[2.745s] -- Installing: /home/arms/X4M300_ws/install/custom_interfaces/share/custom_interfaces/cmake/export_custom_interfaces__rosidl_generator_pyExport-noconfig.cmake
[2.747s] Invoked command in '/home/arms/X4M300_ws/build/custom_interfaces' returned '0': CMAKE_PREFIX_PATH=${CMAKE_PREFIX_PATH}:/home/arms/X4M300_ws/install/python_parameters:/home/arms/X4M300_ws/install/novelda_x4m300:/opt/ros/humble /usr/bin/cmake --install /home/arms/X4M300_ws/build/custom_interfaces
