[0.056s] DEBUG:colcon:Command line arguments: ['/usr/bin/colcon', 'build', '--symlink-install']
[0.056s] DEBUG:colcon:Parsed command line arguments: Namespace(log_base=None, log_level=None, verb_name='build', build_base='build', install_base='install', merge_install=False, symlink_install=True, test_result_base=None, continue_on_error=False, executor='parallel', parallel_workers=20, event_handlers=None, ignore_user_meta=False, metas=['./colcon.meta'], base_paths=['.'], packages_ignore=None, packages_ignore_regex=None, paths=None, packages_up_to=None, packages_up_to_regex=None, packages_above=None, packages_above_and_dependencies=None, packages_above_depth=None, packages_select_by_dep=None, packages_skip_by_dep=None, packages_skip_up_to=None, packages_select_build_failed=False, packages_skip_build_finished=False, packages_select_test_failures=False, packages_skip_test_passed=False, packages_select=None, packages_skip=None, packages_select_regex=None, packages_skip_regex=None, packages_start=None, packages_end=None, allow_overriding=[], cmake_args=None, cmake_target=None, cmake_target_skip_unavailable=False, cmake_clean_cache=False, cmake_clean_first=False, cmake_force_configure=False, ament_cmake_args=None, catkin_cmake_args=None, catkin_skip_building_tests=False, mixin_files=None, mixin=None, verb_parser=<colcon_mixin.mixin.mixin_argument.MixinArgumentDecorator object at 0x7ad86e836f80>, verb_extension=<colcon_core.verb.build.BuildVerb object at 0x7ad86e970130>, main=<bound method BuildVerb.main of <colcon_core.verb.build.BuildVerb object at 0x7ad86e970130>>, mixin_verb=('build',))
[0.146s] Level 1:colcon.colcon_core.package_discovery:discover_packages(colcon_meta) check parameters
[0.146s] Level 1:colcon.colcon_core.package_discovery:discover_packages(recursive) check parameters
[0.146s] Level 1:colcon.colcon_core.package_discovery:discover_packages(ignore) check parameters
[0.146s] Level 1:colcon.colcon_core.package_discovery:discover_packages(path) check parameters
[0.146s] Level 1:colcon.colcon_core.package_discovery:discover_packages(colcon_meta) discover
[0.146s] Level 1:colcon.colcon_core.package_discovery:discover_packages(recursive) discover
[0.146s] INFO:colcon.colcon_core.package_discovery:Crawling recursively for packages in '/home/arms/X4M300_ws'
[0.146s] Level 1:colcon.colcon_core.package_identification:_identify(.) by extensions ['ignore', 'ignore_ament_install']
[0.146s] Level 1:colcon.colcon_core.package_identification:_identify(.) by extension 'ignore'
[0.146s] Level 1:colcon.colcon_core.package_identification:_identify(.) by extension 'ignore_ament_install'
[0.146s] Level 1:colcon.colcon_core.package_identification:_identify(.) by extensions ['colcon_pkg']
[0.146s] Level 1:colcon.colcon_core.package_identification:_identify(.) by extension 'colcon_pkg'
[0.146s] Level 1:colcon.colcon_core.package_identification:_identify(.) by extensions ['colcon_meta']
[0.146s] Level 1:colcon.colcon_core.package_identification:_identify(.) by extension 'colcon_meta'
[0.146s] Level 1:colcon.colcon_core.package_identification:_identify(.) by extensions ['ros']
[0.147s] Level 1:colcon.colcon_core.package_identification:_identify(.) by extension 'ros'
[0.157s] Level 1:colcon.colcon_core.package_identification:_identify(.) by extensions ['cmake', 'python']
[0.157s] Level 1:colcon.colcon_core.package_identification:_identify(.) by extension 'cmake'
[0.157s] Level 1:colcon.colcon_core.package_identification:_identify(.) by extension 'python'
[0.157s] Level 1:colcon.colcon_core.package_identification:_identify(.) by extensions ['python_setup_py']
[0.157s] Level 1:colcon.colcon_core.package_identification:_identify(.) by extension 'python_setup_py'
[0.157s] Level 1:colcon.colcon_core.package_identification:_identify(build) by extensions ['ignore', 'ignore_ament_install']
[0.157s] Level 1:colcon.colcon_core.package_identification:_identify(build) by extension 'ignore'
[0.157s] Level 1:colcon.colcon_core.package_identification:_identify(build) ignored
[0.157s] Level 1:colcon.colcon_core.package_identification:_identify(install) by extensions ['ignore', 'ignore_ament_install']
[0.157s] Level 1:colcon.colcon_core.package_identification:_identify(install) by extension 'ignore'
[0.157s] Level 1:colcon.colcon_core.package_identification:_identify(install) ignored
[0.157s] Level 1:colcon.colcon_core.package_identification:_identify(log) by extensions ['ignore', 'ignore_ament_install']
[0.157s] Level 1:colcon.colcon_core.package_identification:_identify(log) by extension 'ignore'
[0.157s] Level 1:colcon.colcon_core.package_identification:_identify(log) ignored
[0.157s] Level 1:colcon.colcon_core.package_identification:_identify(src) by extensions ['ignore', 'ignore_ament_install']
[0.157s] Level 1:colcon.colcon_core.package_identification:_identify(src) by extension 'ignore'
[0.157s] Level 1:colcon.colcon_core.package_identification:_identify(src) by extension 'ignore_ament_install'
[0.157s] Level 1:colcon.colcon_core.package_identification:_identify(src) by extensions ['colcon_pkg']
[0.157s] Level 1:colcon.colcon_core.package_identification:_identify(src) by extension 'colcon_pkg'
[0.157s] Level 1:colcon.colcon_core.package_identification:_identify(src) by extensions ['colcon_meta']
[0.157s] Level 1:colcon.colcon_core.package_identification:_identify(src) by extension 'colcon_meta'
[0.157s] Level 1:colcon.colcon_core.package_identification:_identify(src) by extensions ['ros']
[0.157s] Level 1:colcon.colcon_core.package_identification:_identify(src) by extension 'ros'
[0.157s] Level 1:colcon.colcon_core.package_identification:_identify(src) by extensions ['cmake', 'python']
[0.157s] Level 1:colcon.colcon_core.package_identification:_identify(src) by extension 'cmake'
[0.157s] Level 1:colcon.colcon_core.package_identification:_identify(src) by extension 'python'
[0.157s] Level 1:colcon.colcon_core.package_identification:_identify(src) by extensions ['python_setup_py']
[0.157s] Level 1:colcon.colcon_core.package_identification:_identify(src) by extension 'python_setup_py'
[0.157s] Level 1:colcon.colcon_core.package_identification:_identify(src/custom_interfaces) by extensions ['ignore', 'ignore_ament_install']
[0.157s] Level 1:colcon.colcon_core.package_identification:_identify(src/custom_interfaces) by extension 'ignore'
[0.157s] Level 1:colcon.colcon_core.package_identification:_identify(src/custom_interfaces) by extension 'ignore_ament_install'
[0.157s] Level 1:colcon.colcon_core.package_identification:_identify(src/custom_interfaces) by extensions ['colcon_pkg']
[0.157s] Level 1:colcon.colcon_core.package_identification:_identify(src/custom_interfaces) by extension 'colcon_pkg'
[0.157s] Level 1:colcon.colcon_core.package_identification:_identify(src/custom_interfaces) by extensions ['colcon_meta']
[0.157s] Level 1:colcon.colcon_core.package_identification:_identify(src/custom_interfaces) by extension 'colcon_meta'
[0.158s] Level 1:colcon.colcon_core.package_identification:_identify(src/custom_interfaces) by extensions ['ros']
[0.158s] Level 1:colcon.colcon_core.package_identification:_identify(src/custom_interfaces) by extension 'ros'
[0.159s] DEBUG:colcon.colcon_core.package_identification:Package 'src/custom_interfaces' with type 'ros.ament_cmake' and name 'custom_interfaces'
[0.159s] Level 1:colcon.colcon_core.package_identification:_identify(src/novelda_x4m300) by extensions ['ignore', 'ignore_ament_install']
[0.159s] Level 1:colcon.colcon_core.package_identification:_identify(src/novelda_x4m300) by extension 'ignore'
[0.159s] Level 1:colcon.colcon_core.package_identification:_identify(src/novelda_x4m300) by extension 'ignore_ament_install'
[0.159s] Level 1:colcon.colcon_core.package_identification:_identify(src/novelda_x4m300) by extensions ['colcon_pkg']
[0.159s] Level 1:colcon.colcon_core.package_identification:_identify(src/novelda_x4m300) by extension 'colcon_pkg'
[0.159s] Level 1:colcon.colcon_core.package_identification:_identify(src/novelda_x4m300) by extensions ['colcon_meta']
[0.159s] Level 1:colcon.colcon_core.package_identification:_identify(src/novelda_x4m300) by extension 'colcon_meta'
[0.159s] Level 1:colcon.colcon_core.package_identification:_identify(src/novelda_x4m300) by extensions ['ros']
[0.159s] Level 1:colcon.colcon_core.package_identification:_identify(src/novelda_x4m300) by extension 'ros'
[0.159s] DEBUG:colcon.colcon_core.package_identification:Package 'src/novelda_x4m300' with type 'ros.ament_python' and name 'novelda_x4m300'
[0.159s] Level 1:colcon.colcon_core.package_identification:_identify(src/python_parameters) by extensions ['ignore', 'ignore_ament_install']
[0.159s] Level 1:colcon.colcon_core.package_identification:_identify(src/python_parameters) by extension 'ignore'
[0.159s] Level 1:colcon.colcon_core.package_identification:_identify(src/python_parameters) by extension 'ignore_ament_install'
[0.160s] Level 1:colcon.colcon_core.package_identification:_identify(src/python_parameters) by extensions ['colcon_pkg']
[0.160s] Level 1:colcon.colcon_core.package_identification:_identify(src/python_parameters) by extension 'colcon_pkg'
[0.160s] Level 1:colcon.colcon_core.package_identification:_identify(src/python_parameters) by extensions ['colcon_meta']
[0.160s] Level 1:colcon.colcon_core.package_identification:_identify(src/python_parameters) by extension 'colcon_meta'
[0.160s] Level 1:colcon.colcon_core.package_identification:_identify(src/python_parameters) by extensions ['ros']
[0.160s] Level 1:colcon.colcon_core.package_identification:_identify(src/python_parameters) by extension 'ros'
[0.160s] DEBUG:colcon.colcon_core.package_identification:Package 'src/python_parameters' with type 'ros.ament_python' and name 'python_parameters'
[0.160s] Level 1:colcon.colcon_core.package_identification:_identify(support) by extensions ['ignore', 'ignore_ament_install']
[0.160s] Level 1:colcon.colcon_core.package_identification:_identify(support) by extension 'ignore'
[0.160s] Level 1:colcon.colcon_core.package_identification:_identify(support) by extension 'ignore_ament_install'
[0.160s] Level 1:colcon.colcon_core.package_identification:_identify(support) by extensions ['colcon_pkg']
[0.160s] Level 1:colcon.colcon_core.package_identification:_identify(support) by extension 'colcon_pkg'
[0.160s] Level 1:colcon.colcon_core.package_identification:_identify(support) by extensions ['colcon_meta']
[0.160s] Level 1:colcon.colcon_core.package_identification:_identify(support) by extension 'colcon_meta'
[0.160s] Level 1:colcon.colcon_core.package_identification:_identify(support) by extensions ['ros']
[0.160s] Level 1:colcon.colcon_core.package_identification:_identify(support) by extension 'ros'
[0.160s] Level 1:colcon.colcon_core.package_identification:_identify(support) by extensions ['cmake', 'python']
[0.160s] Level 1:colcon.colcon_core.package_identification:_identify(support) by extension 'cmake'
[0.160s] Level 1:colcon.colcon_core.package_identification:_identify(support) by extension 'python'
[0.160s] Level 1:colcon.colcon_core.package_identification:_identify(support) by extensions ['python_setup_py']
[0.160s] Level 1:colcon.colcon_core.package_identification:_identify(support) by extension 'python_setup_py'
[0.160s] Level 1:colcon.colcon_core.package_discovery:discover_packages(recursive) using defaults
[0.160s] Level 1:colcon.colcon_core.package_discovery:discover_packages(ignore) discover
[0.160s] Level 1:colcon.colcon_core.package_discovery:discover_packages(ignore) using defaults
[0.160s] Level 1:colcon.colcon_core.package_discovery:discover_packages(path) discover
[0.160s] Level 1:colcon.colcon_core.package_discovery:discover_packages(path) using defaults
[0.171s] Level 1:colcon.colcon_core.package_discovery:discover_packages(prefix_path) check parameters
[0.171s] Level 1:colcon.colcon_core.package_discovery:discover_packages(prefix_path) discover
[0.172s] DEBUG:colcon.colcon_installed_package_information.package_discovery:Found 1 installed packages in /home/arms/launcher_ws/install
[0.172s] DEBUG:colcon.colcon_installed_package_information.package_discovery:Found 1 installed packages in /home/arms/my_ws/install
[0.172s] DEBUG:colcon.colcon_installed_package_information.package_discovery:Found 5 installed packages in /home/arms/turtlebot3_ws/install
[0.173s] DEBUG:colcon.colcon_installed_package_information.package_discovery:Found 3 installed packages in /home/arms/X4M300_ws/install
[0.173s] DEBUG:colcon.colcon_installed_package_information.package_discovery:Found 375 installed packages in /opt/ros/humble
[0.175s] Level 1:colcon.colcon_core.package_discovery:discover_packages(prefix_path) using defaults
[0.197s] Level 5:colcon.colcon_core.verb:set package 'custom_interfaces' build argument 'cmake_args' from command line to 'None'
[0.197s] Level 5:colcon.colcon_core.verb:set package 'custom_interfaces' build argument 'cmake_target' from command line to 'None'
[0.197s] Level 5:colcon.colcon_core.verb:set package 'custom_interfaces' build argument 'cmake_target_skip_unavailable' from command line to 'False'
[0.197s] Level 5:colcon.colcon_core.verb:set package 'custom_interfaces' build argument 'cmake_clean_cache' from command line to 'False'
[0.197s] Level 5:colcon.colcon_core.verb:set package 'custom_interfaces' build argument 'cmake_clean_first' from command line to 'False'
[0.197s] Level 5:colcon.colcon_core.verb:set package 'custom_interfaces' build argument 'cmake_force_configure' from command line to 'False'
[0.197s] Level 5:colcon.colcon_core.verb:set package 'custom_interfaces' build argument 'ament_cmake_args' from command line to 'None'
[0.197s] Level 5:colcon.colcon_core.verb:set package 'custom_interfaces' build argument 'catkin_cmake_args' from command line to 'None'
[0.197s] Level 5:colcon.colcon_core.verb:set package 'custom_interfaces' build argument 'catkin_skip_building_tests' from command line to 'False'
[0.197s] DEBUG:colcon.colcon_core.verb:Building package 'custom_interfaces' with the following arguments: {'ament_cmake_args': None, 'build_base': '/home/arms/X4M300_ws/build/custom_interfaces', 'catkin_cmake_args': None, 'catkin_skip_building_tests': False, 'cmake_args': None, 'cmake_clean_cache': False, 'cmake_clean_first': False, 'cmake_force_configure': False, 'cmake_target': None, 'cmake_target_skip_unavailable': False, 'install_base': '/home/arms/X4M300_ws/install/custom_interfaces', 'merge_install': False, 'path': '/home/arms/X4M300_ws/src/custom_interfaces', 'symlink_install': True, 'test_result_base': None}
[0.197s] Level 5:colcon.colcon_core.verb:set package 'python_parameters' build argument 'cmake_args' from command line to 'None'
[0.197s] Level 5:colcon.colcon_core.verb:set package 'python_parameters' build argument 'cmake_target' from command line to 'None'
[0.197s] Level 5:colcon.colcon_core.verb:set package 'python_parameters' build argument 'cmake_target_skip_unavailable' from command line to 'False'
[0.197s] Level 5:colcon.colcon_core.verb:set package 'python_parameters' build argument 'cmake_clean_cache' from command line to 'False'
[0.197s] Level 5:colcon.colcon_core.verb:set package 'python_parameters' build argument 'cmake_clean_first' from command line to 'False'
[0.197s] Level 5:colcon.colcon_core.verb:set package 'python_parameters' build argument 'cmake_force_configure' from command line to 'False'
[0.197s] Level 5:colcon.colcon_core.verb:set package 'python_parameters' build argument 'ament_cmake_args' from command line to 'None'
[0.197s] Level 5:colcon.colcon_core.verb:set package 'python_parameters' build argument 'catkin_cmake_args' from command line to 'None'
[0.197s] Level 5:colcon.colcon_core.verb:set package 'python_parameters' build argument 'catkin_skip_building_tests' from command line to 'False'
[0.197s] DEBUG:colcon.colcon_core.verb:Building package 'python_parameters' with the following arguments: {'ament_cmake_args': None, 'build_base': '/home/arms/X4M300_ws/build/python_parameters', 'catkin_cmake_args': None, 'catkin_skip_building_tests': False, 'cmake_args': None, 'cmake_clean_cache': False, 'cmake_clean_first': False, 'cmake_force_configure': False, 'cmake_target': None, 'cmake_target_skip_unavailable': False, 'install_base': '/home/arms/X4M300_ws/install/python_parameters', 'merge_install': False, 'path': '/home/arms/X4M300_ws/src/python_parameters', 'symlink_install': True, 'test_result_base': None}
[0.198s] Level 5:colcon.colcon_core.verb:set package 'novelda_x4m300' build argument 'cmake_args' from command line to 'None'
[0.198s] Level 5:colcon.colcon_core.verb:set package 'novelda_x4m300' build argument 'cmake_target' from command line to 'None'
[0.198s] Level 5:colcon.colcon_core.verb:set package 'novelda_x4m300' build argument 'cmake_target_skip_unavailable' from command line to 'False'
[0.198s] Level 5:colcon.colcon_core.verb:set package 'novelda_x4m300' build argument 'cmake_clean_cache' from command line to 'False'
[0.198s] Level 5:colcon.colcon_core.verb:set package 'novelda_x4m300' build argument 'cmake_clean_first' from command line to 'False'
[0.198s] Level 5:colcon.colcon_core.verb:set package 'novelda_x4m300' build argument 'cmake_force_configure' from command line to 'False'
[0.198s] Level 5:colcon.colcon_core.verb:set package 'novelda_x4m300' build argument 'ament_cmake_args' from command line to 'None'
[0.198s] Level 5:colcon.colcon_core.verb:set package 'novelda_x4m300' build argument 'catkin_cmake_args' from command line to 'None'
[0.198s] Level 5:colcon.colcon_core.verb:set package 'novelda_x4m300' build argument 'catkin_skip_building_tests' from command line to 'False'
[0.198s] DEBUG:colcon.colcon_core.verb:Building package 'novelda_x4m300' with the following arguments: {'ament_cmake_args': None, 'build_base': '/home/arms/X4M300_ws/build/novelda_x4m300', 'catkin_cmake_args': None, 'catkin_skip_building_tests': False, 'cmake_args': None, 'cmake_clean_cache': False, 'cmake_clean_first': False, 'cmake_force_configure': False, 'cmake_target': None, 'cmake_target_skip_unavailable': False, 'install_base': '/home/arms/X4M300_ws/install/novelda_x4m300', 'merge_install': False, 'path': '/home/arms/X4M300_ws/src/novelda_x4m300', 'symlink_install': True, 'test_result_base': None}
[0.198s] INFO:colcon.colcon_core.executor:Executing jobs using 'parallel' executor
[0.199s] DEBUG:colcon.colcon_parallel_executor.executor.parallel:run_until_complete
[0.199s] INFO:colcon.colcon_ros.task.ament_cmake.build:Building ROS package in '/home/arms/X4M300_ws/src/custom_interfaces' with build type 'ament_cmake'
[0.199s] INFO:colcon.colcon_cmake.task.cmake.build:Building CMake package in '/home/arms/X4M300_ws/src/custom_interfaces'
[0.200s] INFO:colcon.colcon_core.plugin_system:Skipping extension 'colcon_core.shell.bat': Not used on non-Windows systems
[0.200s] INFO:colcon.colcon_core.shell:Skip shell extension 'powershell' for command environment: Not usable outside of PowerShell
[0.200s] DEBUG:colcon.colcon_core.shell:Skip shell extension 'dsv' for command environment
[0.202s] INFO:colcon.colcon_ros.task.ament_python.build:Building ROS package in '/home/arms/X4M300_ws/src/python_parameters' with build type 'ament_python'
[0.203s] Level 1:colcon.colcon_core.shell:create_environment_hook('python_parameters', 'ament_prefix_path')
[0.203s] INFO:colcon.colcon_core.shell:Creating environment hook '/home/arms/X4M300_ws/install/python_parameters/share/python_parameters/hook/ament_prefix_path.ps1'
[0.203s] INFO:colcon.colcon_core.shell:Creating environment descriptor '/home/arms/X4M300_ws/install/python_parameters/share/python_parameters/hook/ament_prefix_path.dsv'
[0.203s] INFO:colcon.colcon_core.shell:Creating environment hook '/home/arms/X4M300_ws/install/python_parameters/share/python_parameters/hook/ament_prefix_path.sh'
[0.204s] INFO:colcon.colcon_core.shell:Skip shell extension 'powershell' for command environment: Not usable outside of PowerShell
[0.204s] DEBUG:colcon.colcon_core.shell:Skip shell extension 'dsv' for command environment
[0.208s] DEBUG:colcon.colcon_core.event_handler.log_command:Invoking command in '/home/arms/X4M300_ws/build/custom_interfaces': CMAKE_PREFIX_PATH=${CMAKE_PREFIX_PATH}:/home/arms/X4M300_ws/install/python_parameters:/home/arms/X4M300_ws/install/novelda_x4m300:/opt/ros/humble /usr/bin/cmake --build /home/arms/X4M300_ws/build/custom_interfaces -- -j20 -l20
[0.379s] INFO:colcon.colcon_core.task.python.build:Building Python package in '/home/arms/X4M300_ws/src/python_parameters'
[0.380s] INFO:colcon.colcon_core.shell:Skip shell extension 'powershell' for command environment: Not usable outside of PowerShell
[0.380s] DEBUG:colcon.colcon_core.shell:Skip shell extension 'dsv' for command environment
[0.448s] DEBUG:colcon.colcon_core.event_handler.log_command:Invoked command in '/home/arms/X4M300_ws/build/custom_interfaces' returned '0': CMAKE_PREFIX_PATH=${CMAKE_PREFIX_PATH}:/home/arms/X4M300_ws/install/python_parameters:/home/arms/X4M300_ws/install/novelda_x4m300:/opt/ros/humble /usr/bin/cmake --build /home/arms/X4M300_ws/build/custom_interfaces -- -j20 -l20
[0.500s] DEBUG:colcon.colcon_core.event_handler.log_command:Invoking command in '/home/arms/X4M300_ws/build/custom_interfaces': CMAKE_PREFIX_PATH=${CMAKE_PREFIX_PATH}:/home/arms/X4M300_ws/install/python_parameters:/home/arms/X4M300_ws/install/novelda_x4m300:/opt/ros/humble /usr/bin/cmake --install /home/arms/X4M300_ws/build/custom_interfaces
[0.541s] Level 1:colcon.colcon_core.environment:create_environment_scripts_only(custom_interfaces)
[0.541s] DEBUG:colcon.colcon_core.event_handler.log_command:Invoked command in '/home/arms/X4M300_ws/build/custom_interfaces' returned '0': CMAKE_PREFIX_PATH=${CMAKE_PREFIX_PATH}:/home/arms/X4M300_ws/install/python_parameters:/home/arms/X4M300_ws/install/novelda_x4m300:/opt/ros/humble /usr/bin/cmake --install /home/arms/X4M300_ws/build/custom_interfaces
[0.542s] Level 1:colcon.colcon_core.environment:checking '/home/arms/X4M300_ws/install/custom_interfaces' for CMake module files
[0.543s] Level 1:colcon.colcon_core.environment:checking '/home/arms/X4M300_ws/install/custom_interfaces' for CMake config files
[0.543s] Level 1:colcon.colcon_core.shell:create_environment_hook('custom_interfaces', 'cmake_prefix_path')
[0.543s] INFO:colcon.colcon_core.shell:Creating environment hook '/home/arms/X4M300_ws/install/custom_interfaces/share/custom_interfaces/hook/cmake_prefix_path.ps1'
[0.543s] INFO:colcon.colcon_core.shell:Creating environment descriptor '/home/arms/X4M300_ws/install/custom_interfaces/share/custom_interfaces/hook/cmake_prefix_path.dsv'
[0.543s] INFO:colcon.colcon_core.shell:Creating environment hook '/home/arms/X4M300_ws/install/custom_interfaces/share/custom_interfaces/hook/cmake_prefix_path.sh'
[0.544s] Level 1:colcon.colcon_core.environment:checking '/home/arms/X4M300_ws/install/custom_interfaces/lib'
[0.544s] Level 1:colcon.colcon_core.shell:create_environment_hook('custom_interfaces', 'ld_library_path_lib')
[0.544s] INFO:colcon.colcon_core.shell:Creating environment hook '/home/arms/X4M300_ws/install/custom_interfaces/share/custom_interfaces/hook/ld_library_path_lib.ps1'
[0.544s] INFO:colcon.colcon_core.shell:Creating environment descriptor '/home/arms/X4M300_ws/install/custom_interfaces/share/custom_interfaces/hook/ld_library_path_lib.dsv'
[0.544s] INFO:colcon.colcon_core.shell:Creating environment hook '/home/arms/X4M300_ws/install/custom_interfaces/share/custom_interfaces/hook/ld_library_path_lib.sh'
[0.544s] Level 1:colcon.colcon_core.environment:checking '/home/arms/X4M300_ws/install/custom_interfaces/bin'
[0.545s] Level 1:colcon.colcon_core.environment:checking '/home/arms/X4M300_ws/install/custom_interfaces/lib/pkgconfig/custom_interfaces.pc'
[0.545s] Level 1:colcon.colcon_core.environment:checking '/home/arms/X4M300_ws/install/custom_interfaces/lib/python3.10/site-packages'
[0.545s] Level 1:colcon.colcon_core.environment:checking '/home/arms/X4M300_ws/install/custom_interfaces/bin'
[0.545s] INFO:colcon.colcon_core.shell:Creating package script '/home/arms/X4M300_ws/install/custom_interfaces/share/custom_interfaces/package.ps1'
[0.546s] INFO:colcon.colcon_core.shell:Creating package descriptor '/home/arms/X4M300_ws/install/custom_interfaces/share/custom_interfaces/package.dsv'
[0.546s] INFO:colcon.colcon_core.shell:Creating package script '/home/arms/X4M300_ws/install/custom_interfaces/share/custom_interfaces/package.sh'
[0.547s] INFO:colcon.colcon_core.shell:Creating package script '/home/arms/X4M300_ws/install/custom_interfaces/share/custom_interfaces/package.bash'
[0.547s] INFO:colcon.colcon_core.shell:Creating package script '/home/arms/X4M300_ws/install/custom_interfaces/share/custom_interfaces/package.zsh'
[0.548s] Level 1:colcon.colcon_core.environment:create_file_with_runtime_dependencies(/home/arms/X4M300_ws/install/custom_interfaces/share/colcon-core/packages/custom_interfaces)
[0.597s] Level 1:colcon.colcon_core.environment:create_environment_scripts_only(custom_interfaces)
[0.598s] Level 1:colcon.colcon_core.environment:checking '/home/arms/X4M300_ws/install/custom_interfaces' for CMake module files
[0.598s] Level 1:colcon.colcon_core.environment:checking '/home/arms/X4M300_ws/install/custom_interfaces' for CMake config files
[0.599s] Level 1:colcon.colcon_core.shell:create_environment_hook('custom_interfaces', 'cmake_prefix_path')
[0.599s] INFO:colcon.colcon_core.shell:Creating environment hook '/home/arms/X4M300_ws/install/custom_interfaces/share/custom_interfaces/hook/cmake_prefix_path.ps1'
[0.599s] INFO:colcon.colcon_core.shell:Creating environment descriptor '/home/arms/X4M300_ws/install/custom_interfaces/share/custom_interfaces/hook/cmake_prefix_path.dsv'
[0.599s] INFO:colcon.colcon_core.shell:Creating environment hook '/home/arms/X4M300_ws/install/custom_interfaces/share/custom_interfaces/hook/cmake_prefix_path.sh'
[0.600s] Level 1:colcon.colcon_core.environment:checking '/home/arms/X4M300_ws/install/custom_interfaces/lib'
[0.600s] Level 1:colcon.colcon_core.shell:create_environment_hook('custom_interfaces', 'ld_library_path_lib')
[0.600s] INFO:colcon.colcon_core.shell:Creating environment hook '/home/arms/X4M300_ws/install/custom_interfaces/share/custom_interfaces/hook/ld_library_path_lib.ps1'
[0.600s] INFO:colcon.colcon_core.shell:Creating environment descriptor '/home/arms/X4M300_ws/install/custom_interfaces/share/custom_interfaces/hook/ld_library_path_lib.dsv'
[0.600s] INFO:colcon.colcon_core.shell:Creating environment hook '/home/arms/X4M300_ws/install/custom_interfaces/share/custom_interfaces/hook/ld_library_path_lib.sh'
[0.600s] Level 1:colcon.colcon_core.environment:checking '/home/arms/X4M300_ws/install/custom_interfaces/bin'
[0.600s] Level 1:colcon.colcon_core.environment:checking '/home/arms/X4M300_ws/install/custom_interfaces/lib/pkgconfig/custom_interfaces.pc'
[0.601s] Level 1:colcon.colcon_core.environment:checking '/home/arms/X4M300_ws/install/custom_interfaces/lib/python3.10/site-packages'
[0.601s] Level 1:colcon.colcon_core.environment:checking '/home/arms/X4M300_ws/install/custom_interfaces/bin'
[0.601s] INFO:colcon.colcon_core.shell:Creating package script '/home/arms/X4M300_ws/install/custom_interfaces/share/custom_interfaces/package.ps1'
[0.601s] INFO:colcon.colcon_core.shell:Creating package descriptor '/home/arms/X4M300_ws/install/custom_interfaces/share/custom_interfaces/package.dsv'
[0.601s] INFO:colcon.colcon_core.shell:Creating package script '/home/arms/X4M300_ws/install/custom_interfaces/share/custom_interfaces/package.sh'
[0.602s] INFO:colcon.colcon_core.shell:Creating package script '/home/arms/X4M300_ws/install/custom_interfaces/share/custom_interfaces/package.bash'
[0.602s] INFO:colcon.colcon_core.shell:Creating package script '/home/arms/X4M300_ws/install/custom_interfaces/share/custom_interfaces/package.zsh'
[0.602s] Level 1:colcon.colcon_core.environment:create_file_with_runtime_dependencies(/home/arms/X4M300_ws/install/custom_interfaces/share/colcon-core/packages/custom_interfaces)
[0.602s] INFO:colcon.colcon_ros.task.ament_python.build:Building ROS package in '/home/arms/X4M300_ws/src/novelda_x4m300' with build type 'ament_python'
[0.602s] Level 1:colcon.colcon_core.shell:create_environment_hook('novelda_x4m300', 'ament_prefix_path')
[0.603s] INFO:colcon.colcon_core.shell:Creating environment hook '/home/arms/X4M300_ws/install/novelda_x4m300/share/novelda_x4m300/hook/ament_prefix_path.ps1'
[0.603s] INFO:colcon.colcon_core.shell:Creating environment descriptor '/home/arms/X4M300_ws/install/novelda_x4m300/share/novelda_x4m300/hook/ament_prefix_path.dsv'
[0.603s] INFO:colcon.colcon_core.shell:Creating environment hook '/home/arms/X4M300_ws/install/novelda_x4m300/share/novelda_x4m300/hook/ament_prefix_path.sh'
[0.603s] INFO:colcon.colcon_core.shell:Skip shell extension 'powershell' for command environment: Not usable outside of PowerShell
[0.603s] DEBUG:colcon.colcon_core.shell:Skip shell extension 'dsv' for command environment
[0.607s] DEBUG:colcon.colcon_core.event_handler.log_command:Invoking command in '/home/arms/X4M300_ws/build/python_parameters': PYTHONPATH=/home/arms/X4M300_ws/build/python_parameters/prefix_override:/usr/lib/python3/dist-packages/colcon_core/task/python/colcon_distutils_commands:/home/arms/X4M300_ws/install/python_parameters/lib/python3.10/site-packages:${PYTHONPATH} /usr/bin/python3 -W ignore:setup.py install is deprecated setup.py develop --editable --build-directory /home/arms/X4M300_ws/build/python_parameters/build --no-deps symlink_data
[0.770s] INFO:colcon.colcon_core.task.python.build:Building Python package in '/home/arms/X4M300_ws/src/novelda_x4m300'
[0.770s] INFO:colcon.colcon_core.shell:Skip shell extension 'powershell' for command environment: Not usable outside of PowerShell
[0.770s] DEBUG:colcon.colcon_core.shell:Skip shell extension 'dsv' for command environment
[0.889s] Level 1:colcon.colcon_core.shell:create_environment_hook('python_parameters', 'pythonpath_develop')
[0.890s] INFO:colcon.colcon_core.shell:Creating environment hook '/home/arms/X4M300_ws/build/python_parameters/share/python_parameters/hook/pythonpath_develop.ps1'
[0.890s] DEBUG:colcon.colcon_core.event_handler.log_command:Invoked command in '/home/arms/X4M300_ws/build/python_parameters' returned '0': PYTHONPATH=/home/arms/X4M300_ws/build/python_parameters/prefix_override:/usr/lib/python3/dist-packages/colcon_core/task/python/colcon_distutils_commands:/home/arms/X4M300_ws/install/python_parameters/lib/python3.10/site-packages:${PYTHONPATH} /usr/bin/python3 -W ignore:setup.py install is deprecated setup.py develop --editable --build-directory /home/arms/X4M300_ws/build/python_parameters/build --no-deps symlink_data
[0.890s] INFO:colcon.colcon_core.shell:Creating environment descriptor '/home/arms/X4M300_ws/build/python_parameters/share/python_parameters/hook/pythonpath_develop.dsv'
[0.891s] INFO:colcon.colcon_core.shell:Creating environment hook '/home/arms/X4M300_ws/build/python_parameters/share/python_parameters/hook/pythonpath_develop.sh'
[0.891s] Level 1:colcon.colcon_core.environment:checking '/home/arms/X4M300_ws/install/python_parameters' for CMake module files
[0.892s] Level 1:colcon.colcon_core.environment:checking '/home/arms/X4M300_ws/install/python_parameters' for CMake config files
[0.892s] Level 1:colcon.colcon_core.environment:checking '/home/arms/X4M300_ws/install/python_parameters/lib'
[0.892s] Level 1:colcon.colcon_core.environment:checking '/home/arms/X4M300_ws/install/python_parameters/bin'
[0.892s] Level 1:colcon.colcon_core.environment:checking '/home/arms/X4M300_ws/install/python_parameters/lib/pkgconfig/python_parameters.pc'
[0.892s] Level 1:colcon.colcon_core.environment:checking '/home/arms/X4M300_ws/install/python_parameters/lib/python3.10/site-packages'
[0.892s] Level 1:colcon.colcon_core.shell:create_environment_hook('python_parameters', 'pythonpath')
[0.893s] INFO:colcon.colcon_core.shell:Creating environment hook '/home/arms/X4M300_ws/install/python_parameters/share/python_parameters/hook/pythonpath.ps1'
[0.893s] INFO:colcon.colcon_core.shell:Creating environment descriptor '/home/arms/X4M300_ws/install/python_parameters/share/python_parameters/hook/pythonpath.dsv'
[0.893s] INFO:colcon.colcon_core.shell:Creating environment hook '/home/arms/X4M300_ws/install/python_parameters/share/python_parameters/hook/pythonpath.sh'
[0.894s] Level 1:colcon.colcon_core.environment:checking '/home/arms/X4M300_ws/install/python_parameters/bin'
[0.894s] Level 1:colcon.colcon_core.environment:create_environment_scripts_only(python_parameters)
[0.894s] INFO:colcon.colcon_core.shell:Creating package script '/home/arms/X4M300_ws/install/python_parameters/share/python_parameters/package.ps1'
[0.895s] INFO:colcon.colcon_core.shell:Creating package descriptor '/home/arms/X4M300_ws/install/python_parameters/share/python_parameters/package.dsv'
[0.895s] INFO:colcon.colcon_core.shell:Creating package script '/home/arms/X4M300_ws/install/python_parameters/share/python_parameters/package.sh'
[0.895s] INFO:colcon.colcon_core.shell:Creating package script '/home/arms/X4M300_ws/install/python_parameters/share/python_parameters/package.bash'
[0.896s] INFO:colcon.colcon_core.shell:Creating package script '/home/arms/X4M300_ws/install/python_parameters/share/python_parameters/package.zsh'
[0.896s] Level 1:colcon.colcon_core.environment:create_file_with_runtime_dependencies(/home/arms/X4M300_ws/install/python_parameters/share/colcon-core/packages/python_parameters)
[1.001s] DEBUG:colcon.colcon_core.event_handler.log_command:Invoking command in '/home/arms/X4M300_ws/build/novelda_x4m300': LD_LIBRARY_PATH=/home/arms/X4M300_ws/install/custom_interfaces/lib:/home/arms/turtlebot3_ws/install/multirobot_map_merge/lib:/usr/lib/x86_64-linux-gnu/gazebo-11/plugins:/opt/ros/humble/opt/rviz_ogre_vendor/lib:/opt/ros/humble/lib/x86_64-linux-gnu:/opt/ros/humble/lib:/usr/lib/x86_64-linux-gnu/gazebo-11/plugins PYTHONPATH=/home/arms/X4M300_ws/build/novelda_x4m300/prefix_override:/usr/lib/python3/dist-packages/colcon_core/task/python/colcon_distutils_commands:/home/arms/X4M300_ws/install/novelda_x4m300/lib/python3.10/site-packages:${PYTHONPATH} /usr/bin/python3 -W ignore:setup.py install is deprecated setup.py develop --editable --build-directory /home/arms/X4M300_ws/build/novelda_x4m300/build --no-deps symlink_data
[1.245s] Level 1:colcon.colcon_core.shell:create_environment_hook('novelda_x4m300', 'pythonpath_develop')
[1.245s] INFO:colcon.colcon_core.shell:Creating environment hook '/home/arms/X4M300_ws/build/novelda_x4m300/share/novelda_x4m300/hook/pythonpath_develop.ps1'
[1.245s] DEBUG:colcon.colcon_core.event_handler.log_command:Invoked command in '/home/arms/X4M300_ws/build/novelda_x4m300' returned '0': LD_LIBRARY_PATH=/home/arms/X4M300_ws/install/custom_interfaces/lib:/home/arms/turtlebot3_ws/install/multirobot_map_merge/lib:/usr/lib/x86_64-linux-gnu/gazebo-11/plugins:/opt/ros/humble/opt/rviz_ogre_vendor/lib:/opt/ros/humble/lib/x86_64-linux-gnu:/opt/ros/humble/lib:/usr/lib/x86_64-linux-gnu/gazebo-11/plugins PYTHONPATH=/home/arms/X4M300_ws/build/novelda_x4m300/prefix_override:/usr/lib/python3/dist-packages/colcon_core/task/python/colcon_distutils_commands:/home/arms/X4M300_ws/install/novelda_x4m300/lib/python3.10/site-packages:${PYTHONPATH} /usr/bin/python3 -W ignore:setup.py install is deprecated setup.py develop --editable --build-directory /home/arms/X4M300_ws/build/novelda_x4m300/build --no-deps symlink_data
[1.246s] INFO:colcon.colcon_core.shell:Creating environment descriptor '/home/arms/X4M300_ws/build/novelda_x4m300/share/novelda_x4m300/hook/pythonpath_develop.dsv'
[1.246s] INFO:colcon.colcon_core.shell:Creating environment hook '/home/arms/X4M300_ws/build/novelda_x4m300/share/novelda_x4m300/hook/pythonpath_develop.sh'
[1.246s] Level 1:colcon.colcon_core.environment:checking '/home/arms/X4M300_ws/install/novelda_x4m300' for CMake module files
[1.246s] Level 1:colcon.colcon_core.environment:checking '/home/arms/X4M300_ws/install/novelda_x4m300' for CMake config files
[1.247s] Level 1:colcon.colcon_core.environment:checking '/home/arms/X4M300_ws/install/novelda_x4m300/lib'
[1.247s] Level 1:colcon.colcon_core.environment:checking '/home/arms/X4M300_ws/install/novelda_x4m300/bin'
[1.247s] Level 1:colcon.colcon_core.environment:checking '/home/arms/X4M300_ws/install/novelda_x4m300/lib/pkgconfig/novelda_x4m300.pc'
[1.247s] Level 1:colcon.colcon_core.environment:checking '/home/arms/X4M300_ws/install/novelda_x4m300/lib/python3.10/site-packages'
[1.247s] Level 1:colcon.colcon_core.shell:create_environment_hook('novelda_x4m300', 'pythonpath')
[1.247s] INFO:colcon.colcon_core.shell:Creating environment hook '/home/arms/X4M300_ws/install/novelda_x4m300/share/novelda_x4m300/hook/pythonpath.ps1'
[1.247s] INFO:colcon.colcon_core.shell:Creating environment descriptor '/home/arms/X4M300_ws/install/novelda_x4m300/share/novelda_x4m300/hook/pythonpath.dsv'
[1.247s] INFO:colcon.colcon_core.shell:Creating environment hook '/home/arms/X4M300_ws/install/novelda_x4m300/share/novelda_x4m300/hook/pythonpath.sh'
[1.248s] Level 1:colcon.colcon_core.environment:checking '/home/arms/X4M300_ws/install/novelda_x4m300/bin'
[1.248s] Level 1:colcon.colcon_core.environment:create_environment_scripts_only(novelda_x4m300)
[1.248s] INFO:colcon.colcon_core.shell:Creating package script '/home/arms/X4M300_ws/install/novelda_x4m300/share/novelda_x4m300/package.ps1'
[1.248s] INFO:colcon.colcon_core.shell:Creating package descriptor '/home/arms/X4M300_ws/install/novelda_x4m300/share/novelda_x4m300/package.dsv'
[1.248s] INFO:colcon.colcon_core.shell:Creating package script '/home/arms/X4M300_ws/install/novelda_x4m300/share/novelda_x4m300/package.sh'
[1.248s] INFO:colcon.colcon_core.shell:Creating package script '/home/arms/X4M300_ws/install/novelda_x4m300/share/novelda_x4m300/package.bash'
[1.249s] INFO:colcon.colcon_core.shell:Creating package script '/home/arms/X4M300_ws/install/novelda_x4m300/share/novelda_x4m300/package.zsh'
[1.249s] Level 1:colcon.colcon_core.environment:create_file_with_runtime_dependencies(/home/arms/X4M300_ws/install/novelda_x4m300/share/colcon-core/packages/novelda_x4m300)
[1.249s] DEBUG:colcon.colcon_parallel_executor.executor.parallel:closing loop
[1.249s] DEBUG:colcon.colcon_parallel_executor.executor.parallel:loop closed
[1.249s] DEBUG:colcon.colcon_parallel_executor.executor.parallel:run_until_complete finished with '0'
[1.249s] DEBUG:colcon.colcon_core.event_reactor:joining thread
[1.252s] INFO:colcon.colcon_core.plugin_system:Skipping extension 'colcon_notification.desktop_notification.terminal_notifier': Not used on non-Darwin systems
[1.252s] INFO:colcon.colcon_core.plugin_system:Skipping extension 'colcon_notification.desktop_notification.win32': Not used on non-Windows systems
[1.252s] INFO:colcon.colcon_notification.desktop_notification:Sending desktop notification using 'notify2'
[1.259s] DEBUG:colcon.colcon_core.event_reactor:joined thread
[1.259s] INFO:colcon.colcon_core.shell:Creating prefix script '/home/arms/X4M300_ws/install/local_setup.ps1'
[1.260s] INFO:colcon.colcon_core.shell:Creating prefix util module '/home/arms/X4M300_ws/install/_local_setup_util_ps1.py'
[1.260s] INFO:colcon.colcon_core.shell:Creating prefix chain script '/home/arms/X4M300_ws/install/setup.ps1'
[1.261s] INFO:colcon.colcon_core.shell:Creating prefix script '/home/arms/X4M300_ws/install/local_setup.sh'
[1.262s] INFO:colcon.colcon_core.shell:Creating prefix util module '/home/arms/X4M300_ws/install/_local_setup_util_sh.py'
[1.262s] INFO:colcon.colcon_core.shell:Creating prefix chain script '/home/arms/X4M300_ws/install/setup.sh'
[1.262s] INFO:colcon.colcon_core.shell:Creating prefix script '/home/arms/X4M300_ws/install/local_setup.bash'
[1.263s] INFO:colcon.colcon_core.shell:Creating prefix chain script '/home/arms/X4M300_ws/install/setup.bash'
[1.263s] INFO:colcon.colcon_core.shell:Creating prefix script '/home/arms/X4M300_ws/install/local_setup.zsh'
[1.264s] INFO:colcon.colcon_core.shell:Creating prefix chain script '/home/arms/X4M300_ws/install/setup.zsh'
