[0.375s] Invoking command in '/home/arms/X4M300_ws/src/novelda_x4m300': LD_LIBRARY_PATH=/home/arms/X4M300_ws/install/custom_interfaces/lib:/home/arms/turtlebot3_ws/install/multirobot_map_merge/lib:/usr/lib/x86_64-linux-gnu/gazebo-11/plugins:/opt/ros/humble/opt/rviz_ogre_vendor/lib:/opt/ros/humble/lib/x86_64-linux-gnu:/opt/ros/humble/lib:/usr/lib/x86_64-linux-gnu/gazebo-11/plugins PYTHONPATH=/home/arms/X4M300_ws/build/novelda_x4m300/prefix_override:/usr/lib/python3/dist-packages/colcon_core/task/python/colcon_distutils_commands:/home/arms/X4M300_ws/install/novelda_x4m300/lib/python3.10/site-packages:${PYTHONPATH} /usr/bin/python3 -W ignore:setup.py install is deprecated setup.py egg_info --egg-base ../../build/novelda_x4m300 build --build-base /home/arms/X4M300_ws/build/novelda_x4m300/build install --record /home/arms/X4M300_ws/build/novelda_x4m300/install.log --single-version-externally-managed install_data
[0.514s] running egg_info
[0.515s] creating ../../build/novelda_x4m300/novelda_x4m300.egg-info
[0.515s] writing ../../build/novelda_x4m300/novelda_x4m300.egg-info/PKG-INFO
[0.515s] writing dependency_links to ../../build/novelda_x4m300/novelda_x4m300.egg-info/dependency_links.txt
[0.515s] writing entry points to ../../build/novelda_x4m300/novelda_x4m300.egg-info/entry_points.txt
[0.515s] writing requirements to ../../build/novelda_x4m300/novelda_x4m300.egg-info/requires.txt
[0.515s] writing top-level names to ../../build/novelda_x4m300/novelda_x4m300.egg-info/top_level.txt
[0.515s] writing manifest file '../../build/novelda_x4m300/novelda_x4m300.egg-info/SOURCES.txt'
[0.516s] reading manifest file '../../build/novelda_x4m300/novelda_x4m300.egg-info/SOURCES.txt'
[0.517s] writing manifest file '../../build/novelda_x4m300/novelda_x4m300.egg-info/SOURCES.txt'
[0.517s] running build
[0.517s] running build_py
[0.517s] creating /home/arms/X4M300_ws/build/novelda_x4m300/build
[0.517s] creating /home/arms/X4M300_ws/build/novelda_x4m300/build/lib
[0.517s] creating /home/arms/X4M300_ws/build/novelda_x4m300/build/lib/novelda_x4m300
[0.517s] copying novelda_x4m300/__init__.py -> /home/arms/X4M300_ws/build/novelda_x4m300/build/lib/novelda_x4m300
[0.517s] creating /home/arms/X4M300_ws/build/novelda_x4m300/build/lib/novelda_x4m300/scripts
[0.517s] copying novelda_x4m300/scripts/plotUWB.py -> /home/arms/X4M300_ws/build/novelda_x4m300/build/lib/novelda_x4m300/scripts
[0.517s] copying novelda_x4m300/scripts/__init__.py -> /home/arms/X4M300_ws/build/novelda_x4m300/build/lib/novelda_x4m300/scripts
[0.517s] copying novelda_x4m300/scripts/publisher.py -> /home/arms/X4M300_ws/build/novelda_x4m300/build/lib/novelda_x4m300/scripts
[0.517s] copying novelda_x4m300/scripts/readUWB.py -> /home/arms/X4M300_ws/build/novelda_x4m300/build/lib/novelda_x4m300/scripts
[0.517s] creating /home/arms/X4M300_ws/build/novelda_x4m300/build/lib/novelda_x4m300/scripts/python35
[0.517s] copying novelda_x4m300/scripts/python35/__init__.py -> /home/arms/X4M300_ws/build/novelda_x4m300/build/lib/novelda_x4m300/scripts/python35
[0.517s] copying novelda_x4m300/scripts/python35/setup.py -> /home/arms/X4M300_ws/build/novelda_x4m300/build/lib/novelda_x4m300/scripts/python35
[0.517s] creating /home/arms/X4M300_ws/build/novelda_x4m300/build/lib/novelda_x4m300/scripts/python35/pymoduleconnector
[0.517s] copying novelda_x4m300/scripts/python35/pymoduleconnector/version.py -> /home/arms/X4M300_ws/build/novelda_x4m300/build/lib/novelda_x4m300/scripts/python35/pymoduleconnector
[0.517s] copying novelda_x4m300/scripts/python35/pymoduleconnector/moduleconnector.py -> /home/arms/X4M300_ws/build/novelda_x4m300/build/lib/novelda_x4m300/scripts/python35/pymoduleconnector
[0.517s] copying novelda_x4m300/scripts/python35/pymoduleconnector/__init__.py -> /home/arms/X4M300_ws/build/novelda_x4m300/build/lib/novelda_x4m300/scripts/python35/pymoduleconnector
[0.517s] copying novelda_x4m300/scripts/python35/pymoduleconnector/ids.py -> /home/arms/X4M300_ws/build/novelda_x4m300/build/lib/novelda_x4m300/scripts/python35/pymoduleconnector
[0.517s] copying novelda_x4m300/scripts/python35/pymoduleconnector/rawreadings.py -> /home/arms/X4M300_ws/build/novelda_x4m300/build/lib/novelda_x4m300/scripts/python35/pymoduleconnector
[0.517s] creating /home/arms/X4M300_ws/build/novelda_x4m300/build/lib/novelda_x4m300/scripts/python35/pymoduleconnector/moduleconnectorwrapper
[0.517s] copying novelda_x4m300/scripts/python35/pymoduleconnector/moduleconnectorwrapper/__init__.py -> /home/arms/X4M300_ws/build/novelda_x4m300/build/lib/novelda_x4m300/scripts/python35/pymoduleconnector/moduleconnectorwrapper
[0.517s] creating /home/arms/X4M300_ws/build/novelda_x4m300/build/lib/novelda_x4m300/scripts/python35/pymoduleconnector/doc
[0.518s] copying novelda_x4m300/scripts/python35/pymoduleconnector/doc/__init__.py -> /home/arms/X4M300_ws/build/novelda_x4m300/build/lib/novelda_x4m300/scripts/python35/pymoduleconnector/doc
[0.518s] running install
[0.518s] running install_lib
[0.518s] creating /home/arms/X4M300_ws/install/novelda_x4m300/lib/python3.10/site-packages/novelda_x4m300
[0.518s] copying /home/arms/X4M300_ws/build/novelda_x4m300/build/lib/novelda_x4m300/__init__.py -> /home/arms/X4M300_ws/install/novelda_x4m300/lib/python3.10/site-packages/novelda_x4m300
[0.518s] creating /home/arms/X4M300_ws/install/novelda_x4m300/lib/python3.10/site-packages/novelda_x4m300/scripts
[0.518s] copying /home/arms/X4M300_ws/build/novelda_x4m300/build/lib/novelda_x4m300/scripts/plotUWB.py -> /home/arms/X4M300_ws/install/novelda_x4m300/lib/python3.10/site-packages/novelda_x4m300/scripts
[0.519s] copying /home/arms/X4M300_ws/build/novelda_x4m300/build/lib/novelda_x4m300/scripts/__init__.py -> /home/arms/X4M300_ws/install/novelda_x4m300/lib/python3.10/site-packages/novelda_x4m300/scripts
[0.519s] copying /home/arms/X4M300_ws/build/novelda_x4m300/build/lib/novelda_x4m300/scripts/publisher.py -> /home/arms/X4M300_ws/install/novelda_x4m300/lib/python3.10/site-packages/novelda_x4m300/scripts
[0.519s] creating /home/arms/X4M300_ws/install/novelda_x4m300/lib/python3.10/site-packages/novelda_x4m300/scripts/python35
[0.519s] copying /home/arms/X4M300_ws/build/novelda_x4m300/build/lib/novelda_x4m300/scripts/python35/__init__.py -> /home/arms/X4M300_ws/install/novelda_x4m300/lib/python3.10/site-packages/novelda_x4m300/scripts/python35
[0.519s] copying /home/arms/X4M300_ws/build/novelda_x4m300/build/lib/novelda_x4m300/scripts/python35/setup.py -> /home/arms/X4M300_ws/install/novelda_x4m300/lib/python3.10/site-packages/novelda_x4m300/scripts/python35
[0.519s] creating /home/arms/X4M300_ws/install/novelda_x4m300/lib/python3.10/site-packages/novelda_x4m300/scripts/python35/pymoduleconnector
[0.519s] copying /home/arms/X4M300_ws/build/novelda_x4m300/build/lib/novelda_x4m300/scripts/python35/pymoduleconnector/version.py -> /home/arms/X4M300_ws/install/novelda_x4m300/lib/python3.10/site-packages/novelda_x4m300/scripts/python35/pymoduleconnector
[0.519s] copying /home/arms/X4M300_ws/build/novelda_x4m300/build/lib/novelda_x4m300/scripts/python35/pymoduleconnector/moduleconnector.py -> /home/arms/X4M300_ws/install/novelda_x4m300/lib/python3.10/site-packages/novelda_x4m300/scripts/python35/pymoduleconnector
[0.519s] copying /home/arms/X4M300_ws/build/novelda_x4m300/build/lib/novelda_x4m300/scripts/python35/pymoduleconnector/__init__.py -> /home/arms/X4M300_ws/install/novelda_x4m300/lib/python3.10/site-packages/novelda_x4m300/scripts/python35/pymoduleconnector
[0.519s] creating /home/arms/X4M300_ws/install/novelda_x4m300/lib/python3.10/site-packages/novelda_x4m300/scripts/python35/pymoduleconnector/moduleconnectorwrapper
[0.519s] copying /home/arms/X4M300_ws/build/novelda_x4m300/build/lib/novelda_x4m300/scripts/python35/pymoduleconnector/moduleconnectorwrapper/__init__.py -> /home/arms/X4M300_ws/install/novelda_x4m300/lib/python3.10/site-packages/novelda_x4m300/scripts/python35/pymoduleconnector/moduleconnectorwrapper
[0.519s] copying /home/arms/X4M300_ws/build/novelda_x4m300/build/lib/novelda_x4m300/scripts/python35/pymoduleconnector/ids.py -> /home/arms/X4M300_ws/install/novelda_x4m300/lib/python3.10/site-packages/novelda_x4m300/scripts/python35/pymoduleconnector
[0.519s] copying /home/arms/X4M300_ws/build/novelda_x4m300/build/lib/novelda_x4m300/scripts/python35/pymoduleconnector/rawreadings.py -> /home/arms/X4M300_ws/install/novelda_x4m300/lib/python3.10/site-packages/novelda_x4m300/scripts/python35/pymoduleconnector
[0.519s] creating /home/arms/X4M300_ws/install/novelda_x4m300/lib/python3.10/site-packages/novelda_x4m300/scripts/python35/pymoduleconnector/doc
[0.519s] copying /home/arms/X4M300_ws/build/novelda_x4m300/build/lib/novelda_x4m300/scripts/python35/pymoduleconnector/doc/__init__.py -> /home/arms/X4M300_ws/install/novelda_x4m300/lib/python3.10/site-packages/novelda_x4m300/scripts/python35/pymoduleconnector/doc
[0.519s] copying /home/arms/X4M300_ws/build/novelda_x4m300/build/lib/novelda_x4m300/scripts/readUWB.py -> /home/arms/X4M300_ws/install/novelda_x4m300/lib/python3.10/site-packages/novelda_x4m300/scripts
[0.519s] byte-compiling /home/arms/X4M300_ws/install/novelda_x4m300/lib/python3.10/site-packages/novelda_x4m300/__init__.py to __init__.cpython-310.pyc
[0.519s] byte-compiling /home/arms/X4M300_ws/install/novelda_x4m300/lib/python3.10/site-packages/novelda_x4m300/scripts/plotUWB.py to plotUWB.cpython-310.pyc
[0.520s] byte-compiling /home/arms/X4M300_ws/install/novelda_x4m300/lib/python3.10/site-packages/novelda_x4m300/scripts/__init__.py to __init__.cpython-310.pyc
[0.520s] byte-compiling /home/arms/X4M300_ws/install/novelda_x4m300/lib/python3.10/site-packages/novelda_x4m300/scripts/publisher.py to publisher.cpython-310.pyc
[0.520s] byte-compiling /home/arms/X4M300_ws/install/novelda_x4m300/lib/python3.10/site-packages/novelda_x4m300/scripts/python35/__init__.py to __init__.cpython-310.pyc
[0.520s] byte-compiling /home/arms/X4M300_ws/install/novelda_x4m300/lib/python3.10/site-packages/novelda_x4m300/scripts/python35/setup.py to setup.cpython-310.pyc
[0.521s] byte-compiling /home/arms/X4M300_ws/install/novelda_x4m300/lib/python3.10/site-packages/novelda_x4m300/scripts/python35/pymoduleconnector/version.py to version.cpython-310.pyc
[0.521s] byte-compiling /home/arms/X4M300_ws/install/novelda_x4m300/lib/python3.10/site-packages/novelda_x4m300/scripts/python35/pymoduleconnector/moduleconnector.py to moduleconnector.cpython-310.pyc
[0.521s] byte-compiling /home/arms/X4M300_ws/install/novelda_x4m300/lib/python3.10/site-packages/novelda_x4m300/scripts/python35/pymoduleconnector/__init__.py to __init__.cpython-310.pyc
[0.521s] byte-compiling /home/arms/X4M300_ws/install/novelda_x4m300/lib/python3.10/site-packages/novelda_x4m300/scripts/python35/pymoduleconnector/moduleconnectorwrapper/__init__.py to __init__.cpython-310.pyc
[0.543s] byte-compiling /home/arms/X4M300_ws/install/novelda_x4m300/lib/python3.10/site-packages/novelda_x4m300/scripts/python35/pymoduleconnector/ids.py to ids.cpython-310.pyc
[0.544s] byte-compiling /home/arms/X4M300_ws/install/novelda_x4m300/lib/python3.10/site-packages/novelda_x4m300/scripts/python35/pymoduleconnector/rawreadings.py to rawreadings.cpython-310.pyc
[0.544s] byte-compiling /home/arms/X4M300_ws/install/novelda_x4m300/lib/python3.10/site-packages/novelda_x4m300/scripts/python35/pymoduleconnector/doc/__init__.py to __init__.cpython-310.pyc
[0.544s] byte-compiling /home/arms/X4M300_ws/install/novelda_x4m300/lib/python3.10/site-packages/novelda_x4m300/scripts/readUWB.py to readUWB.cpython-310.pyc
[0.544s] running install_data
[0.544s] creating /home/arms/X4M300_ws/install/novelda_x4m300/share/ament_index
[0.545s] creating /home/arms/X4M300_ws/install/novelda_x4m300/share/ament_index/resource_index
[0.545s] creating /home/arms/X4M300_ws/install/novelda_x4m300/share/ament_index/resource_index/packages
[0.545s] copying resource/novelda_x4m300 -> /home/arms/X4M300_ws/install/novelda_x4m300/share/ament_index/resource_index/packages
[0.545s] copying package.xml -> /home/arms/X4M300_ws/install/novelda_x4m300/share/novelda_x4m300
[0.545s] copying launch/uwblaunch.py -> /home/arms/X4M300_ws/install/novelda_x4m300/share/novelda_x4m300
[0.545s] copying launch/uwbradar_xml.launch -> /home/arms/X4M300_ws/install/novelda_x4m300/share/novelda_x4m300
[0.545s] copying launch/talker.launch -> /home/arms/X4M300_ws/install/novelda_x4m300/share/novelda_x4m300
[0.545s] creating /home/arms/X4M300_ws/install/novelda_x4m300/share/novelda_x4m300/config
[0.545s] copying config/params.yaml -> /home/arms/X4M300_ws/install/novelda_x4m300/share/novelda_x4m300/config
[0.545s] running install_egg_info
[0.546s] Copying ../../build/novelda_x4m300/novelda_x4m300.egg-info to /home/arms/X4M300_ws/install/novelda_x4m300/lib/python3.10/site-packages/novelda_x4m300-0.0.0-py3.10.egg-info
[0.546s] running install_scripts
[0.557s] Installing test script to /home/arms/X4M300_ws/install/novelda_x4m300/lib/novelda_x4m300
[0.557s] Installing uwbListener script to /home/arms/X4M300_ws/install/novelda_x4m300/lib/novelda_x4m300
[0.557s] Installing uwbTalker script to /home/arms/X4M300_ws/install/novelda_x4m300/lib/novelda_x4m300
[0.557s] writing list of installed files to '/home/arms/X4M300_ws/build/novelda_x4m300/install.log'
[0.570s] Invoked command in '/home/arms/X4M300_ws/src/novelda_x4m300' returned '0': LD_LIBRARY_PATH=/home/arms/X4M300_ws/install/custom_interfaces/lib:/home/arms/turtlebot3_ws/install/multirobot_map_merge/lib:/usr/lib/x86_64-linux-gnu/gazebo-11/plugins:/opt/ros/humble/opt/rviz_ogre_vendor/lib:/opt/ros/humble/lib/x86_64-linux-gnu:/opt/ros/humble/lib:/usr/lib/x86_64-linux-gnu/gazebo-11/plugins PYTHONPATH=/home/arms/X4M300_ws/build/novelda_x4m300/prefix_override:/usr/lib/python3/dist-packages/colcon_core/task/python/colcon_distutils_commands:/home/arms/X4M300_ws/install/novelda_x4m300/lib/python3.10/site-packages:${PYTHONPATH} /usr/bin/python3 -W ignore:setup.py install is deprecated setup.py egg_info --egg-base ../../build/novelda_x4m300 build --build-base /home/arms/X4M300_ws/build/novelda_x4m300/build install --record /home/arms/X4M300_ws/build/novelda_x4m300/install.log --single-version-externally-managed install_data
