[0.389s] Invoking command in '/home/arms/X4M300_ws/src/novelda_x4m300': LD_LIBRARY_PATH=/home/arms/X4M300_ws/install/custom_interfaces/lib:/home/arms/turtlebot3_ws/install/multirobot_map_merge/lib:/usr/lib/x86_64-linux-gnu/gazebo-11/plugins:/opt/ros/humble/opt/rviz_ogre_vendor/lib:/opt/ros/humble/lib/x86_64-linux-gnu:/opt/ros/humble/lib:/usr/lib/x86_64-linux-gnu/gazebo-11/plugins PYTHONPATH=/home/arms/X4M300_ws/build/novelda_x4m300/prefix_override:/usr/lib/python3/dist-packages/colcon_core/task/python/colcon_distutils_commands:/home/arms/X4M300_ws/install/novelda_x4m300/lib/python3.10/site-packages:${PYTHONPATH} /usr/bin/python3 -W ignore:setup.py install is deprecated setup.py egg_info --egg-base ../../build/novelda_x4m300 build --build-base /home/arms/X4M300_ws/build/novelda_x4m300/build install --record /home/arms/X4M300_ws/build/novelda_x4m300/install.log --single-version-externally-managed install_data
[0.532s] running egg_info
[0.532s] writing ../../build/novelda_x4m300/novelda_x4m300.egg-info/PKG-INFO
[0.532s] writing dependency_links to ../../build/novelda_x4m300/novelda_x4m300.egg-info/dependency_links.txt
[0.532s] writing entry points to ../../build/novelda_x4m300/novelda_x4m300.egg-info/entry_points.txt
[0.532s] writing requirements to ../../build/novelda_x4m300/novelda_x4m300.egg-info/requires.txt
[0.532s] writing top-level names to ../../build/novelda_x4m300/novelda_x4m300.egg-info/top_level.txt
[0.534s] reading manifest file '../../build/novelda_x4m300/novelda_x4m300.egg-info/SOURCES.txt'
[0.535s] writing manifest file '../../build/novelda_x4m300/novelda_x4m300.egg-info/SOURCES.txt'
[0.535s] running build
[0.535s] running build_py
[0.536s] running install
[0.536s] running install_lib
[0.536s] running install_data
[0.537s] creating /home/arms/X4M300_ws/install/novelda_x4m300/share/novelda_x4m300/novelda_x4m300
[0.537s] creating /home/arms/X4M300_ws/install/novelda_x4m300/share/novelda_x4m300/novelda_x4m300/scripts
[0.537s] creating /home/arms/X4M300_ws/install/novelda_x4m300/share/novelda_x4m300/novelda_x4m300/scripts/python35
[0.537s] creating /home/arms/X4M300_ws/install/novelda_x4m300/share/novelda_x4m300/novelda_x4m300/scripts/python35/pymoduleconnector
[0.537s] creating /home/arms/X4M300_ws/install/novelda_x4m300/share/novelda_x4m300/novelda_x4m300/scripts/python35/pymoduleconnector/moduleconnectorwrapper
[0.537s] running install_egg_info
[0.538s] removing '/home/arms/X4M300_ws/install/novelda_x4m300/lib/python3.10/site-packages/novelda_x4m300-0.0.0-py3.10.egg-info' (and everything under it)
[0.538s] Copying ../../build/novelda_x4m300/novelda_x4m300.egg-info to /home/arms/X4M300_ws/install/novelda_x4m300/lib/python3.10/site-packages/novelda_x4m300-0.0.0-py3.10.egg-info
[0.538s] running install_scripts
[0.551s] Installing test script to /home/arms/X4M300_ws/install/novelda_x4m300/lib/novelda_x4m300
[0.551s] Installing uwbListener script to /home/arms/X4M300_ws/install/novelda_x4m300/lib/novelda_x4m300
[0.551s] Installing uwbTalker script to /home/arms/X4M300_ws/install/novelda_x4m300/lib/novelda_x4m300
[0.551s] writing list of installed files to '/home/arms/X4M300_ws/build/novelda_x4m300/install.log'
[0.565s] Invoked command in '/home/arms/X4M300_ws/src/novelda_x4m300' returned '0': LD_LIBRARY_PATH=/home/arms/X4M300_ws/install/custom_interfaces/lib:/home/arms/turtlebot3_ws/install/multirobot_map_merge/lib:/usr/lib/x86_64-linux-gnu/gazebo-11/plugins:/opt/ros/humble/opt/rviz_ogre_vendor/lib:/opt/ros/humble/lib/x86_64-linux-gnu:/opt/ros/humble/lib:/usr/lib/x86_64-linux-gnu/gazebo-11/plugins PYTHONPATH=/home/arms/X4M300_ws/build/novelda_x4m300/prefix_override:/usr/lib/python3/dist-packages/colcon_core/task/python/colcon_distutils_commands:/home/arms/X4M300_ws/install/novelda_x4m300/lib/python3.10/site-packages:${PYTHONPATH} /usr/bin/python3 -W ignore:setup.py install is deprecated setup.py egg_info --egg-base ../../build/novelda_x4m300 build --build-base /home/arms/X4M300_ws/build/novelda_x4m300/build install --record /home/arms/X4M300_ws/build/novelda_x4m300/install.log --single-version-externally-managed install_data
