[0.010s] Invoking command in '/home/arms/X4M300_ws/build/custom_interfaces': CMAKE_PREFIX_PATH=${CMAKE_PREFIX_PATH}:/home/arms/X4M300_ws/install/python_parameters:/home/arms/X4M300_ws/install/novelda_x4m300:/opt/ros/humble /usr/bin/cmake /home/arms/X4M300_ws/src/custom_interfaces -DCMAKE_INSTALL_PREFIX=/home/arms/X4M300_ws/install/custom_interfaces
[0.020s] -- Found ament_cmake: 1.3.10 (/opt/ros/humble/share/ament_cmake/cmake)
[0.098s] -- Override CMake install command with custom implementation using symlinks instead of copying resources
[0.102s] -- Found ament_lint_auto: 0.12.11 (/opt/ros/humble/share/ament_lint_auto/cmake)
[0.150s] -- Found rosidl_default_generators: 1.2.0 (/opt/ros/humble/share/rosidl_default_generators/cmake)
[0.152s] -- Using all available rosidl_typesupport_c: rosidl_typesupport_fastrtps_c;rosidl_typesupport_introspection_c
[0.153s] -- Found rosidl_adapter: 3.1.5 (/opt/ros/humble/share/rosidl_adapter/cmake)
[0.173s] -- Using all available rosidl_typesupport_cpp: rosidl_typesupport_fastrtps_cpp;rosidl_typesupport_introspection_cpp
[0.332s] -- Found ament_cmake_ros: 0.10.0 (/opt/ros/humble/share/ament_cmake_ros/cmake)
[0.454s] -- Using all available rosidl_typesupport_c: rosidl_typesupport_fastrtps_c;rosidl_typesupport_introspection_c
[0.617s] -- Using all available rosidl_typesupport_cpp: rosidl_typesupport_fastrtps_cpp;rosidl_typesupport_introspection_cpp
[0.639s] -- Found python_cmake_module: 0.10.0 (/opt/ros/humble/share/python_cmake_module/cmake)
[0.654s] -- Using PYTHON_EXECUTABLE: /usr/bin/python3
[0.654s] -- Using PYTHON_INCLUDE_DIRS: /usr/include/python3.10
[0.655s] -- Using PYTHON_LIBRARIES: /usr/lib/x86_64-linux-gnu/libpython3.10.so
[0.665s] -- Added test 'lint_cmake' to check CMake code style
[0.665s] -- Added test 'xmllint' to check XML markup files
[0.667s] -- Configuring done
[0.681s] -- Generating done
[0.683s] -- Build files have been written to: /home/arms/X4M300_ws/build/custom_interfaces
[0.687s] Invoked command in '/home/arms/X4M300_ws/build/custom_interfaces' returned '0': CMAKE_PREFIX_PATH=${CMAKE_PREFIX_PATH}:/home/arms/X4M300_ws/install/python_parameters:/home/arms/X4M300_ws/install/novelda_x4m300:/opt/ros/humble /usr/bin/cmake /home/arms/X4M300_ws/src/custom_interfaces -DCMAKE_INSTALL_PREFIX=/home/arms/X4M300_ws/install/custom_interfaces
[0.689s] Invoking command in '/home/arms/X4M300_ws/build/custom_interfaces': CMAKE_PREFIX_PATH=${CMAKE_PREFIX_PATH}:/home/arms/X4M300_ws/install/python_parameters:/home/arms/X4M300_ws/install/novelda_x4m300:/opt/ros/humble /usr/bin/cmake --build /home/arms/X4M300_ws/build/custom_interfaces -- -j20 -l20
[0.721s] [35m[1mConsolidate compiler generated dependencies of target custom_interfaces__rosidl_generator_c[0m
[0.729s] [  3%] Built target custom_interfaces__cpp
[0.730s] [ 12%] Built target custom_interfaces__rosidl_generator_c
[0.736s] [ 12%] Built target ament_cmake_python_symlink_custom_interfaces
[0.736s] [35m[1mConsolidate compiler generated dependencies of target custom_interfaces__rosidl_typesupport_fastrtps_cpp[0m
[0.736s] [35m[1mConsolidate compiler generated dependencies of target custom_interfaces__rosidl_typesupport_introspection_c[0m
[0.737s] [35m[1mConsolidate compiler generated dependencies of target custom_interfaces__rosidl_typesupport_cpp[0m
[0.739s] [35m[1mConsolidate compiler generated dependencies of target custom_interfaces__rosidl_typesupport_introspection_cpp[0m
[0.739s] [35m[1mConsolidate compiler generated dependencies of target custom_interfaces__rosidl_typesupport_fastrtps_c[0m
[0.740s] [35m[1mConsolidate compiler generated dependencies of target custom_interfaces__rosidl_typesupport_c[0m
[0.744s] [ 22%] Built target custom_interfaces__rosidl_typesupport_introspection_c
[0.745s] [ 32%] Built target custom_interfaces__rosidl_typesupport_cpp
[0.745s] [ 41%] Built target custom_interfaces__rosidl_typesupport_fastrtps_cpp
[0.748s] [ 51%] Built target custom_interfaces__rosidl_typesupport_c
[0.749s] [ 61%] Built target custom_interfaces__rosidl_typesupport_fastrtps_c
[0.750s] [ 70%] Built target custom_interfaces__rosidl_typesupport_introspection_cpp
[0.767s] [ 70%] Built target custom_interfaces
[0.788s] [ 74%] Built target custom_interfaces__py
[0.800s] [35m[1mConsolidate compiler generated dependencies of target custom_interfaces__rosidl_generator_py[0m
[0.812s] [ 80%] Built target custom_interfaces__rosidl_generator_py
[0.824s] [35m[1mConsolidate compiler generated dependencies of target custom_interfaces__rosidl_typesupport_c__pyext[0m
[0.824s] [35m[1mConsolidate compiler generated dependencies of target custom_interfaces__rosidl_typesupport_introspection_c__pyext[0m
[0.825s] [35m[1mConsolidate compiler generated dependencies of target custom_interfaces__rosidl_typesupport_fastrtps_c__pyext[0m
[0.837s] [ 87%] Built target custom_interfaces__rosidl_typesupport_fastrtps_c__pyext
[0.838s] [100%] Built target custom_interfaces__rosidl_typesupport_c__pyext
[0.838s] [100%] Built target custom_interfaces__rosidl_typesupport_introspection_c__pyext
[0.925s] running egg_info
[0.925s] writing custom_interfaces.egg-info/PKG-INFO
[0.925s] writing dependency_links to custom_interfaces.egg-info/dependency_links.txt
[0.926s] writing top-level names to custom_interfaces.egg-info/top_level.txt
[0.927s] reading manifest file 'custom_interfaces.egg-info/SOURCES.txt'
[0.927s] writing manifest file 'custom_interfaces.egg-info/SOURCES.txt'
[0.945s] [100%] Built target ament_cmake_python_build_custom_interfaces_egg
[0.955s] Invoked command in '/home/arms/X4M300_ws/build/custom_interfaces' returned '0': CMAKE_PREFIX_PATH=${CMAKE_PREFIX_PATH}:/home/arms/X4M300_ws/install/python_parameters:/home/arms/X4M300_ws/install/novelda_x4m300:/opt/ros/humble /usr/bin/cmake --build /home/arms/X4M300_ws/build/custom_interfaces -- -j20 -l20
[1.008s] Invoking command in '/home/arms/X4M300_ws/build/custom_interfaces': CMAKE_PREFIX_PATH=${CMAKE_PREFIX_PATH}:/home/arms/X4M300_ws/install/python_parameters:/home/arms/X4M300_ws/install/novelda_x4m300:/opt/ros/humble /usr/bin/cmake --install /home/arms/X4M300_ws/build/custom_interfaces
[1.013s] -- Install configuration: ""
[1.014s] -- Execute custom install script
[1.014s] -- Up-to-date symlink: /home/arms/X4M300_ws/install/custom_interfaces/share/ament_index/resource_index/rosidl_interfaces/custom_interfaces
[1.014s] -- Up-to-date symlink: /home/arms/X4M300_ws/install/custom_interfaces/include/custom_interfaces/custom_interfaces/msg/detail/float_list__functions.h
[1.014s] -- Up-to-date symlink: /home/arms/X4M300_ws/install/custom_interfaces/include/custom_interfaces/custom_interfaces/msg/detail/float_list__struct.h
[1.014s] -- Up-to-date symlink: /home/arms/X4M300_ws/install/custom_interfaces/include/custom_interfaces/custom_interfaces/msg/detail/float_list__type_support.h
[1.014s] -- Up-to-date symlink: /home/arms/X4M300_ws/install/custom_interfaces/include/custom_interfaces/custom_interfaces/msg/float_list.h
[1.014s] -- Up-to-date symlink: /home/arms/X4M300_ws/install/custom_interfaces/include/custom_interfaces/custom_interfaces/msg/rosidl_generator_c__visibility_control.h
[1.014s] -- Up-to-date symlink: /home/arms/X4M300_ws/install/custom_interfaces/share/custom_interfaces/environment/library_path.sh
[1.014s] -- Up-to-date symlink: /home/arms/X4M300_ws/install/custom_interfaces/share/custom_interfaces/environment/library_path.dsv
[1.014s] -- Up-to-date symlink: /home/arms/X4M300_ws/install/custom_interfaces/include/custom_interfaces/custom_interfaces/msg/detail/float_list__rosidl_typesupport_fastrtps_c.h
[1.014s] -- Up-to-date symlink: /home/arms/X4M300_ws/install/custom_interfaces/include/custom_interfaces/custom_interfaces/msg/rosidl_typesupport_fastrtps_c__visibility_control.h
[1.015s] -- Up-to-date symlink: /home/arms/X4M300_ws/install/custom_interfaces/include/custom_interfaces/custom_interfaces/msg/detail/float_list__rosidl_typesupport_introspection_c.h
[1.015s] -- Up-to-date symlink: /home/arms/X4M300_ws/install/custom_interfaces/include/custom_interfaces/custom_interfaces/msg/rosidl_typesupport_introspection_c__visibility_control.h
[1.015s] -- Up-to-date symlink: /home/arms/X4M300_ws/install/custom_interfaces/include/custom_interfaces/custom_interfaces/msg/detail/float_list__builder.hpp
[1.015s] -- Up-to-date symlink: /home/arms/X4M300_ws/install/custom_interfaces/include/custom_interfaces/custom_interfaces/msg/detail/float_list__struct.hpp
[1.015s] -- Up-to-date symlink: /home/arms/X4M300_ws/install/custom_interfaces/include/custom_interfaces/custom_interfaces/msg/detail/float_list__traits.hpp
[1.015s] -- Up-to-date symlink: /home/arms/X4M300_ws/install/custom_interfaces/include/custom_interfaces/custom_interfaces/msg/float_list.hpp
[1.015s] -- Up-to-date symlink: /home/arms/X4M300_ws/install/custom_interfaces/include/custom_interfaces/custom_interfaces/msg/detail/float_list__rosidl_typesupport_fastrtps_cpp.hpp
[1.015s] -- Up-to-date symlink: /home/arms/X4M300_ws/install/custom_interfaces/include/custom_interfaces/custom_interfaces/msg/rosidl_typesupport_fastrtps_cpp__visibility_control.h
[1.015s] -- Up-to-date symlink: /home/arms/X4M300_ws/install/custom_interfaces/include/custom_interfaces/custom_interfaces/msg/detail/float_list__rosidl_typesupport_introspection_cpp.hpp
[1.015s] -- Up-to-date symlink: /home/arms/X4M300_ws/install/custom_interfaces/share/custom_interfaces/environment/pythonpath.sh
[1.015s] -- Up-to-date symlink: /home/arms/X4M300_ws/install/custom_interfaces/share/custom_interfaces/environment/pythonpath.dsv
[1.016s] -- Up-to-date symlink: /home/arms/X4M300_ws/install/custom_interfaces/local/lib/python3.10/dist-packages/custom_interfaces-0.0.0-py3.10.egg-info/PKG-INFO
[1.016s] -- Up-to-date symlink: /home/arms/X4M300_ws/install/custom_interfaces/local/lib/python3.10/dist-packages/custom_interfaces-0.0.0-py3.10.egg-info/SOURCES.txt
[1.016s] -- Up-to-date symlink: /home/arms/X4M300_ws/install/custom_interfaces/local/lib/python3.10/dist-packages/custom_interfaces-0.0.0-py3.10.egg-info/dependency_links.txt
[1.016s] -- Up-to-date symlink: /home/arms/X4M300_ws/install/custom_interfaces/local/lib/python3.10/dist-packages/custom_interfaces-0.0.0-py3.10.egg-info/top_level.txt
[1.016s] -- Up-to-date symlink: /home/arms/X4M300_ws/install/custom_interfaces/local/lib/python3.10/dist-packages/custom_interfaces/__init__.py
[1.016s] -- Up-to-date symlink: /home/arms/X4M300_ws/install/custom_interfaces/local/lib/python3.10/dist-packages/custom_interfaces/_custom_interfaces_s.ep.rosidl_typesupport_c.c
[1.016s] -- Up-to-date symlink: /home/arms/X4M300_ws/install/custom_interfaces/local/lib/python3.10/dist-packages/custom_interfaces/_custom_interfaces_s.ep.rosidl_typesupport_fastrtps_c.c
[1.016s] -- Up-to-date symlink: /home/arms/X4M300_ws/install/custom_interfaces/local/lib/python3.10/dist-packages/custom_interfaces/_custom_interfaces_s.ep.rosidl_typesupport_introspection_c.c
[1.016s] -- Up-to-date symlink: /home/arms/X4M300_ws/install/custom_interfaces/local/lib/python3.10/dist-packages/custom_interfaces/custom_interfaces_s__rosidl_typesupport_c.cpython-310-x86_64-linux-gnu.so
[1.016s] -- Up-to-date symlink: /home/arms/X4M300_ws/install/custom_interfaces/local/lib/python3.10/dist-packages/custom_interfaces/custom_interfaces_s__rosidl_typesupport_fastrtps_c.cpython-310-x86_64-linux-gnu.so
[1.016s] -- Up-to-date symlink: /home/arms/X4M300_ws/install/custom_interfaces/local/lib/python3.10/dist-packages/custom_interfaces/custom_interfaces_s__rosidl_typesupport_introspection_c.cpython-310-x86_64-linux-gnu.so
[1.016s] -- Up-to-date symlink: /home/arms/X4M300_ws/install/custom_interfaces/local/lib/python3.10/dist-packages/custom_interfaces/libcustom_interfaces__rosidl_generator_py.so
[1.016s] -- Up-to-date symlink: /home/arms/X4M300_ws/install/custom_interfaces/local/lib/python3.10/dist-packages/custom_interfaces/msg/__init__.py
[1.016s] -- Up-to-date symlink: /home/arms/X4M300_ws/install/custom_interfaces/local/lib/python3.10/dist-packages/custom_interfaces/msg/_float_list.py
[1.016s] -- Up-to-date symlink: /home/arms/X4M300_ws/install/custom_interfaces/local/lib/python3.10/dist-packages/custom_interfaces/msg/_float_list_s.c
[1.017s] -- Up-to-date symlink: /home/arms/X4M300_ws/install/custom_interfaces/local/lib/python3.10/dist-packages/custom_interfaces/custom_interfaces_s__rosidl_typesupport_fastrtps_c.cpython-310-x86_64-linux-gnu.so
[1.017s] -- Up-to-date symlink: /home/arms/X4M300_ws/install/custom_interfaces/local/lib/python3.10/dist-packages/custom_interfaces/custom_interfaces_s__rosidl_typesupport_introspection_c.cpython-310-x86_64-linux-gnu.so
[1.017s] -- Up-to-date symlink: /home/arms/X4M300_ws/install/custom_interfaces/local/lib/python3.10/dist-packages/custom_interfaces/custom_interfaces_s__rosidl_typesupport_c.cpython-310-x86_64-linux-gnu.so
[1.017s] -- Up-to-date symlink: /home/arms/X4M300_ws/install/custom_interfaces/share/custom_interfaces/msg/FloatList.idl
[1.017s] -- Up-to-date symlink: /home/arms/X4M300_ws/install/custom_interfaces/share/custom_interfaces/msg/FloatList.msg
[1.017s] -- Up-to-date symlink: /home/arms/X4M300_ws/install/custom_interfaces/share/ament_index/resource_index/package_run_dependencies/custom_interfaces
[1.017s] -- Up-to-date symlink: /home/arms/X4M300_ws/install/custom_interfaces/share/ament_index/resource_index/parent_prefix_path/custom_interfaces
[1.017s] -- Up-to-date symlink: /home/arms/X4M300_ws/install/custom_interfaces/share/custom_interfaces/environment/ament_prefix_path.sh
[1.017s] -- Up-to-date symlink: /home/arms/X4M300_ws/install/custom_interfaces/share/custom_interfaces/environment/ament_prefix_path.dsv
[1.017s] -- Up-to-date symlink: /home/arms/X4M300_ws/install/custom_interfaces/share/custom_interfaces/environment/path.sh
[1.017s] -- Up-to-date symlink: /home/arms/X4M300_ws/install/custom_interfaces/share/custom_interfaces/environment/path.dsv
[1.017s] -- Up-to-date symlink: /home/arms/X4M300_ws/install/custom_interfaces/share/custom_interfaces/local_setup.bash
[1.017s] -- Up-to-date symlink: /home/arms/X4M300_ws/install/custom_interfaces/share/custom_interfaces/local_setup.sh
[1.017s] -- Up-to-date symlink: /home/arms/X4M300_ws/install/custom_interfaces/share/custom_interfaces/local_setup.zsh
[1.017s] -- Up-to-date symlink: /home/arms/X4M300_ws/install/custom_interfaces/share/custom_interfaces/local_setup.dsv
[1.018s] -- Symlinking: /home/arms/X4M300_ws/install/custom_interfaces/share/custom_interfaces/package.dsv
[1.024s] -- Up-to-date symlink: /home/arms/X4M300_ws/install/custom_interfaces/share/ament_index/resource_index/packages/custom_interfaces
[1.025s] -- Up-to-date symlink: /home/arms/X4M300_ws/install/custom_interfaces/share/custom_interfaces/cmake/rosidl_cmake-extras.cmake
[1.025s] -- Up-to-date symlink: /home/arms/X4M300_ws/install/custom_interfaces/share/custom_interfaces/cmake/ament_cmake_export_include_directories-extras.cmake
[1.025s] -- Up-to-date symlink: /home/arms/X4M300_ws/install/custom_interfaces/share/custom_interfaces/cmake/ament_cmake_export_libraries-extras.cmake
[1.025s] -- Up-to-date symlink: /home/arms/X4M300_ws/install/custom_interfaces/share/custom_interfaces/cmake/ament_cmake_export_targets-extras.cmake
[1.025s] -- Up-to-date symlink: /home/arms/X4M300_ws/install/custom_interfaces/share/custom_interfaces/cmake/rosidl_cmake_export_typesupport_targets-extras.cmake
[1.025s] -- Up-to-date symlink: /home/arms/X4M300_ws/install/custom_interfaces/share/custom_interfaces/cmake/ament_cmake_export_dependencies-extras.cmake
[1.025s] -- Up-to-date symlink: /home/arms/X4M300_ws/install/custom_interfaces/share/custom_interfaces/cmake/rosidl_cmake_export_typesupport_libraries-extras.cmake
[1.025s] -- Up-to-date symlink: /home/arms/X4M300_ws/install/custom_interfaces/share/custom_interfaces/cmake/custom_interfacesConfig.cmake
[1.025s] -- Up-to-date symlink: /home/arms/X4M300_ws/install/custom_interfaces/share/custom_interfaces/cmake/custom_interfacesConfig-version.cmake
[1.025s] -- Up-to-date symlink: /home/arms/X4M300_ws/install/custom_interfaces/share/custom_interfaces/package.xml
[1.025s] -- Up-to-date: /home/arms/X4M300_ws/install/custom_interfaces/lib/libcustom_interfaces__rosidl_generator_c.so
[1.025s] -- Up-to-date: /home/arms/X4M300_ws/install/custom_interfaces/lib/libcustom_interfaces__rosidl_typesupport_fastrtps_c.so
[1.025s] -- Up-to-date: /home/arms/X4M300_ws/install/custom_interfaces/lib/libcustom_interfaces__rosidl_typesupport_introspection_c.so
[1.025s] -- Up-to-date: /home/arms/X4M300_ws/install/custom_interfaces/lib/libcustom_interfaces__rosidl_typesupport_c.so
[1.026s] -- Up-to-date: /home/arms/X4M300_ws/install/custom_interfaces/lib/libcustom_interfaces__rosidl_typesupport_fastrtps_cpp.so
[1.026s] -- Up-to-date: /home/arms/X4M300_ws/install/custom_interfaces/lib/libcustom_interfaces__rosidl_typesupport_introspection_cpp.so
[1.026s] -- Up-to-date: /home/arms/X4M300_ws/install/custom_interfaces/lib/libcustom_interfaces__rosidl_typesupport_cpp.so
[1.046s] Listing '/home/arms/X4M300_ws/install/custom_interfaces/local/lib/python3.10/dist-packages/custom_interfaces'...
[1.046s] Compiling '/home/arms/X4M300_ws/install/custom_interfaces/local/lib/python3.10/dist-packages/custom_interfaces/__init__.py'...
[1.046s] Listing '/home/arms/X4M300_ws/install/custom_interfaces/local/lib/python3.10/dist-packages/custom_interfaces/msg'...
[1.049s] -- Up-to-date: /home/arms/X4M300_ws/install/custom_interfaces/lib/libcustom_interfaces__rosidl_generator_py.so
[1.049s] -- Up-to-date: /home/arms/X4M300_ws/install/custom_interfaces/share/custom_interfaces/cmake/export_custom_interfaces__rosidl_generator_cExport.cmake
[1.049s] -- Up-to-date: /home/arms/X4M300_ws/install/custom_interfaces/share/custom_interfaces/cmake/export_custom_interfaces__rosidl_generator_cExport-noconfig.cmake
[1.049s] -- Up-to-date: /home/arms/X4M300_ws/install/custom_interfaces/share/custom_interfaces/cmake/export_custom_interfaces__rosidl_typesupport_fastrtps_cExport.cmake
[1.049s] -- Up-to-date: /home/arms/X4M300_ws/install/custom_interfaces/share/custom_interfaces/cmake/export_custom_interfaces__rosidl_typesupport_fastrtps_cExport-noconfig.cmake
[1.049s] -- Up-to-date: /home/arms/X4M300_ws/install/custom_interfaces/share/custom_interfaces/cmake/custom_interfaces__rosidl_typesupport_introspection_cExport.cmake
[1.049s] -- Up-to-date: /home/arms/X4M300_ws/install/custom_interfaces/share/custom_interfaces/cmake/custom_interfaces__rosidl_typesupport_introspection_cExport-noconfig.cmake
[1.049s] -- Up-to-date: /home/arms/X4M300_ws/install/custom_interfaces/share/custom_interfaces/cmake/custom_interfaces__rosidl_typesupport_cExport.cmake
[1.049s] -- Up-to-date: /home/arms/X4M300_ws/install/custom_interfaces/share/custom_interfaces/cmake/custom_interfaces__rosidl_typesupport_cExport-noconfig.cmake
[1.049s] -- Up-to-date: /home/arms/X4M300_ws/install/custom_interfaces/share/custom_interfaces/cmake/export_custom_interfaces__rosidl_generator_cppExport.cmake
[1.049s] -- Up-to-date: /home/arms/X4M300_ws/install/custom_interfaces/share/custom_interfaces/cmake/export_custom_interfaces__rosidl_typesupport_fastrtps_cppExport.cmake
[1.049s] -- Up-to-date: /home/arms/X4M300_ws/install/custom_interfaces/share/custom_interfaces/cmake/export_custom_interfaces__rosidl_typesupport_fastrtps_cppExport-noconfig.cmake
[1.049s] -- Up-to-date: /home/arms/X4M300_ws/install/custom_interfaces/share/custom_interfaces/cmake/custom_interfaces__rosidl_typesupport_introspection_cppExport.cmake
[1.049s] -- Up-to-date: /home/arms/X4M300_ws/install/custom_interfaces/share/custom_interfaces/cmake/custom_interfaces__rosidl_typesupport_introspection_cppExport-noconfig.cmake
[1.049s] -- Up-to-date: /home/arms/X4M300_ws/install/custom_interfaces/share/custom_interfaces/cmake/custom_interfaces__rosidl_typesupport_cppExport.cmake
[1.049s] -- Up-to-date: /home/arms/X4M300_ws/install/custom_interfaces/share/custom_interfaces/cmake/custom_interfaces__rosidl_typesupport_cppExport-noconfig.cmake
[1.049s] -- Up-to-date: /home/arms/X4M300_ws/install/custom_interfaces/share/custom_interfaces/cmake/export_custom_interfaces__rosidl_generator_pyExport.cmake
[1.049s] -- Up-to-date: /home/arms/X4M300_ws/install/custom_interfaces/share/custom_interfaces/cmake/export_custom_interfaces__rosidl_generator_pyExport-noconfig.cmake
[1.051s] Invoked command in '/home/arms/X4M300_ws/build/custom_interfaces' returned '0': CMAKE_PREFIX_PATH=${CMAKE_PREFIX_PATH}:/home/arms/X4M300_ws/install/python_parameters:/home/arms/X4M300_ws/install/novelda_x4m300:/opt/ros/humble /usr/bin/cmake --install /home/arms/X4M300_ws/build/custom_interfaces
