/home/arms/X4M300_ws/install/novelda_x4m300/lib/python3.10/site-packages/novelda_x4m300/__init__.py
/home/arms/X4M300_ws/install/novelda_x4m300/lib/python3.10/site-packages/novelda_x4m300/scripts/plotUWB.py
/home/arms/X4M300_ws/install/novelda_x4m300/lib/python3.10/site-packages/novelda_x4m300/scripts/__init__.py
/home/arms/X4M300_ws/install/novelda_x4m300/lib/python3.10/site-packages/novelda_x4m300/scripts/publisher.py
/home/arms/X4M300_ws/install/novelda_x4m300/lib/python3.10/site-packages/novelda_x4m300/scripts/readUWB.py
/home/arms/X4M300_ws/install/novelda_x4m300/lib/python3.10/site-packages/novelda_x4m300/scripts/python35/__init__.py
/home/arms/X4M300_ws/install/novelda_x4m300/lib/python3.10/site-packages/novelda_x4m300/scripts/python35/setup.py
/home/arms/X4M300_ws/install/novelda_x4m300/lib/python3.10/site-packages/novelda_x4m300/scripts/python35/pymoduleconnector/version.py
/home/arms/X4M300_ws/install/novelda_x4m300/lib/python3.10/site-packages/novelda_x4m300/scripts/python35/pymoduleconnector/moduleconnector.py
/home/arms/X4M300_ws/install/novelda_x4m300/lib/python3.10/site-packages/novelda_x4m300/scripts/python35/pymoduleconnector/__init__.py
/home/arms/X4M300_ws/install/novelda_x4m300/lib/python3.10/site-packages/novelda_x4m300/scripts/python35/pymoduleconnector/ids.py
/home/arms/X4M300_ws/install/novelda_x4m300/lib/python3.10/site-packages/novelda_x4m300/scripts/python35/pymoduleconnector/rawreadings.py
/home/arms/X4M300_ws/install/novelda_x4m300/lib/python3.10/site-packages/novelda_x4m300/scripts/python35/pymoduleconnector/moduleconnectorwrapper/__init__.py
/home/arms/X4M300_ws/install/novelda_x4m300/lib/python3.10/site-packages/novelda_x4m300/scripts/python35/pymoduleconnector/doc/__init__.py
/home/arms/X4M300_ws/install/novelda_x4m300/lib/python3.10/site-packages/novelda_x4m300/__pycache__/__init__.cpython-310.pyc
/home/arms/X4M300_ws/install/novelda_x4m300/lib/python3.10/site-packages/novelda_x4m300/scripts/__pycache__/plotUWB.cpython-310.pyc
/home/arms/X4M300_ws/install/novelda_x4m300/lib/python3.10/site-packages/novelda_x4m300/scripts/__pycache__/__init__.cpython-310.pyc
/home/arms/X4M300_ws/install/novelda_x4m300/lib/python3.10/site-packages/novelda_x4m300/scripts/__pycache__/publisher.cpython-310.pyc
/home/arms/X4M300_ws/install/novelda_x4m300/lib/python3.10/site-packages/novelda_x4m300/scripts/__pycache__/readUWB.cpython-310.pyc
/home/arms/X4M300_ws/install/novelda_x4m300/lib/python3.10/site-packages/novelda_x4m300/scripts/python35/__pycache__/__init__.cpython-310.pyc
/home/arms/X4M300_ws/install/novelda_x4m300/lib/python3.10/site-packages/novelda_x4m300/scripts/python35/__pycache__/setup.cpython-310.pyc
/home/arms/X4M300_ws/install/novelda_x4m300/lib/python3.10/site-packages/novelda_x4m300/scripts/python35/pymoduleconnector/__pycache__/version.cpython-310.pyc
/home/arms/X4M300_ws/install/novelda_x4m300/lib/python3.10/site-packages/novelda_x4m300/scripts/python35/pymoduleconnector/__pycache__/moduleconnector.cpython-310.pyc
/home/arms/X4M300_ws/install/novelda_x4m300/lib/python3.10/site-packages/novelda_x4m300/scripts/python35/pymoduleconnector/__pycache__/__init__.cpython-310.pyc
/home/arms/X4M300_ws/install/novelda_x4m300/lib/python3.10/site-packages/novelda_x4m300/scripts/python35/pymoduleconnector/__pycache__/ids.cpython-310.pyc
/home/arms/X4M300_ws/install/novelda_x4m300/lib/python3.10/site-packages/novelda_x4m300/scripts/python35/pymoduleconnector/__pycache__/rawreadings.cpython-310.pyc
/home/arms/X4M300_ws/install/novelda_x4m300/lib/python3.10/site-packages/novelda_x4m300/scripts/python35/pymoduleconnector/moduleconnectorwrapper/__pycache__/__init__.cpython-310.pyc
/home/arms/X4M300_ws/install/novelda_x4m300/lib/python3.10/site-packages/novelda_x4m300/scripts/python35/pymoduleconnector/doc/__pycache__/__init__.cpython-310.pyc
/home/arms/X4M300_ws/install/novelda_x4m300/share/ament_index/resource_index/packages/novelda_x4m300
/home/arms/X4M300_ws/install/novelda_x4m300/share/novelda_x4m300/package.xml
/home/arms/X4M300_ws/install/novelda_x4m300/share/novelda_x4m300/uwb_3_launch.py
/home/arms/X4M300_ws/install/novelda_x4m300/share/novelda_x4m300/uwb_0_launch.py
/home/arms/X4M300_ws/install/novelda_x4m300/share/novelda_x4m300/uwb_4_launch.py
/home/arms/X4M300_ws/install/novelda_x4m300/share/novelda_x4m300/uwb_1_launch.py
/home/arms/X4M300_ws/install/novelda_x4m300/share/novelda_x4m300/uwb_2_launch.py
/home/arms/X4M300_ws/install/novelda_x4m300/share/novelda_x4m300/uwb_plot_launch.py
/home/arms/X4M300_ws/install/novelda_x4m300/share/novelda_x4m300/uwblaunch.py
/home/arms/X4M300_ws/install/novelda_x4m300/share/novelda_x4m300/uwbradar_xml.launch
/home/arms/X4M300_ws/install/novelda_x4m300/share/novelda_x4m300/talker.launch
/home/arms/X4M300_ws/install/novelda_x4m300/share/novelda_x4m300/config/params.yaml
/home/arms/X4M300_ws/install/novelda_x4m300/lib/python3.10/site-packages/novelda_x4m300/scripts/python35/pymoduleconnector/moduleconnectorwrapper/_moduleconnectorwrapper.so
/home/arms/X4M300_ws/install/novelda_x4m300/lib/python3.10/site-packages/novelda_x4m300-0.0.0-py3.10.egg-info/zip-safe
/home/arms/X4M300_ws/install/novelda_x4m300/lib/python3.10/site-packages/novelda_x4m300-0.0.0-py3.10.egg-info/dependency_links.txt
/home/arms/X4M300_ws/install/novelda_x4m300/lib/python3.10/site-packages/novelda_x4m300-0.0.0-py3.10.egg-info/SOURCES.txt
/home/arms/X4M300_ws/install/novelda_x4m300/lib/python3.10/site-packages/novelda_x4m300-0.0.0-py3.10.egg-info/top_level.txt
/home/arms/X4M300_ws/install/novelda_x4m300/lib/python3.10/site-packages/novelda_x4m300-0.0.0-py3.10.egg-info/PKG-INFO
/home/arms/X4M300_ws/install/novelda_x4m300/lib/python3.10/site-packages/novelda_x4m300-0.0.0-py3.10.egg-info/requires.txt
/home/arms/X4M300_ws/install/novelda_x4m300/lib/python3.10/site-packages/novelda_x4m300-0.0.0-py3.10.egg-info/entry_points.txt
/home/arms/X4M300_ws/install/novelda_x4m300/lib/novelda_x4m300/test
/home/arms/X4M300_ws/install/novelda_x4m300/lib/novelda_x4m300/uwbListener
/home/arms/X4M300_ws/install/novelda_x4m300/lib/novelda_x4m300/uwbTalker
